2024-11-23 15:55:53.718 [ERRO] {008544c9d4890a186a05634d830c2eef} [ 35 ms] [default] [] [rows:0  ] SHOW TABLES
Error: Error 1049 (42000): Unknown database 'dev' 
Stack:
1.  gf-chat/internal/trait.Curd[...].First
    /Users/zhoujianwei/code/chat/go-chat-service/internal/trait/curd.go:55
2.  gf-chat/internal/logic/admin.(*sAdmin).Login
    /Users/zhoujianwei/code/chat/go-chat-service/internal/logic/admin/admin.go:35
3.  gf-chat/internal/controller/backend.(*cUser).Login
    /Users/zhoujianwei/code/chat/go-chat-service/internal/controller/backend/user.go:69
4.  gf-chat/internal/controller/middleware.HandlerResponse
    /Users/zhoujianwei/code/chat/go-chat-service/internal/controller/middleware/response.go:21
5.  gf-chat/internal/controller/middleware.Cors
    /Users/zhoujianwei/code/chat/go-chat-service/internal/controller/middleware/cors.go:9

2024-11-23 15:55:53.777 [ERRO] {008544c9d4890a186a05634d830c2eef} [ 57 ms] [default] [] [rows:0  ] SHOW FULL COLUMNS FROM `customer_admins`
Error: Error 1049 (42000): Unknown database 'dev' 
Stack:
1.  gf-chat/internal/trait.Curd[...].First
    /Users/zhoujianwei/code/chat/go-chat-service/internal/trait/curd.go:55
2.  gf-chat/internal/logic/admin.(*sAdmin).Login
    /Users/zhoujianwei/code/chat/go-chat-service/internal/logic/admin/admin.go:35
3.  gf-chat/internal/controller/backend.(*cUser).Login
    /Users/zhoujianwei/code/chat/go-chat-service/internal/controller/backend/user.go:69
4.  gf-chat/internal/controller/middleware.HandlerResponse
    /Users/zhoujianwei/code/chat/go-chat-service/internal/controller/middleware/response.go:21
5.  gf-chat/internal/controller/middleware.Cors
    /Users/zhoujianwei/code/chat/go-chat-service/internal/controller/middleware/cors.go:9

2024-11-23 15:55:53.809 [ERRO] {008544c9d4890a186a05634d830c2eef} [ 30 ms] [default] [] [rows:0  ] SHOW FULL COLUMNS FROM `customer_admins`
Error: Error 1049 (42000): Unknown database 'dev' 
Stack:
1.  gf-chat/internal/trait.Curd[...].First
    /Users/zhoujianwei/code/chat/go-chat-service/internal/trait/curd.go:55
2.  gf-chat/internal/logic/admin.(*sAdmin).Login
    /Users/zhoujianwei/code/chat/go-chat-service/internal/logic/admin/admin.go:35
3.  gf-chat/internal/controller/backend.(*cUser).Login
    /Users/zhoujianwei/code/chat/go-chat-service/internal/controller/backend/user.go:69
4.  gf-chat/internal/controller/middleware.HandlerResponse
    /Users/zhoujianwei/code/chat/go-chat-service/internal/controller/middleware/response.go:21
5.  gf-chat/internal/controller/middleware.Cors
    /Users/zhoujianwei/code/chat/go-chat-service/internal/controller/middleware/cors.go:9

2024-11-23 15:55:53.832 [ERRO] {008544c9d4890a186a05634d830c2eef} [ 23 ms] [default] [] [rows:0  ] SHOW FULL COLUMNS FROM `customer_admins`
Error: Error 1049 (42000): Unknown database 'dev' 
Stack:
1.  gf-chat/internal/trait.Curd[...].First
    /Users/zhoujianwei/code/chat/go-chat-service/internal/trait/curd.go:55
2.  gf-chat/internal/logic/admin.(*sAdmin).Login
    /Users/zhoujianwei/code/chat/go-chat-service/internal/logic/admin/admin.go:35
3.  gf-chat/internal/controller/backend.(*cUser).Login
    /Users/zhoujianwei/code/chat/go-chat-service/internal/controller/backend/user.go:69
4.  gf-chat/internal/controller/middleware.HandlerResponse
    /Users/zhoujianwei/code/chat/go-chat-service/internal/controller/middleware/response.go:21
5.  gf-chat/internal/controller/middleware.Cors
    /Users/zhoujianwei/code/chat/go-chat-service/internal/controller/middleware/cors.go:9

2024-11-23 15:55:53.868 [ERRO] {008544c9d4890a186a05634d830c2eef} [ 33 ms] [default] [] [rows:0  ] SELECT `id`,`customer_id`,`username`,`password`,`created_at`,`updated_at`,`deleted_at`,`Setting` FROM `customer_admins` LIMIT 1
Error: Error 1049 (42000): Unknown database 'dev' 
Stack:
1.  gf-chat/internal/trait.Curd[...].First
    /Users/zhoujianwei/code/chat/go-chat-service/internal/trait/curd.go:55
2.  gf-chat/internal/logic/admin.(*sAdmin).Login
    /Users/zhoujianwei/code/chat/go-chat-service/internal/logic/admin/admin.go:35
3.  gf-chat/internal/controller/backend.(*cUser).Login
    /Users/zhoujianwei/code/chat/go-chat-service/internal/controller/backend/user.go:69
4.  gf-chat/internal/controller/middleware.HandlerResponse
    /Users/zhoujianwei/code/chat/go-chat-service/internal/controller/middleware/response.go:21
5.  gf-chat/internal/controller/middleware.Cors
    /Users/zhoujianwei/code/chat/go-chat-service/internal/controller/middleware/cors.go:9

2024-11-23 15:56:34.739 [DEBU] {d0673256de890a1837af454707582265} [ 39 ms] [default] [] [rows:12 ] SHOW TABLES
2024-11-23 15:56:34.748 [DEBU] {d0673256de890a1837af454707582265} [  8 ms] [default] [] [rows:7  ] SHOW FULL COLUMNS FROM `customer_admins`
2024-11-23 15:56:34.765 [DEBU] {d0673256de890a1837af454707582265} [ 16 ms] [default] [] [rows:1  ] SELECT `id`,`customer_id`,`username`,`password`,`created_at`,`updated_at`,`deleted_at` FROM `customer_admins` WHERE (`username`='admin') AND `deleted_at` IS NULL LIMIT 1
2024-11-23 15:56:34.879 [DEBU] {30cae35fde890a183aaf454706b5345f} [ 17 ms] [default] [] [rows:1  ] SELECT `id`,`customer_id`,`username`,`password`,`created_at`,`updated_at`,`deleted_at` FROM `customer_admins` WHERE (`id`=1) AND `deleted_at` IS NULL LIMIT 1
2024-11-23 15:56:39.373 [DEBU] {28e6b86bdf890a183daf4547339d3c8f} [ 18 ms] [default] [] [rows:1  ] SELECT `id`,`customer_id`,`username`,`password`,`created_at`,`updated_at`,`deleted_at` FROM `customer_admins` WHERE (`id`=1) AND `deleted_at` IS NULL LIMIT 1
2024-11-23 15:56:39.383 [DEBU] {28e6b86bdf890a183daf4547339d3c8f} [  9 ms] [default] [] [rows:8  ] SHOW FULL COLUMNS FROM `customer_chat_auto_messages`
2024-11-23 15:56:39.399 [DEBU] {28e6b86bdf890a183daf4547339d3c8f} [ 16 ms] [default] [] [rows:1  ] SELECT COUNT(1) FROM `customer_chat_auto_messages` WHERE (`customer_id`=1) AND `deleted_at` IS NULL
2024-11-23 15:56:39.425 [DEBU] {28e6b86bdf890a183daf4547339d3c8f} [ 26 ms] [default] [] [rows:2  ] SELECT `id`,`name`,`type`,`content`,`customer_id`,`created_at`,`updated_at`,`deleted_at` FROM `customer_chat_auto_messages` WHERE (`customer_id`=1) AND `deleted_at` IS NULL LIMIT 0,20
2024-11-23 15:56:39.434 [DEBU] {28e6b86bdf890a183daf4547339d3c8f} [  8 ms] [default] [] [rows:11 ] SHOW FULL COLUMNS FROM `customer_chat_files`
2024-11-23 15:56:39.451 [DEBU] {28e6b86bdf890a183daf4547339d3c8f} [ 16 ms] [default] [] [rows:1  ] SELECT `id`,`customer_id`,`disk`,`path`,`name`,`from_model`,`from_id`,`type`,`created_at`,`updated_at`,`deleted_at` FROM `customer_chat_files` WHERE (`id` IN(0,'20')) AND `deleted_at` IS NULL
2024-11-23 15:56:39.872 [DEBU] {086f7389df890a1846af4547ec38422f} [ 18 ms] [default] [] [rows:1  ] SELECT `id`,`customer_id`,`username`,`password`,`created_at`,`updated_at`,`deleted_at` FROM `customer_admins` WHERE (`id`=1) AND `deleted_at` IS NULL LIMIT 1
2024-11-23 15:56:39.921 [DEBU] {3068688cdf890a1849af45477f51b387} [ 18 ms] [default] [] [rows:1  ] SELECT `id`,`customer_id`,`username`,`password`,`created_at`,`updated_at`,`deleted_at` FROM `customer_admins` WHERE (`id`=1) AND `deleted_at` IS NULL LIMIT 1
2024-11-23 15:56:39.930 [DEBU] {3068688cdf890a1849af45477f51b387} [  8 ms] [default] [] [rows:14 ] SHOW FULL COLUMNS FROM `customer_chat_auto_rules`
2024-11-23 15:56:39.948 [DEBU] {3068688cdf890a1849af45477f51b387} [ 18 ms] [default] [] [rows:1  ] SELECT COUNT(1) FROM `customer_chat_auto_rules` WHERE (`customer_id`=1 AND `is_system`=0) AND `deleted_at` IS NULL
2024-11-23 15:56:39.957 [DEBU] {3068688cdf890a1849af45477f51b387} [  8 ms] [default] [] [rows:0  ] SELECT `id`,`name`,`type`,`content`,`customer_id`,`created_at`,`updated_at`,`deleted_at` FROM `customer_chat_auto_messages` WHERE (0=1) AND `deleted_at` IS NULL
2024-11-23 15:56:40.524 [DEBU] {b04870b0df890a184faf45473cc17d52} [ 16 ms] [default] [] [rows:1  ] SELECT `id`,`customer_id`,`username`,`password`,`created_at`,`updated_at`,`deleted_at` FROM `customer_admins` WHERE (`id`=1) AND `deleted_at` IS NULL LIMIT 1
2024-11-23 15:56:40.541 [DEBU] {b04870b0df890a184faf45473cc17d52} [ 17 ms] [default] [] [rows:2  ] SELECT `id`,`customer_id`,`name`,`match`,`match_type`,`reply_type`,`message_id`,`is_system`,`sort`,`is_open`,`count`,`created_at`,`updated_at`,`deleted_at` FROM `customer_chat_auto_rules` WHERE (`customer_id`=1 AND `is_system`=1) AND `deleted_at` IS NULL
2024-11-23 15:56:40.794 [DEBU] {403d6eb0df890a184daf4547fa15bcd2} [286 ms] [default] [] [rows:1  ] SELECT `id`,`customer_id`,`username`,`password`,`created_at`,`updated_at`,`deleted_at` FROM `customer_admins` WHERE (`id`=1) AND `deleted_at` IS NULL LIMIT 1
2024-11-23 15:56:40.811 [DEBU] {403d6eb0df890a184daf4547fa15bcd2} [ 15 ms] [default] [] [rows:2  ] SELECT `id`,`name`,`type`,`content`,`customer_id`,`created_at`,`updated_at`,`deleted_at` FROM `customer_chat_auto_messages` WHERE (`customer_id`=1) AND `deleted_at` IS NULL
2024-11-23 15:56:40.910 [DEBU] {88067dc7df890a1852af4547f3d30e8a} [ 15 ms] [default] [] [rows:1  ] SELECT `id`,`customer_id`,`username`,`password`,`created_at`,`updated_at`,`deleted_at` FROM `customer_admins` WHERE (`id`=1) AND `deleted_at` IS NULL LIMIT 1
2024-11-23 15:56:40.927 [DEBU] {88067dc7df890a1852af4547f3d30e8a} [ 17 ms] [default] [] [rows:1  ] SELECT COUNT(1) FROM `customer_chat_auto_rules` WHERE (`customer_id`=1 AND `is_system`=0) AND `deleted_at` IS NULL
2024-11-23 15:56:40.936 [DEBU] {88067dc7df890a1852af4547f3d30e8a} [  9 ms] [default] [] [rows:0  ] SELECT `id`,`name`,`type`,`content`,`customer_id`,`created_at`,`updated_at`,`deleted_at` FROM `customer_chat_auto_messages` WHERE (0=1) AND `deleted_at` IS NULL
2024-11-23 15:56:41.207 [DEBU] {b8f4e8d8df890a1855af45472e1e703e} [ 20 ms] [default] [] [rows:1  ] SELECT `id`,`customer_id`,`username`,`password`,`created_at`,`updated_at`,`deleted_at` FROM `customer_admins` WHERE (`id`=1) AND `deleted_at` IS NULL LIMIT 1
2024-11-23 15:56:41.223 [DEBU] {b8f4e8d8df890a1855af45472e1e703e} [ 15 ms] [default] [] [rows:1  ] SELECT COUNT(1) FROM `customer_chat_auto_messages` WHERE (`customer_id`=1) AND `deleted_at` IS NULL
2024-11-23 15:56:41.239 [DEBU] {b8f4e8d8df890a1855af45472e1e703e} [ 16 ms] [default] [] [rows:2  ] SELECT `id`,`name`,`type`,`content`,`customer_id`,`created_at`,`updated_at`,`deleted_at` FROM `customer_chat_auto_messages` WHERE (`customer_id`=1) AND `deleted_at` IS NULL LIMIT 0,20
2024-11-23 15:56:41.255 [DEBU] {b8f4e8d8df890a1855af45472e1e703e} [ 15 ms] [default] [] [rows:1  ] SELECT `id`,`customer_id`,`disk`,`path`,`name`,`from_model`,`from_id`,`type`,`created_at`,`updated_at`,`deleted_at` FROM `customer_chat_files` WHERE (`id` IN(0,'20')) AND `deleted_at` IS NULL
2024-11-23 15:56:42.683 [DEBU] {18cbfa30e0890a185eaf4547fce900b7} [ 18 ms] [default] [] [rows:1  ] SELECT `id`,`customer_id`,`username`,`password`,`created_at`,`updated_at`,`deleted_at` FROM `customer_admins` WHERE (`id`=1) AND `deleted_at` IS NULL LIMIT 1
2024-11-23 15:56:42.722 [DEBU] {f8f36c33e0890a1861af4547bbd75b02} [ 16 ms] [default] [] [rows:1  ] SELECT `id`,`customer_id`,`username`,`password`,`created_at`,`updated_at`,`deleted_at` FROM `customer_admins` WHERE (`id`=1) AND `deleted_at` IS NULL LIMIT 1
2024-11-23 15:56:42.739 [DEBU] {f8f36c33e0890a1861af4547bbd75b02} [ 17 ms] [default] [] [rows:1  ] SELECT COUNT(1) FROM `customer_chat_auto_rules` WHERE (`customer_id`=1 AND `is_system`=0) AND `deleted_at` IS NULL
2024-11-23 15:56:42.748 [DEBU] {f8f36c33e0890a1861af4547bbd75b02} [  9 ms] [default] [] [rows:0  ] SELECT `id`,`name`,`type`,`content`,`customer_id`,`created_at`,`updated_at`,`deleted_at` FROM `customer_chat_auto_messages` WHERE (0=1) AND `deleted_at` IS NULL
2024-11-23 15:56:43.375 [DEBU] {c057605ae0890a1864af4547fba11372} [ 16 ms] [default] [] [rows:1  ] SELECT `id`,`customer_id`,`username`,`password`,`created_at`,`updated_at`,`deleted_at` FROM `customer_admins` WHERE (`id`=1) AND `deleted_at` IS NULL LIMIT 1
2024-11-23 15:56:43.392 [DEBU] {c057605ae0890a1864af4547fba11372} [ 16 ms] [default] [] [rows:1  ] SELECT COUNT(1) FROM `customer_chat_auto_messages` WHERE (`customer_id`=1) AND `deleted_at` IS NULL
2024-11-23 15:56:43.408 [DEBU] {c057605ae0890a1864af4547fba11372} [ 16 ms] [default] [] [rows:2  ] SELECT `id`,`name`,`type`,`content`,`customer_id`,`created_at`,`updated_at`,`deleted_at` FROM `customer_chat_auto_messages` WHERE (`customer_id`=1) AND `deleted_at` IS NULL LIMIT 0,20
2024-11-23 15:56:43.425 [DEBU] {c057605ae0890a1864af4547fba11372} [ 17 ms] [default] [] [rows:1  ] SELECT `id`,`customer_id`,`disk`,`path`,`name`,`from_model`,`from_id`,`type`,`created_at`,`updated_at`,`deleted_at` FROM `customer_chat_files` WHERE (`id` IN(0,'20')) AND `deleted_at` IS NULL
2024-11-23 15:56:46.161 [DEBU] {00596900e1890a186daf454747a280fc} [ 16 ms] [default] [] [rows:1  ] SELECT `id`,`customer_id`,`username`,`password`,`created_at`,`updated_at`,`deleted_at` FROM `customer_admins` WHERE (`id`=1) AND `deleted_at` IS NULL LIMIT 1
2024-11-23 15:56:46.224 [DEBU] {00596900e1890a186daf454747a280fc} [ 62 ms] [default] [] [rows:10 ] SHOW FULL COLUMNS FROM `customer_chat_sessions`
2024-11-23 15:56:46.242 [DEBU] {00596900e1890a186daf454747a280fc} [ 18 ms] [default] [] [rows:1  ] SELECT COUNT(1) FROM `customer_chat_sessions` WHERE `customer_id`=1
2024-11-23 15:56:46.611 [DEBU] {7860011be1890a1870af4547e80b0e54} [ 20 ms] [default] [] [rows:1  ] SELECT `id`,`customer_id`,`username`,`password`,`created_at`,`updated_at`,`deleted_at` FROM `customer_admins` WHERE (`id`=1) AND `deleted_at` IS NULL LIMIT 1
2024-11-23 15:56:46.620 [DEBU] {7860011be1890a1870af4547e80b0e54} [  8 ms] [default] [] [rows:12 ] SHOW FULL COLUMNS FROM `customer_chat_transfers`
2024-11-23 15:56:46.636 [DEBU] {7860011be1890a1870af4547e80b0e54} [ 15 ms] [default] [] [rows:1  ] SELECT COUNT(1) FROM `customer_chat_transfers` WHERE `customer_id`=1
2024-11-23 15:56:46.920 [DEBU] {705aac2de1890a1873af4547f93a97a8} [ 16 ms] [default] [] [rows:1  ] SELECT `id`,`customer_id`,`username`,`password`,`created_at`,`updated_at`,`deleted_at` FROM `customer_admins` WHERE (`id`=1) AND `deleted_at` IS NULL LIMIT 1
2024-11-23 15:56:46.929 [DEBU] {705aac2de1890a1873af4547f93a97a8} [  8 ms] [default] [] [rows:10 ] SHOW FULL COLUMNS FROM `customer_chat_settings`
2024-11-23 15:56:46.946 [DEBU] {705aac2de1890a1873af4547f93a97a8} [ 17 ms] [default] [] [rows:5  ] SELECT `id`,`name`,`title`,`customer_id`,`value`,`options`,`type`,`description`,`created_at`,`updated_at` FROM `customer_chat_settings` WHERE `customer_id`=1
2024-11-23 15:56:47.595 [DEBU] {a8c6da55e1890a1876af454704573c3c} [ 17 ms] [default] [] [rows:1  ] SELECT `id`,`customer_id`,`username`,`password`,`created_at`,`updated_at`,`deleted_at` FROM `customer_admins` WHERE (`id`=1) AND `deleted_at` IS NULL LIMIT 1
2024-11-23 15:56:47.610 [DEBU] {a8c6da55e1890a1876af454704573c3c} [ 15 ms] [default] [] [rows:1  ] SELECT COUNT(1) FROM `customer_chat_auto_messages` WHERE (`customer_id`=1) AND `deleted_at` IS NULL
2024-11-23 15:56:47.627 [DEBU] {a8c6da55e1890a1876af454704573c3c} [ 17 ms] [default] [] [rows:2  ] SELECT `id`,`name`,`type`,`content`,`customer_id`,`created_at`,`updated_at`,`deleted_at` FROM `customer_chat_auto_messages` WHERE (`customer_id`=1) AND `deleted_at` IS NULL LIMIT 0,20
2024-11-23 15:56:47.644 [DEBU] {a8c6da55e1890a1876af454704573c3c} [ 16 ms] [default] [] [rows:1  ] SELECT `id`,`customer_id`,`disk`,`path`,`name`,`from_model`,`from_id`,`type`,`created_at`,`updated_at`,`deleted_at` FROM `customer_chat_files` WHERE (`id` IN(0,'20')) AND `deleted_at` IS NULL
2024-11-23 15:56:47.833 [DEBU] {e821fa63e1890a187faf4547eb221eb2} [ 18 ms] [default] [] [rows:1  ] SELECT `id`,`customer_id`,`username`,`password`,`created_at`,`updated_at`,`deleted_at` FROM `customer_admins` WHERE (`id`=1) AND `deleted_at` IS NULL LIMIT 1
2024-11-23 15:56:47.877 [DEBU] {f04cb066e1890a1882af45475722fb5d} [ 16 ms] [default] [] [rows:1  ] SELECT `id`,`customer_id`,`username`,`password`,`created_at`,`updated_at`,`deleted_at` FROM `customer_admins` WHERE (`id`=1) AND `deleted_at` IS NULL LIMIT 1
2024-11-23 15:56:47.893 [DEBU] {f04cb066e1890a1882af45475722fb5d} [ 15 ms] [default] [] [rows:1  ] SELECT COUNT(1) FROM `customer_chat_auto_rules` WHERE (`customer_id`=1 AND `is_system`=0) AND `deleted_at` IS NULL
2024-11-23 15:56:47.901 [DEBU] {f04cb066e1890a1882af45475722fb5d} [  8 ms] [default] [] [rows:0  ] SELECT `id`,`name`,`type`,`content`,`customer_id`,`created_at`,`updated_at`,`deleted_at` FROM `customer_chat_auto_messages` WHERE (0=1) AND `deleted_at` IS NULL
2024-11-23 15:58:05.555 [DEBU] {70d8237bf3890a1885af45477c0e3ecd} [ 42 ms] [default] [] [rows:1  ] SELECT `id`,`customer_id`,`username`,`password`,`created_at`,`updated_at`,`deleted_at` FROM `customer_admins` WHERE (`id`=1) AND `deleted_at` IS NULL LIMIT 1
2024-11-23 15:58:05.572 [DEBU] {70d8237bf3890a1885af45477c0e3ecd} [ 16 ms] [default] [] [rows:1  ] SELECT COUNT(1) FROM `customer_chat_sessions` WHERE `customer_id`=1
2024-11-23 15:58:05.988 [DEBU] {98394896f3890a1888af4547a7379999} [ 20 ms] [default] [] [rows:1  ] SELECT `id`,`customer_id`,`username`,`password`,`created_at`,`updated_at`,`deleted_at` FROM `customer_admins` WHERE (`id`=1) AND `deleted_at` IS NULL LIMIT 1
2024-11-23 15:58:06.006 [DEBU] {98394896f3890a1888af4547a7379999} [ 17 ms] [default] [] [rows:1  ] SELECT COUNT(1) FROM `customer_chat_transfers` WHERE `customer_id`=1
2024-11-23 15:58:06.323 [DEBU] {786424aaf3890a188baf4547befac443} [ 21 ms] [default] [] [rows:1  ] SELECT `id`,`customer_id`,`username`,`password`,`created_at`,`updated_at`,`deleted_at` FROM `customer_admins` WHERE (`id`=1) AND `deleted_at` IS NULL LIMIT 1
2024-11-23 15:58:06.339 [DEBU] {786424aaf3890a188baf4547befac443} [ 15 ms] [default] [] [rows:5  ] SELECT `id`,`name`,`title`,`customer_id`,`value`,`options`,`type`,`description`,`created_at`,`updated_at` FROM `customer_chat_settings` WHERE `customer_id`=1
2024-11-23 15:58:07.145 [DEBU] {a84226dbf3890a188eaf4547ffd59acb} [ 21 ms] [default] [] [rows:1  ] SELECT `id`,`customer_id`,`username`,`password`,`created_at`,`updated_at`,`deleted_at` FROM `customer_admins` WHERE (`id`=1) AND `deleted_at` IS NULL LIMIT 1
2024-11-23 15:58:07.161 [DEBU] {a84226dbf3890a188eaf4547ffd59acb} [ 15 ms] [default] [] [rows:1  ] SELECT COUNT(1) FROM `customer_chat_auto_messages` WHERE (`customer_id`=1) AND `deleted_at` IS NULL
2024-11-23 15:58:07.233 [DEBU] {a84226dbf3890a188eaf4547ffd59acb} [ 72 ms] [default] [] [rows:2  ] SELECT `id`,`name`,`type`,`content`,`customer_id`,`created_at`,`updated_at`,`deleted_at` FROM `customer_chat_auto_messages` WHERE (`customer_id`=1) AND `deleted_at` IS NULL LIMIT 0,20
2024-11-23 15:58:07.250 [DEBU] {a84226dbf3890a188eaf4547ffd59acb} [ 16 ms] [default] [] [rows:1  ] SELECT `id`,`customer_id`,`disk`,`path`,`name`,`from_model`,`from_id`,`type`,`created_at`,`updated_at`,`deleted_at` FROM `customer_chat_files` WHERE (`id` IN(0,'20')) AND `deleted_at` IS NULL
2024-11-23 15:58:07.359 [DEBU] {e8e02be8f3890a1897af45473ba95825} [ 16 ms] [default] [] [rows:1  ] SELECT `id`,`customer_id`,`username`,`password`,`created_at`,`updated_at`,`deleted_at` FROM `customer_admins` WHERE (`id`=1) AND `deleted_at` IS NULL LIMIT 1
2024-11-23 15:58:07.407 [DEBU] {6850fdeaf3890a189aaf454732d0f531} [ 16 ms] [default] [] [rows:1  ] SELECT `id`,`customer_id`,`username`,`password`,`created_at`,`updated_at`,`deleted_at` FROM `customer_admins` WHERE (`id`=1) AND `deleted_at` IS NULL LIMIT 1
2024-11-23 15:58:07.425 [DEBU] {6850fdeaf3890a189aaf454732d0f531} [ 18 ms] [default] [] [rows:1  ] SELECT COUNT(1) FROM `customer_chat_auto_rules` WHERE (`customer_id`=1 AND `is_system`=0) AND `deleted_at` IS NULL
2024-11-23 15:58:07.434 [DEBU] {6850fdeaf3890a189aaf454732d0f531} [  9 ms] [default] [] [rows:0  ] SELECT `id`,`name`,`type`,`content`,`customer_id`,`created_at`,`updated_at`,`deleted_at` FROM `customer_chat_auto_messages` WHERE (0=1) AND `deleted_at` IS NULL
2024-11-23 15:58:07.871 [DEBU] {388b8b06f4890a189eaf4547951dda48} [ 19 ms] [default] [] [rows:1  ] SELECT `id`,`customer_id`,`username`,`password`,`created_at`,`updated_at`,`deleted_at` FROM `customer_admins` WHERE (`id`=1) AND `deleted_at` IS NULL LIMIT 1
2024-11-23 15:58:07.888 [DEBU] {388b8b06f4890a189eaf4547951dda48} [ 17 ms] [default] [] [rows:2  ] SELECT `id`,`customer_id`,`name`,`match`,`match_type`,`reply_type`,`message_id`,`is_system`,`sort`,`is_open`,`count`,`created_at`,`updated_at`,`deleted_at` FROM `customer_chat_auto_rules` WHERE (`customer_id`=1 AND `is_system`=1) AND `deleted_at` IS NULL
2024-11-23 15:58:08.105 [DEBU] {70528c06f4890a189faf45474a1c38b6} [253 ms] [default] [] [rows:1  ] SELECT `id`,`customer_id`,`username`,`password`,`created_at`,`updated_at`,`deleted_at` FROM `customer_admins` WHERE (`id`=1) AND `deleted_at` IS NULL LIMIT 1
2024-11-23 15:58:08.126 [DEBU] {9051d115f4890a18a3af4547fb3c3fc6} [ 18 ms] [default] [] [rows:1  ] SELECT `id`,`customer_id`,`username`,`password`,`created_at`,`updated_at`,`deleted_at` FROM `customer_admins` WHERE (`id`=1) AND `deleted_at` IS NULL LIMIT 1
2024-11-23 15:58:08.130 [DEBU] {70528c06f4890a189faf45474a1c38b6} [ 25 ms] [default] [] [rows:2  ] SELECT `id`,`name`,`type`,`content`,`customer_id`,`created_at`,`updated_at`,`deleted_at` FROM `customer_chat_auto_messages` WHERE (`customer_id`=1) AND `deleted_at` IS NULL
2024-11-23 15:58:08.144 [DEBU] {9051d115f4890a18a3af4547fb3c3fc6} [ 17 ms] [default] [] [rows:1  ] SELECT COUNT(1) FROM `customer_chat_auto_rules` WHERE (`customer_id`=1 AND `is_system`=0) AND `deleted_at` IS NULL
2024-11-23 15:58:08.152 [DEBU] {9051d115f4890a18a3af4547fb3c3fc6} [  8 ms] [default] [] [rows:0  ] SELECT `id`,`name`,`type`,`content`,`customer_id`,`created_at`,`updated_at`,`deleted_at` FROM `customer_chat_auto_messages` WHERE (0=1) AND `deleted_at` IS NULL
2024-11-23 15:58:08.339 [DEBU] {e80ba822f4890a18a6af454735bca219} [ 15 ms] [default] [] [rows:1  ] SELECT `id`,`customer_id`,`username`,`password`,`created_at`,`updated_at`,`deleted_at` FROM `customer_admins` WHERE (`id`=1) AND `deleted_at` IS NULL LIMIT 1
2024-11-23 15:58:08.356 [DEBU] {e80ba822f4890a18a6af454735bca219} [ 16 ms] [default] [] [rows:1  ] SELECT COUNT(1) FROM `customer_chat_auto_messages` WHERE (`customer_id`=1) AND `deleted_at` IS NULL
2024-11-23 15:58:08.379 [DEBU] {e80ba822f4890a18a6af454735bca219} [ 18 ms] [default] [] [rows:2  ] SELECT `id`,`name`,`type`,`content`,`customer_id`,`created_at`,`updated_at`,`deleted_at` FROM `customer_chat_auto_messages` WHERE (`customer_id`=1) AND `deleted_at` IS NULL LIMIT 0,20
2024-11-23 15:58:08.411 [DEBU] {e80ba822f4890a18a6af454735bca219} [ 31 ms] [default] [] [rows:1  ] SELECT `id`,`customer_id`,`disk`,`path`,`name`,`from_model`,`from_id`,`type`,`created_at`,`updated_at`,`deleted_at` FROM `customer_chat_files` WHERE (`id` IN(0,'20')) AND `deleted_at` IS NULL
2024-11-23 16:00:58.503 [DEBU] {b0e9edbe1b8a0a18afaf4547804daa98} [ 54 ms] [default] [] [rows:1  ] SELECT `id`,`customer_id`,`username`,`password`,`created_at`,`updated_at`,`deleted_at` FROM `customer_admins` WHERE (`id`=1) AND `deleted_at` IS NULL LIMIT 1
2024-11-23 16:00:58.524 [DEBU] {b0e9edbe1b8a0a18afaf4547804daa98} [ 20 ms] [default] [] [rows:5  ] SELECT `id`,`name`,`title`,`customer_id`,`value`,`options`,`type`,`description`,`created_at`,`updated_at` FROM `customer_chat_settings` WHERE `customer_id`=1
2024-11-23 16:00:59.726 [DEBU] {407dc5091c8a0a18b2af4547754ddf30} [ 21 ms] [default] [] [rows:1  ] SELECT `id`,`customer_id`,`username`,`password`,`created_at`,`updated_at`,`deleted_at` FROM `customer_admins` WHERE (`id`=1) AND `deleted_at` IS NULL LIMIT 1
2024-11-23 16:00:59.748 [DEBU] {407dc5091c8a0a18b2af4547754ddf30} [ 21 ms] [default] [] [rows:1  ] SELECT COUNT(1) FROM `customer_chat_auto_messages` WHERE (`customer_id`=1) AND `deleted_at` IS NULL
2024-11-23 16:00:59.768 [DEBU] {407dc5091c8a0a18b2af4547754ddf30} [ 20 ms] [default] [] [rows:2  ] SELECT `id`,`name`,`type`,`content`,`customer_id`,`created_at`,`updated_at`,`deleted_at` FROM `customer_chat_auto_messages` WHERE (`customer_id`=1) AND `deleted_at` IS NULL LIMIT 0,20
2024-11-23 16:00:59.789 [DEBU] {407dc5091c8a0a18b2af4547754ddf30} [ 20 ms] [default] [] [rows:1  ] SELECT `id`,`customer_id`,`disk`,`path`,`name`,`from_model`,`from_id`,`type`,`created_at`,`updated_at`,`deleted_at` FROM `customer_chat_files` WHERE (`id` IN(0,'20')) AND `deleted_at` IS NULL
2024-11-23 16:01:00.174 [DEBU] {5870ec221c8a0a18bbaf4547e67a3284} [ 47 ms] [default] [] [rows:1  ] SELECT `id`,`customer_id`,`username`,`password`,`created_at`,`updated_at`,`deleted_at` FROM `customer_admins` WHERE (`id`=1) AND `deleted_at` IS NULL LIMIT 1
2024-11-23 16:01:00.212 [DEBU] {c81570251c8a0a18beaf4547f26592b4} [ 43 ms] [default] [] [rows:1  ] SELECT `id`,`customer_id`,`username`,`password`,`created_at`,`updated_at`,`deleted_at` FROM `customer_admins` WHERE (`id`=1) AND `deleted_at` IS NULL LIMIT 1
2024-11-23 16:01:00.231 [DEBU] {c81570251c8a0a18beaf4547f26592b4} [ 18 ms] [default] [] [rows:1  ] SELECT COUNT(1) FROM `customer_chat_auto_rules` WHERE (`customer_id`=1 AND `is_system`=0) AND `deleted_at` IS NULL
2024-11-23 16:01:00.240 [DEBU] {c81570251c8a0a18beaf4547f26592b4} [  9 ms] [default] [] [rows:0  ] SELECT `id`,`name`,`type`,`content`,`customer_id`,`created_at`,`updated_at`,`deleted_at` FROM `customer_chat_auto_messages` WHERE (0=1) AND `deleted_at` IS NULL
2024-11-23 16:01:00.575 [DEBU] {6011ac3c1c8a0a18c2af45478394ceb1} [ 16 ms] [default] [] [rows:1  ] SELECT `id`,`customer_id`,`username`,`password`,`created_at`,`updated_at`,`deleted_at` FROM `customer_admins` WHERE (`id`=1) AND `deleted_at` IS NULL LIMIT 1
2024-11-23 16:01:00.579 [DEBU] {f83fae3c1c8a0a18c4af4547399bec19} [ 20 ms] [default] [] [rows:1  ] SELECT `id`,`customer_id`,`username`,`password`,`created_at`,`updated_at`,`deleted_at` FROM `customer_admins` WHERE (`id`=1) AND `deleted_at` IS NULL LIMIT 1
2024-11-23 16:01:00.594 [DEBU] {6011ac3c1c8a0a18c2af45478394ceb1} [ 18 ms] [default] [] [rows:2  ] SELECT `id`,`customer_id`,`name`,`match`,`match_type`,`reply_type`,`message_id`,`is_system`,`sort`,`is_open`,`count`,`created_at`,`updated_at`,`deleted_at` FROM `customer_chat_auto_rules` WHERE (`customer_id`=1 AND `is_system`=1) AND `deleted_at` IS NULL
2024-11-23 16:01:00.601 [DEBU] {f83fae3c1c8a0a18c4af4547399bec19} [ 22 ms] [default] [] [rows:2  ] SELECT `id`,`name`,`type`,`content`,`customer_id`,`created_at`,`updated_at`,`deleted_at` FROM `customer_chat_auto_messages` WHERE (`customer_id`=1) AND `deleted_at` IS NULL
2024-11-23 16:01:01.218 [DEBU] {20bb68611c8a0a18c7af4547d51e8b13} [ 43 ms] [default] [] [rows:1  ] SELECT `id`,`customer_id`,`username`,`password`,`created_at`,`updated_at`,`deleted_at` FROM `customer_admins` WHERE (`id`=1) AND `deleted_at` IS NULL LIMIT 1
2024-11-23 16:01:01.239 [DEBU] {20bb68611c8a0a18c7af4547d51e8b13} [ 20 ms] [default] [] [rows:1  ] SELECT COUNT(1) FROM `customer_chat_auto_rules` WHERE (`customer_id`=1 AND `is_system`=0) AND `deleted_at` IS NULL
2024-11-23 16:01:01.253 [DEBU] {20bb68611c8a0a18c7af4547d51e8b13} [ 14 ms] [default] [] [rows:0  ] SELECT `id`,`name`,`type`,`content`,`customer_id`,`created_at`,`updated_at`,`deleted_at` FROM `customer_chat_auto_messages` WHERE (0=1) AND `deleted_at` IS NULL
2024-11-23 16:01:01.586 [DEBU] {906b81781c8a0a18caaf4547ea0a429e} [ 23 ms] [default] [] [rows:1  ] SELECT `id`,`customer_id`,`username`,`password`,`created_at`,`updated_at`,`deleted_at` FROM `customer_admins` WHERE (`id`=1) AND `deleted_at` IS NULL LIMIT 1
2024-11-23 16:01:01.607 [DEBU] {906b81781c8a0a18caaf4547ea0a429e} [ 20 ms] [default] [] [rows:1  ] SELECT COUNT(1) FROM `customer_chat_auto_messages` WHERE (`customer_id`=1) AND `deleted_at` IS NULL
2024-11-23 16:01:01.629 [DEBU] {906b81781c8a0a18caaf4547ea0a429e} [ 20 ms] [default] [] [rows:2  ] SELECT `id`,`name`,`type`,`content`,`customer_id`,`created_at`,`updated_at`,`deleted_at` FROM `customer_chat_auto_messages` WHERE (`customer_id`=1) AND `deleted_at` IS NULL LIMIT 0,20
2024-11-23 16:01:01.651 [DEBU] {906b81781c8a0a18caaf4547ea0a429e} [ 22 ms] [default] [] [rows:1  ] SELECT `id`,`customer_id`,`disk`,`path`,`name`,`from_model`,`from_id`,`type`,`created_at`,`updated_at`,`deleted_at` FROM `customer_chat_files` WHERE (`id` IN(0,'20')) AND `deleted_at` IS NULL
2024-11-23 16:01:02.282 [DEBU] {006f2fa21c8a0a18d3af45473e7086f9} [ 20 ms] [default] [] [rows:1  ] SELECT `id`,`customer_id`,`username`,`password`,`created_at`,`updated_at`,`deleted_at` FROM `customer_admins` WHERE (`id`=1) AND `deleted_at` IS NULL LIMIT 1
2024-11-23 16:01:02.304 [DEBU] {006f2fa21c8a0a18d3af45473e7086f9} [ 21 ms] [default] [] [rows:1  ] SELECT COUNT(1) FROM `customer_admins` WHERE (`customer_id`=1) AND `deleted_at` IS NULL
2024-11-23 16:01:02.325 [DEBU] {006f2fa21c8a0a18d3af45473e7086f9} [ 21 ms] [default] [] [rows:1  ] SELECT `id`,`customer_id`,`username`,`password`,`created_at`,`updated_at`,`deleted_at` FROM `customer_admins` WHERE (`customer_id`=1) AND `deleted_at` IS NULL LIMIT 0,20
2024-11-23 16:01:03.663 [DEBU] {a8498cf41c8a0a18d6af4547f6aea5ce} [ 19 ms] [default] [] [rows:1  ] SELECT `id`,`customer_id`,`username`,`password`,`created_at`,`updated_at`,`deleted_at` FROM `customer_admins` WHERE (`id`=1) AND `deleted_at` IS NULL LIMIT 1
2024-11-23 16:01:03.683 [DEBU] {a8498cf41c8a0a18d6af4547f6aea5ce} [ 19 ms] [default] [] [rows:1  ] SELECT COUNT(1) FROM `customer_chat_auto_messages` WHERE (`customer_id`=1) AND `deleted_at` IS NULL
2024-11-23 16:01:03.704 [DEBU] {a8498cf41c8a0a18d6af4547f6aea5ce} [ 20 ms] [default] [] [rows:2  ] SELECT `id`,`name`,`type`,`content`,`customer_id`,`created_at`,`updated_at`,`deleted_at` FROM `customer_chat_auto_messages` WHERE (`customer_id`=1) AND `deleted_at` IS NULL LIMIT 0,20
2024-11-23 16:01:03.726 [DEBU] {a8498cf41c8a0a18d6af4547f6aea5ce} [ 21 ms] [default] [] [rows:1  ] SELECT `id`,`customer_id`,`disk`,`path`,`name`,`from_model`,`from_id`,`type`,`created_at`,`updated_at`,`deleted_at` FROM `customer_chat_files` WHERE (`id` IN(0,'20')) AND `deleted_at` IS NULL
2024-11-23 16:01:04.186 [DEBU] {302d57131d8a0a18e2af454764916614} [ 26 ms] [default] [] [rows:1  ] SELECT `id`,`customer_id`,`username`,`password`,`created_at`,`updated_at`,`deleted_at` FROM `customer_admins` WHERE (`id`=1) AND `deleted_at` IS NULL LIMIT 1
2024-11-23 16:01:04.190 [DEBU] {68aa1c111d8a0a18dfaf454702792888} [ 67 ms] [default] [] [rows:1  ] SELECT `id`,`customer_id`,`username`,`password`,`created_at`,`updated_at`,`deleted_at` FROM `customer_admins` WHERE (`id`=1) AND `deleted_at` IS NULL LIMIT 1
2024-11-23 16:01:04.204 [DEBU] {302d57131d8a0a18e2af454764916614} [ 17 ms] [default] [] [rows:1  ] SELECT COUNT(1) FROM `customer_chat_auto_rules` WHERE (`customer_id`=1 AND `is_system`=0) AND `deleted_at` IS NULL
2024-11-23 16:01:04.213 [DEBU] {302d57131d8a0a18e2af454764916614} [  8 ms] [default] [] [rows:0  ] SELECT `id`,`name`,`type`,`content`,`customer_id`,`created_at`,`updated_at`,`deleted_at` FROM `customer_chat_auto_messages` WHERE (0=1) AND `deleted_at` IS NULL
2024-11-23 16:11:39.713 [DEBU] {00a1b009b18a0a18e6af4547b66e43ff} [ 58 ms] [default] [] [rows:1  ] SELECT `id`,`customer_id`,`username`,`password`,`created_at`,`updated_at`,`deleted_at` FROM `customer_admins` WHERE (`id`=1) AND `deleted_at` IS NULL LIMIT 1
2024-11-23 16:11:39.725 [DEBU] {e856bd09b18a0a18e8af4547537f563c} [ 70 ms] [default] [] [rows:1  ] SELECT `id`,`customer_id`,`username`,`password`,`created_at`,`updated_at`,`deleted_at` FROM `customer_admins` WHERE (`id`=1) AND `deleted_at` IS NULL LIMIT 1
2024-11-23 16:11:39.725 [DEBU] {00a1b009b18a0a18e6af4547b66e43ff} [ 11 ms] [default] [] [rows:12 ] SHOW FULL COLUMNS FROM `customer_admin_chat_settings`
2024-11-23 16:11:39.747 [DEBU] {00a1b009b18a0a18e6af4547b66e43ff} [ 21 ms] [default] [] [rows:1  ] SELECT `id`,`admin_id`,`background`,`is_auto_accept`,`welcome_content`,`offline_content`,`name`,`last_online`,`avatar`,`created_at`,`updated_at`,`deleted_at` FROM `customer_admin_chat_settings` WHERE (`admin_id`=1) AND `deleted_at` IS NULL LIMIT 1
2024-11-23 16:12:59.624 [DEBU] {28757ea5c38a0a18eeaf4547151e3c30} [ 47 ms] [default] [] [rows:1  ] SELECT `id`,`customer_id`,`username`,`password`,`created_at`,`updated_at`,`deleted_at` FROM `customer_admins` WHERE (`id`=1) AND `deleted_at` IS NULL LIMIT 1
2024-11-23 16:12:59.629 [DEBU] {e8ea7aa5c38a0a18ecaf454702f09bb8} [ 52 ms] [default] [] [rows:1  ] SELECT `id`,`customer_id`,`username`,`password`,`created_at`,`updated_at`,`deleted_at` FROM `customer_admins` WHERE (`id`=1) AND `deleted_at` IS NULL LIMIT 1
2024-11-23 16:12:59.642 [DEBU] {28757ea5c38a0a18eeaf4547151e3c30} [ 17 ms] [default] [] [rows:1  ] SELECT `id`,`admin_id`,`background`,`is_auto_accept`,`welcome_content`,`offline_content`,`name`,`last_online`,`avatar`,`created_at`,`updated_at`,`deleted_at` FROM `customer_admin_chat_settings` WHERE (`admin_id`=1) AND `deleted_at` IS NULL LIMIT 1
2024-11-23 16:13:59.493 [DEBU] {e85bd995d18a0a18f4af45478f8f0b24} [ 48 ms] [default] [] [rows:1  ] SELECT `id`,`customer_id`,`username`,`password`,`created_at`,`updated_at`,`deleted_at` FROM `customer_admins` WHERE (`id`=1) AND `deleted_at` IS NULL LIMIT 1
2024-11-23 16:13:59.510 [DEBU] {e85bd995d18a0a18f4af45478f8f0b24} [ 15 ms] [default] [] [rows:1  ] SELECT `id`,`admin_id`,`background`,`is_auto_accept`,`welcome_content`,`offline_content`,`name`,`last_online`,`avatar`,`created_at`,`updated_at`,`deleted_at` FROM `customer_admin_chat_settings` WHERE (`admin_id`=1) AND `deleted_at` IS NULL LIMIT 1
2024-11-23 16:13:59.673 [DEBU] {5897d395d18a0a18f2af45476a60574d} [228 ms] [default] [] [rows:1  ] SELECT `id`,`customer_id`,`username`,`password`,`created_at`,`updated_at`,`deleted_at` FROM `customer_admins` WHERE (`id`=1) AND `deleted_at` IS NULL LIMIT 1
2024-11-23 16:14:33.747 [DEBU] {2007b38fd98a0a18f8af45473d35c5ef} [ 47 ms] [default] [] [rows:1  ] SELECT `id`,`customer_id`,`username`,`password`,`created_at`,`updated_at`,`deleted_at` FROM `customer_admins` WHERE (`id`=1) AND `deleted_at` IS NULL LIMIT 1
2024-11-23 16:14:33.754 [DEBU] {789fb38fd98a0a18f9af45471d71352b} [ 53 ms] [default] [] [rows:1  ] SELECT `id`,`customer_id`,`username`,`password`,`created_at`,`updated_at`,`deleted_at` FROM `customer_admins` WHERE (`id`=1) AND `deleted_at` IS NULL LIMIT 1
2024-11-23 16:14:33.776 [DEBU] {789fb38fd98a0a18f9af45471d71352b} [ 22 ms] [default] [] [rows:1  ] SELECT `id`,`admin_id`,`background`,`is_auto_accept`,`welcome_content`,`offline_content`,`name`,`last_online`,`avatar`,`created_at`,`updated_at`,`deleted_at` FROM `customer_admin_chat_settings` WHERE (`admin_id`=1) AND `deleted_at` IS NULL LIMIT 1
2024-11-23 16:14:58.403 [DEBU] {20f6d14edf8a0a18feaf45475c79a3e2} [ 18 ms] [default] [] [rows:1  ] SELECT `id`,`customer_id`,`username`,`password`,`created_at`,`updated_at`,`deleted_at` FROM `customer_admins` WHERE (`id`=1) AND `deleted_at` IS NULL LIMIT 1
2024-11-23 16:14:58.405 [DEBU] {58a3004fdf8a0a18ffaf454704bcd55b} [ 20 ms] [default] [] [rows:1  ] SELECT `id`,`customer_id`,`username`,`password`,`created_at`,`updated_at`,`deleted_at` FROM `customer_admins` WHERE (`id`=1) AND `deleted_at` IS NULL LIMIT 1
2024-11-23 16:14:58.419 [DEBU] {20f6d14edf8a0a18feaf45475c79a3e2} [ 16 ms] [default] [] [rows:1  ] SELECT `id`,`admin_id`,`background`,`is_auto_accept`,`welcome_content`,`offline_content`,`name`,`last_online`,`avatar`,`created_at`,`updated_at`,`deleted_at` FROM `customer_admin_chat_settings` WHERE (`admin_id`=1) AND `deleted_at` IS NULL LIMIT 1
2024-11-23 16:15:33.505 [DEBU] {0826f079e78a0a1804b0454759defb6d} [ 40 ms] [default] [] [rows:1  ] SELECT `id`,`customer_id`,`username`,`password`,`created_at`,`updated_at`,`deleted_at` FROM `customer_admins` WHERE (`id`=1) AND `deleted_at` IS NULL LIMIT 1
2024-11-23 16:15:33.515 [DEBU] {8846f579e78a0a1806b0454778867779} [ 50 ms] [default] [] [rows:1  ] SELECT `id`,`customer_id`,`username`,`password`,`created_at`,`updated_at`,`deleted_at` FROM `customer_admins` WHERE (`id`=1) AND `deleted_at` IS NULL LIMIT 1
2024-11-23 16:15:33.537 [DEBU] {8846f579e78a0a1806b0454778867779} [ 21 ms] [default] [] [rows:1  ] SELECT `id`,`admin_id`,`background`,`is_auto_accept`,`welcome_content`,`offline_content`,`name`,`last_online`,`avatar`,`created_at`,`updated_at`,`deleted_at` FROM `customer_admin_chat_settings` WHERE (`admin_id`=1) AND `deleted_at` IS NULL LIMIT 1
2024-11-23 16:15:57.414 [DEBU] {b8df340ced8a0a180ab045479820b81e} [ 18 ms] [default] [] [rows:1  ] SELECT `id`,`customer_id`,`username`,`password`,`created_at`,`updated_at`,`deleted_at` FROM `customer_admins` WHERE (`id`=1) AND `deleted_at` IS NULL LIMIT 1
2024-11-23 16:15:57.416 [DEBU] {5014360ced8a0a180bb04547b26a8dc9} [ 20 ms] [default] [] [rows:1  ] SELECT `id`,`customer_id`,`username`,`password`,`created_at`,`updated_at`,`deleted_at` FROM `customer_admins` WHERE (`id`=1) AND `deleted_at` IS NULL LIMIT 1
2024-11-23 16:15:57.431 [DEBU] {b8df340ced8a0a180ab045479820b81e} [ 17 ms] [default] [] [rows:1  ] SELECT `id`,`admin_id`,`background`,`is_auto_accept`,`welcome_content`,`offline_content`,`name`,`last_online`,`avatar`,`created_at`,`updated_at`,`deleted_at` FROM `customer_admin_chat_settings` WHERE (`admin_id`=1) AND `deleted_at` IS NULL LIMIT 1
2024-11-23 16:18:30.722 [DEBU] {18a8d5ba108b0a1810b04547fb55d8bb} [ 74 ms] [default] [] [rows:1  ] SELECT `id`,`customer_id`,`username`,`password`,`created_at`,`updated_at`,`deleted_at` FROM `customer_admins` WHERE (`id`=1) AND `deleted_at` IS NULL LIMIT 1
2024-11-23 16:18:30.724 [DEBU] {1038daba108b0a1811b04547f47a7401} [ 73 ms] [default] [] [rows:1  ] SELECT `id`,`customer_id`,`username`,`password`,`created_at`,`updated_at`,`deleted_at` FROM `customer_admins` WHERE (`id`=1) AND `deleted_at` IS NULL LIMIT 1
2024-11-23 16:18:30.740 [DEBU] {18a8d5ba108b0a1810b04547fb55d8bb} [ 16 ms] [default] [] [rows:1  ] SELECT `id`,`admin_id`,`background`,`is_auto_accept`,`welcome_content`,`offline_content`,`name`,`last_online`,`avatar`,`created_at`,`updated_at`,`deleted_at` FROM `customer_admin_chat_settings` WHERE (`admin_id`=1) AND `deleted_at` IS NULL LIMIT 1
2024-11-23 16:20:53.462 [DEBU] {e0939cf6318b0a1816b0454713fd432e} [ 77 ms] [default] [] [rows:1  ] SELECT `id`,`customer_id`,`username`,`password`,`created_at`,`updated_at`,`deleted_at` FROM `customer_admins` WHERE (`id`=1) AND `deleted_at` IS NULL LIMIT 1
2024-11-23 16:20:53.476 [DEBU] {e8569ff6318b0a1817b0454701605a28} [ 91 ms] [default] [] [rows:1  ] SELECT `id`,`customer_id`,`username`,`password`,`created_at`,`updated_at`,`deleted_at` FROM `customer_admins` WHERE (`id`=1) AND `deleted_at` IS NULL LIMIT 1
2024-11-23 16:20:53.500 [DEBU] {e8569ff6318b0a1817b0454701605a28} [ 22 ms] [default] [] [rows:1  ] SELECT `id`,`admin_id`,`background`,`is_auto_accept`,`welcome_content`,`offline_content`,`name`,`last_online`,`avatar`,`created_at`,`updated_at`,`deleted_at` FROM `customer_admin_chat_settings` WHERE (`admin_id`=1) AND `deleted_at` IS NULL LIMIT 1
2024-11-23 16:23:40.762 [DEBU] {c01722eb588b0a181cb045475d4e309d} [ 58 ms] [default] [] [rows:1  ] SELECT `id`,`customer_id`,`username`,`password`,`created_at`,`updated_at`,`deleted_at` FROM `customer_admins` WHERE (`id`=1) AND `deleted_at` IS NULL LIMIT 1
2024-11-23 16:23:40.765 [DEBU] {285a22eb588b0a181db04547d775b35b} [ 61 ms] [default] [] [rows:1  ] SELECT `id`,`customer_id`,`username`,`password`,`created_at`,`updated_at`,`deleted_at` FROM `customer_admins` WHERE (`id`=1) AND `deleted_at` IS NULL LIMIT 1
2024-11-23 16:23:40.785 [DEBU] {c01722eb588b0a181cb045475d4e309d} [ 21 ms] [default] [] [rows:1  ] SELECT `id`,`admin_id`,`background`,`is_auto_accept`,`welcome_content`,`offline_content`,`name`,`last_online`,`avatar`,`created_at`,`updated_at`,`deleted_at` FROM `customer_admin_chat_settings` WHERE (`admin_id`=1) AND `deleted_at` IS NULL LIMIT 1
2024-11-23 16:29:54.366 [DEBU] {90f10ae8af8b0a1820b045476ac3924d} [ 60 ms] [default] [] [rows:1  ] SELECT `id`,`customer_id`,`username`,`password`,`created_at`,`updated_at`,`deleted_at` FROM `customer_admins` WHERE (`id`=1) AND `deleted_at` IS NULL LIMIT 1
2024-11-23 16:29:54.367 [DEBU] {40280be8af8b0a1821b04547646c675e} [ 61 ms] [default] [] [rows:1  ] SELECT `id`,`customer_id`,`username`,`password`,`created_at`,`updated_at`,`deleted_at` FROM `customer_admins` WHERE (`id`=1) AND `deleted_at` IS NULL LIMIT 1
2024-11-23 16:29:54.389 [DEBU] {40280be8af8b0a1821b04547646c675e} [ 21 ms] [default] [] [rows:1  ] SELECT `id`,`admin_id`,`background`,`is_auto_accept`,`welcome_content`,`offline_content`,`name`,`last_online`,`avatar`,`created_at`,`updated_at`,`deleted_at` FROM `customer_admin_chat_settings` WHERE (`admin_id`=1) AND `deleted_at` IS NULL LIMIT 1
2024-11-23 16:34:52.781 [DEBU] {8052b763f58b0a1827b04547f67358e1} [ 47 ms] [default] [] [rows:1  ] SELECT `id`,`customer_id`,`username`,`password`,`created_at`,`updated_at`,`deleted_at` FROM `customer_admins` WHERE (`id`=1) AND `deleted_at` IS NULL LIMIT 1
2024-11-23 16:34:52.795 [DEBU] {8052b763f58b0a1826b0454796bbfb45} [ 61 ms] [default] [] [rows:1  ] SELECT `id`,`customer_id`,`username`,`password`,`created_at`,`updated_at`,`deleted_at` FROM `customer_admins` WHERE (`id`=1) AND `deleted_at` IS NULL LIMIT 1
2024-11-23 16:34:52.800 [DEBU] {8052b763f58b0a1827b04547f67358e1} [ 18 ms] [default] [] [rows:1  ] SELECT `id`,`admin_id`,`background`,`is_auto_accept`,`welcome_content`,`offline_content`,`name`,`last_online`,`avatar`,`created_at`,`updated_at`,`deleted_at` FROM `customer_admin_chat_settings` WHERE (`admin_id`=1) AND `deleted_at` IS NULL LIMIT 1
2024-11-23 16:35:52.625 [DEBU] {880ce551038c0a182ab045475b4dc49a} [ 60 ms] [default] [] [rows:1  ] SELECT `id`,`customer_id`,`username`,`password`,`created_at`,`updated_at`,`deleted_at` FROM `customer_admins` WHERE (`id`=1) AND `deleted_at` IS NULL LIMIT 1
2024-11-23 16:35:52.629 [DEBU] {0833e951038c0a182bb0454745398af0} [ 64 ms] [default] [] [rows:1  ] SELECT `id`,`customer_id`,`username`,`password`,`created_at`,`updated_at`,`deleted_at` FROM `customer_admins` WHERE (`id`=1) AND `deleted_at` IS NULL LIMIT 1
2024-11-23 16:35:52.652 [DEBU] {0833e951038c0a182bb0454745398af0} [ 23 ms] [default] [] [rows:1  ] SELECT `id`,`admin_id`,`background`,`is_auto_accept`,`welcome_content`,`offline_content`,`name`,`last_online`,`avatar`,`created_at`,`updated_at`,`deleted_at` FROM `customer_admin_chat_settings` WHERE (`admin_id`=1) AND `deleted_at` IS NULL LIMIT 1
2024-11-23 16:35:57.533 [DEBU] {28789878048c0a182fb0454762551b00} [ 25 ms] [default] [] [rows:1  ] SELECT `id`,`customer_id`,`username`,`password`,`created_at`,`updated_at`,`deleted_at` FROM `customer_admins` WHERE (`id`=1) AND `deleted_at` IS NULL LIMIT 1
2024-11-23 16:35:57.534 [DEBU] {d0629778048c0a182eb04547732dee26} [ 26 ms] [default] [] [rows:1  ] SELECT `id`,`customer_id`,`username`,`password`,`created_at`,`updated_at`,`deleted_at` FROM `customer_admins` WHERE (`id`=1) AND `deleted_at` IS NULL LIMIT 1
2024-11-23 16:35:57.557 [DEBU] {d0629778048c0a182eb04547732dee26} [ 23 ms] [default] [] [rows:1  ] SELECT `id`,`admin_id`,`background`,`is_auto_accept`,`welcome_content`,`offline_content`,`name`,`last_online`,`avatar`,`created_at`,`updated_at`,`deleted_at` FROM `customer_admin_chat_settings` WHERE (`admin_id`=1) AND `deleted_at` IS NULL LIMIT 1
2024-11-23 16:36:21.509 [DEBU] {70c5d10d0a8c0a1833b0454720d4ff84} [ 22 ms] [default] [] [rows:1  ] SELECT `id`,`customer_id`,`username`,`password`,`created_at`,`updated_at`,`deleted_at` FROM `customer_admins` WHERE (`id`=1) AND `deleted_at` IS NULL LIMIT 1
2024-11-23 23:29:38.192 [DEBU] {c0c9fa7897a20a1837b045472acbf66d} [ 61 ms] [default] [] [rows:1  ] SELECT `id`,`customer_id`,`username`,`password`,`created_at`,`updated_at`,`deleted_at` FROM `customer_admins` WHERE (`id`=1) AND `deleted_at` IS NULL LIMIT 1
2024-11-23 23:29:38.192 [DEBU] {a8cdfa7897a20a1838b045473d123aa7} [ 61 ms] [default] [] [rows:1  ] SELECT `id`,`customer_id`,`username`,`password`,`created_at`,`updated_at`,`deleted_at` FROM `customer_admins` WHERE (`id`=1) AND `deleted_at` IS NULL LIMIT 1
2024-11-23 23:29:38.215 [DEBU] {a8cdfa7897a20a1838b045473d123aa7} [ 22 ms] [default] [] [rows:1  ] SELECT `id`,`admin_id`,`background`,`is_auto_accept`,`welcome_content`,`offline_content`,`name`,`last_online`,`avatar`,`created_at`,`updated_at`,`deleted_at` FROM `customer_admin_chat_settings` WHERE (`admin_id`=1) AND `deleted_at` IS NULL LIMIT 1
2024-11-23 23:30:17.507 [DEBU] {000ea0a0a0a20a183fb045473d52cee8} [ 56 ms] [default] [] [rows:1  ] SELECT `id`,`customer_id`,`username`,`password`,`created_at`,`updated_at`,`deleted_at` FROM `customer_admins` WHERE (`id`=1) AND `deleted_at` IS NULL LIMIT 1
2024-11-23 23:30:17.509 [DEBU] {80d59ea0a0a20a183db045473254767a} [ 59 ms] [default] [] [rows:1  ] SELECT `id`,`customer_id`,`username`,`password`,`created_at`,`updated_at`,`deleted_at` FROM `customer_admins` WHERE (`id`=1) AND `deleted_at` IS NULL LIMIT 1
2024-11-23 23:30:17.530 [DEBU] {80d59ea0a0a20a183db045473254767a} [ 21 ms] [default] [] [rows:1  ] SELECT `id`,`admin_id`,`background`,`is_auto_accept`,`welcome_content`,`offline_content`,`name`,`last_online`,`avatar`,`created_at`,`updated_at`,`deleted_at` FROM `customer_admin_chat_settings` WHERE (`admin_id`=1) AND `deleted_at` IS NULL LIMIT 1
2024-11-23 23:30:37.347 [DEBU] {80ba7341a5a20a1845b04547c6cdea66} [ 19 ms] [default] [] [rows:1  ] SELECT `id`,`customer_id`,`username`,`password`,`created_at`,`updated_at`,`deleted_at` FROM `customer_admins` WHERE (`id`=1) AND `deleted_at` IS NULL LIMIT 1
2024-11-23 23:30:37.352 [DEBU] {c8c07041a5a20a1843b04547ad15c601} [ 24 ms] [default] [] [rows:1  ] SELECT `id`,`customer_id`,`username`,`password`,`created_at`,`updated_at`,`deleted_at` FROM `customer_admins` WHERE (`id`=1) AND `deleted_at` IS NULL LIMIT 1
2024-11-23 23:30:37.373 [DEBU] {c8c07041a5a20a1843b04547ad15c601} [ 21 ms] [default] [] [rows:1  ] SELECT `id`,`admin_id`,`background`,`is_auto_accept`,`welcome_content`,`offline_content`,`name`,`last_online`,`avatar`,`created_at`,`updated_at`,`deleted_at` FROM `customer_admin_chat_settings` WHERE (`admin_id`=1) AND `deleted_at` IS NULL LIMIT 1
2024-11-23 23:31:09.568 [DEBU] {d8aa81c0aca20a1849b04547a6e9933e} [ 43 ms] [default] [] [rows:1  ] SELECT `id`,`customer_id`,`username`,`password`,`created_at`,`updated_at`,`deleted_at` FROM `customer_admins` WHERE (`id`=1) AND `deleted_at` IS NULL LIMIT 1
2024-11-23 23:31:09.581 [DEBU] {e8ad87c0aca20a184bb045474d4755fc} [ 55 ms] [default] [] [rows:1  ] SELECT `id`,`customer_id`,`username`,`password`,`created_at`,`updated_at`,`deleted_at` FROM `customer_admins` WHERE (`id`=1) AND `deleted_at` IS NULL LIMIT 1
2024-11-23 23:31:09.585 [DEBU] {d8aa81c0aca20a1849b04547a6e9933e} [ 16 ms] [default] [] [rows:1  ] SELECT `id`,`admin_id`,`background`,`is_auto_accept`,`welcome_content`,`offline_content`,`name`,`last_online`,`avatar`,`created_at`,`updated_at`,`deleted_at` FROM `customer_admin_chat_settings` WHERE (`admin_id`=1) AND `deleted_at` IS NULL LIMIT 1
2024-11-23 23:31:43.182 [DEBU] {d8987293b4a20a1850b04547ce7f9f75} [ 53 ms] [default] [] [rows:1  ] SELECT `id`,`customer_id`,`username`,`password`,`created_at`,`updated_at`,`deleted_at` FROM `customer_admins` WHERE (`id`=1) AND `deleted_at` IS NULL LIMIT 1
2024-11-23 23:31:43.186 [DEBU] {e0f07193b4a20a184fb04547d1e7cb70} [ 57 ms] [default] [] [rows:1  ] SELECT `id`,`customer_id`,`username`,`password`,`created_at`,`updated_at`,`deleted_at` FROM `customer_admins` WHERE (`id`=1) AND `deleted_at` IS NULL LIMIT 1
2024-11-23 23:31:43.204 [DEBU] {d8987293b4a20a1850b04547ce7f9f75} [ 21 ms] [default] [] [rows:1  ] SELECT `id`,`admin_id`,`background`,`is_auto_accept`,`welcome_content`,`offline_content`,`name`,`last_online`,`avatar`,`created_at`,`updated_at`,`deleted_at` FROM `customer_admin_chat_settings` WHERE (`admin_id`=1) AND `deleted_at` IS NULL LIMIT 1
2024-11-23 23:32:27.189 [DEBU] {c0b136d3bea20a1855b04547fe9571be} [ 40 ms] [default] [] [rows:1  ] SELECT `id`,`customer_id`,`username`,`password`,`created_at`,`updated_at`,`deleted_at` FROM `customer_admins` WHERE (`id`=1) AND `deleted_at` IS NULL LIMIT 1
2024-11-23 23:32:27.201 [DEBU] {c02e37d3bea20a1856b04547b4d6e5ca} [ 52 ms] [default] [] [rows:1  ] SELECT `id`,`customer_id`,`username`,`password`,`created_at`,`updated_at`,`deleted_at` FROM `customer_admins` WHERE (`id`=1) AND `deleted_at` IS NULL LIMIT 1
2024-11-23 23:32:27.203 [DEBU] {c0b136d3bea20a1855b04547fe9571be} [ 13 ms] [default] [] [rows:1  ] SELECT `id`,`admin_id`,`background`,`is_auto_accept`,`welcome_content`,`offline_content`,`name`,`last_online`,`avatar`,`created_at`,`updated_at`,`deleted_at` FROM `customer_admin_chat_settings` WHERE (`admin_id`=1) AND `deleted_at` IS NULL LIMIT 1
2024-11-23 23:33:09.273 [DEBU] {40489f9fc8a20a185db04547de7da064} [ 41 ms] [default] [] [rows:1  ] SELECT `id`,`customer_id`,`username`,`password`,`created_at`,`updated_at`,`deleted_at` FROM `customer_admins` WHERE (`id`=1) AND `deleted_at` IS NULL LIMIT 1
2024-11-23 23:33:09.287 [DEBU] {c03f969fc8a20a185bb04547610ba53a} [ 55 ms] [default] [] [rows:1  ] SELECT `id`,`customer_id`,`username`,`password`,`created_at`,`updated_at`,`deleted_at` FROM `customer_admins` WHERE (`id`=1) AND `deleted_at` IS NULL LIMIT 1
2024-11-23 23:33:09.290 [DEBU] {40489f9fc8a20a185db04547de7da064} [ 16 ms] [default] [] [rows:1  ] SELECT `id`,`admin_id`,`background`,`is_auto_accept`,`welcome_content`,`offline_content`,`name`,`last_online`,`avatar`,`created_at`,`updated_at`,`deleted_at` FROM `customer_admin_chat_settings` WHERE (`admin_id`=1) AND `deleted_at` IS NULL LIMIT 1
2024-11-23 23:33:17.081 [DEBU] {48596172caa20a1861b0454727aaf40a} [ 18 ms] [default] [] [rows:1  ] SELECT `id`,`customer_id`,`username`,`password`,`created_at`,`updated_at`,`deleted_at` FROM `customer_admins` WHERE (`id`=1) AND `deleted_at` IS NULL LIMIT 1
2024-11-23 23:33:17.086 [DEBU] {68186472caa20a1863b04547bde534ea} [ 23 ms] [default] [] [rows:1  ] SELECT `id`,`customer_id`,`username`,`password`,`created_at`,`updated_at`,`deleted_at` FROM `customer_admins` WHERE (`id`=1) AND `deleted_at` IS NULL LIMIT 1
2024-11-23 23:33:17.097 [DEBU] {48596172caa20a1861b0454727aaf40a} [ 14 ms] [default] [] [rows:1  ] SELECT `id`,`admin_id`,`background`,`is_auto_accept`,`welcome_content`,`offline_content`,`name`,`last_online`,`avatar`,`created_at`,`updated_at`,`deleted_at` FROM `customer_admin_chat_settings` WHERE (`admin_id`=1) AND `deleted_at` IS NULL LIMIT 1
2024-11-23 23:46:10.160 [DEBU] {e014b16f7ea30a1867b04547975205cd} [ 47 ms] [default] [] [rows:1  ] SELECT `id`,`customer_id`,`username`,`password`,`created_at`,`updated_at`,`deleted_at` FROM `customer_admins` WHERE (`id`=1) AND `deleted_at` IS NULL LIMIT 1
2024-11-23 23:46:10.162 [DEBU] {d83fb16f7ea30a1868b0454729701108} [ 49 ms] [default] [] [rows:1  ] SELECT `id`,`customer_id`,`username`,`password`,`created_at`,`updated_at`,`deleted_at` FROM `customer_admins` WHERE (`id`=1) AND `deleted_at` IS NULL LIMIT 1
2024-11-23 23:46:10.177 [DEBU] {e014b16f7ea30a1867b04547975205cd} [ 16 ms] [default] [] [rows:1  ] SELECT `id`,`admin_id`,`background`,`is_auto_accept`,`welcome_content`,`offline_content`,`name`,`last_online`,`avatar`,`created_at`,`updated_at`,`deleted_at` FROM `customer_admin_chat_settings` WHERE (`admin_id`=1) AND `deleted_at` IS NULL LIMIT 1
2024-11-23 23:47:44.781 [DEBU] {908ce47694a30a186fb0454745ba5c3f} [ 57 ms] [default] [] [rows:1  ] SELECT `id`,`customer_id`,`username`,`password`,`created_at`,`updated_at`,`deleted_at` FROM `customer_admins` WHERE (`id`=1) AND `deleted_at` IS NULL LIMIT 1
2024-11-23 23:47:44.781 [DEBU] {1887807694a30a186db0454791772ef7} [ 65 ms] [default] [] [rows:1  ] SELECT `id`,`customer_id`,`username`,`password`,`created_at`,`updated_at`,`deleted_at` FROM `customer_admins` WHERE (`id`=1) AND `deleted_at` IS NULL LIMIT 1
2024-11-23 23:47:44.807 [DEBU] {1887807694a30a186db0454791772ef7} [ 23 ms] [default] [] [rows:1  ] SELECT `id`,`admin_id`,`background`,`is_auto_accept`,`welcome_content`,`offline_content`,`name`,`last_online`,`avatar`,`created_at`,`updated_at`,`deleted_at` FROM `customer_admin_chat_settings` WHERE (`admin_id`=1) AND `deleted_at` IS NULL LIMIT 1
2024-11-23 23:48:50.226 [DEBU] {d0caabb3a3a30a1875b04547c092c400} [ 59 ms] [default] [] [rows:1  ] SELECT `id`,`customer_id`,`username`,`password`,`created_at`,`updated_at`,`deleted_at` FROM `customer_admins` WHERE (`id`=1) AND `deleted_at` IS NULL LIMIT 1
2024-11-23 23:48:50.228 [DEBU] {0052a9b3a3a30a1873b0454722555a80} [ 60 ms] [default] [] [rows:1  ] SELECT `id`,`customer_id`,`username`,`password`,`created_at`,`updated_at`,`deleted_at` FROM `customer_admins` WHERE (`id`=1) AND `deleted_at` IS NULL LIMIT 1
2024-11-23 23:48:50.251 [DEBU] {d0caabb3a3a30a1875b04547c092c400} [ 22 ms] [default] [] [rows:1  ] SELECT `id`,`admin_id`,`background`,`is_auto_accept`,`welcome_content`,`offline_content`,`name`,`last_online`,`avatar`,`created_at`,`updated_at`,`deleted_at` FROM `customer_admin_chat_settings` WHERE (`admin_id`=1) AND `deleted_at` IS NULL LIMIT 1
2024-11-23 23:49:26.172 [DEBU] {a0d06912aca30a1879b04547a563b2a8} [ 50 ms] [default] [] [rows:1  ] SELECT `id`,`customer_id`,`username`,`password`,`created_at`,`updated_at`,`deleted_at` FROM `customer_admins` WHERE (`id`=1) AND `deleted_at` IS NULL LIMIT 1
2024-11-23 23:49:26.176 [DEBU] {20fd6c12aca30a187ab045471ade6567} [ 54 ms] [default] [] [rows:1  ] SELECT `id`,`customer_id`,`username`,`password`,`created_at`,`updated_at`,`deleted_at` FROM `customer_admins` WHERE (`id`=1) AND `deleted_at` IS NULL LIMIT 1
2024-11-23 23:49:26.197 [DEBU] {20fd6c12aca30a187ab045471ade6567} [ 20 ms] [default] [] [rows:1  ] SELECT `id`,`admin_id`,`background`,`is_auto_accept`,`welcome_content`,`offline_content`,`name`,`last_online`,`avatar`,`created_at`,`updated_at`,`deleted_at` FROM `customer_admin_chat_settings` WHERE (`admin_id`=1) AND `deleted_at` IS NULL LIMIT 1
2024-11-23 23:49:29.271 [DEBU] {9097f2ccaca30a187fb04547a17aa537} [ 25 ms] [default] [] [rows:1  ] SELECT `id`,`customer_id`,`username`,`password`,`created_at`,`updated_at`,`deleted_at` FROM `customer_admins` WHERE (`id`=1) AND `deleted_at` IS NULL LIMIT 1
2024-11-23 23:49:29.272 [DEBU] {f063f8ccaca30a1881b04547c07d69c3} [ 26 ms] [default] [] [rows:1  ] SELECT `id`,`customer_id`,`username`,`password`,`created_at`,`updated_at`,`deleted_at` FROM `customer_admins` WHERE (`id`=1) AND `deleted_at` IS NULL LIMIT 1
2024-11-23 23:49:29.304 [DEBU] {9097f2ccaca30a187fb04547a17aa537} [ 32 ms] [default] [] [rows:1  ] SELECT `id`,`admin_id`,`background`,`is_auto_accept`,`welcome_content`,`offline_content`,`name`,`last_online`,`avatar`,`created_at`,`updated_at`,`deleted_at` FROM `customer_admin_chat_settings` WHERE (`admin_id`=1) AND `deleted_at` IS NULL LIMIT 1
2024-11-23 23:50:44.479 [DEBU] {3894e34dbea30a1886b0454750be9823} [ 55 ms] [default] [] [rows:1  ] SELECT `id`,`customer_id`,`username`,`password`,`created_at`,`updated_at`,`deleted_at` FROM `customer_admins` WHERE (`id`=1) AND `deleted_at` IS NULL LIMIT 1
2024-11-23 23:50:44.482 [DEBU] {5090e34dbea30a1885b0454717825c18} [ 58 ms] [default] [] [rows:1  ] SELECT `id`,`customer_id`,`username`,`password`,`created_at`,`updated_at`,`deleted_at` FROM `customer_admins` WHERE (`id`=1) AND `deleted_at` IS NULL LIMIT 1
2024-11-23 23:50:44.505 [DEBU] {5090e34dbea30a1885b0454717825c18} [ 22 ms] [default] [] [rows:1  ] SELECT `id`,`admin_id`,`background`,`is_auto_accept`,`welcome_content`,`offline_content`,`name`,`last_online`,`avatar`,`created_at`,`updated_at`,`deleted_at` FROM `customer_admin_chat_settings` WHERE (`admin_id`=1) AND `deleted_at` IS NULL LIMIT 1
2024-11-23 23:50:51.034 [DEBU] {40a397d6bfa30a188bb04547322fe473} [ 23 ms] [default] [] [rows:1  ] SELECT `id`,`customer_id`,`username`,`password`,`created_at`,`updated_at`,`deleted_at` FROM `customer_admins` WHERE (`id`=1) AND `deleted_at` IS NULL LIMIT 1
2024-11-23 23:50:51.035 [DEBU] {a85c99d6bfa30a188db045470ebcbb1e} [ 23 ms] [default] [] [rows:1  ] SELECT `id`,`customer_id`,`username`,`password`,`created_at`,`updated_at`,`deleted_at` FROM `customer_admins` WHERE (`id`=1) AND `deleted_at` IS NULL LIMIT 1
2024-11-23 23:50:51.055 [DEBU] {a85c99d6bfa30a188db045470ebcbb1e} [ 19 ms] [default] [] [rows:1  ] SELECT `id`,`admin_id`,`background`,`is_auto_accept`,`welcome_content`,`offline_content`,`name`,`last_online`,`avatar`,`created_at`,`updated_at`,`deleted_at` FROM `customer_admin_chat_settings` WHERE (`admin_id`=1) AND `deleted_at` IS NULL LIMIT 1
2024-11-23 23:50:55.932 [DEBU] {98119dfac0a30a1891b045476076761d} [ 21 ms] [default] [] [rows:1  ] SELECT `id`,`customer_id`,`username`,`password`,`created_at`,`updated_at`,`deleted_at` FROM `customer_admins` WHERE (`id`=1) AND `deleted_at` IS NULL LIMIT 1
2024-11-23 23:50:55.932 [DEBU] {184a9efac0a30a1892b045472b5d6afb} [ 21 ms] [default] [] [rows:1  ] SELECT `id`,`customer_id`,`username`,`password`,`created_at`,`updated_at`,`deleted_at` FROM `customer_admins` WHERE (`id`=1) AND `deleted_at` IS NULL LIMIT 1
2024-11-23 23:50:55.956 [DEBU] {98119dfac0a30a1891b045476076761d} [ 23 ms] [default] [] [rows:1  ] SELECT `id`,`admin_id`,`background`,`is_auto_accept`,`welcome_content`,`offline_content`,`name`,`last_online`,`avatar`,`created_at`,`updated_at`,`deleted_at` FROM `customer_admin_chat_settings` WHERE (`admin_id`=1) AND `deleted_at` IS NULL LIMIT 1
2024-11-23 23:53:17.528 [DEBU] {e8cd33f0e1a30a186cfefd085a68ea1b} [ 56 ms] [default] [] [rows:7  ] SHOW FULL COLUMNS FROM `customer_admins`
2024-11-23 23:53:17.540 [DEBU] {e8cd33f0e1a30a186cfefd085a68ea1b} [ 11 ms] [default] [] [rows:12 ] SHOW TABLES
2024-11-23 23:53:17.563 [DEBU] {406c33f0e1a30a186bfefd08fefddde9} [ 22 ms] [default] [] [rows:1  ] SELECT `id`,`customer_id`,`username`,`password`,`created_at`,`updated_at`,`deleted_at` FROM `customer_admins` WHERE (`id`=1) AND `deleted_at` IS NULL LIMIT 1
2024-11-23 23:53:17.594 [DEBU] {e8cd33f0e1a30a186cfefd085a68ea1b} [ 53 ms] [default] [] [rows:1  ] SELECT `id`,`customer_id`,`username`,`password`,`created_at`,`updated_at`,`deleted_at` FROM `customer_admins` WHERE (`id`=1) AND `deleted_at` IS NULL LIMIT 1
2024-11-23 23:53:17.605 [DEBU] {e8cd33f0e1a30a186cfefd085a68ea1b} [ 11 ms] [default] [] [rows:12 ] SHOW FULL COLUMNS FROM `customer_admin_chat_settings`
2024-11-23 23:53:17.626 [DEBU] {e8cd33f0e1a30a186cfefd085a68ea1b} [ 21 ms] [default] [] [rows:1  ] SELECT `id`,`admin_id`,`background`,`is_auto_accept`,`welcome_content`,`offline_content`,`name`,`last_online`,`avatar`,`created_at`,`updated_at`,`deleted_at` FROM `customer_admin_chat_settings` WHERE (`admin_id`=1) AND `deleted_at` IS NULL LIMIT 1
2024-11-23 23:53:19.715 [DEBU] {6846a774e2a30a1870fefd08e6641086} [ 23 ms] [default] [] [rows:1  ] SELECT `id`,`customer_id`,`username`,`password`,`created_at`,`updated_at`,`deleted_at` FROM `customer_admins` WHERE (`id`=1) AND `deleted_at` IS NULL LIMIT 1
2024-11-23 23:53:19.727 [DEBU] {6846a774e2a30a1870fefd08e6641086} [ 11 ms] [default] [] [rows:13 ] SHOW FULL COLUMNS FROM `customer_chat_files`
2024-11-23 23:53:19.748 [DEBU] {6846a774e2a30a1870fefd08e6641086} [ 21 ms] [default] [] [rows:26 ] SELECT `id`,`customer_id`,`disk`,`path`,`name`,`from_model`,`from_id`,`type`,`created_at`,`updated_at`,`deleted_at`,`is_resource` FROM `customer_chat_files` WHERE (`customer_id`=1) AND `deleted_at` IS NULL ORDER BY `id` desc LIMIT 50
2024-11-23 23:53:19.769 [DEBU] {6846a774e2a30a1870fefd08e6641086} [ 21 ms] [default] [] [rows:1  ] SELECT COUNT(1) FROM `customer_chat_files` WHERE (`customer_id`=1) AND `deleted_at` IS NULL
2024-11-23 23:53:52.322 [DEBU] {88fea40aeaa30a180ffffd085365f5cc} [ 48 ms] [default] [] [rows:1  ] SELECT `id`,`customer_id`,`username`,`password`,`created_at`,`updated_at`,`deleted_at` FROM `customer_admins` WHERE (`id`=1) AND `deleted_at` IS NULL LIMIT 1
2024-11-23 23:53:52.339 [DEBU] {88fea40aeaa30a180ffffd085365f5cc} [ 16 ms] [default] [] [rows:26 ] SELECT `id`,`customer_id`,`disk`,`path`,`name`,`from_model`,`from_id`,`type`,`created_at`,`updated_at`,`deleted_at`,`is_resource` FROM `customer_chat_files` WHERE (`customer_id`=1) AND `deleted_at` IS NULL ORDER BY `id` desc LIMIT 50
2024-11-23 23:53:52.355 [DEBU] {88fea40aeaa30a180ffffd085365f5cc} [ 15 ms] [default] [] [rows:1  ] SELECT COUNT(1) FROM `customer_chat_files` WHERE (`customer_id`=1) AND `deleted_at` IS NULL
