2024-11-24 00:02:00.992 [DEBU] {483c45d25ba40a18affffd0830537bed} [ 37 ms] [default] [] [rows:1  ] SELECT `id`,`customer_id`,`username`,`password`,`created_at`,`updated_at`,`deleted_at` FROM `customer_admins` WHERE (`id`=1) AND `deleted_at` IS NULL LIMIT 1
2024-11-24 00:02:01.011 [DEBU] {90fa4dd25ba40a18b1fffd08177f9bd5} [ 56 ms] [default] [] [rows:1  ] SELECT `id`,`customer_id`,`username`,`password`,`created_at`,`updated_at`,`deleted_at` FROM `customer_admins` WHERE (`id`=1) AND `deleted_at` IS NULL LIMIT 1
2024-11-24 00:02:01.033 [DEBU] {90fa4dd25ba40a18b1fffd08177f9bd5} [ 21 ms] [default] [] [rows:1  ] SELECT `id`,`admin_id`,`background`,`is_auto_accept`,`welcome_content`,`offline_content`,`name`,`last_online`,`avatar`,`created_at`,`updated_at`,`deleted_at` FROM `customer_admin_chat_settings` WHERE (`admin_id`=1) AND `deleted_at` IS NULL LIMIT 1
2024-11-24 00:02:43.612 [DEBU] {4888efbd65a40a18b5fffd087ed583b7} [ 45 ms] [default] [] [rows:1  ] SELECT `id`,`customer_id`,`username`,`password`,`created_at`,`updated_at`,`deleted_at` FROM `customer_admins` WHERE (`id`=1) AND `deleted_at` IS NULL LIMIT 1
2024-11-24 00:02:43.620 [DEBU] {00313ebe65a40a18b7fffd0817421d2f} [ 52 ms] [default] [] [rows:1  ] SELECT `id`,`customer_id`,`username`,`password`,`created_at`,`updated_at`,`deleted_at` FROM `customer_admins` WHERE (`id`=1) AND `deleted_at` IS NULL LIMIT 1
2024-11-24 00:02:43.642 [DEBU] {00313ebe65a40a18b7fffd0817421d2f} [ 21 ms] [default] [] [rows:1  ] SELECT `id`,`admin_id`,`background`,`is_auto_accept`,`welcome_content`,`offline_content`,`name`,`last_online`,`avatar`,`created_at`,`updated_at`,`deleted_at` FROM `customer_admin_chat_settings` WHERE (`admin_id`=1) AND `deleted_at` IS NULL LIMIT 1
2024-11-24 00:03:09.888 [DEBU] {5079f3dd6ba40a18befffd08a5dcbebf} [ 19 ms] [default] [] [rows:1  ] SELECT `id`,`customer_id`,`username`,`password`,`created_at`,`updated_at`,`deleted_at` FROM `customer_admins` WHERE (`id`=1) AND `deleted_at` IS NULL LIMIT 1
2024-11-24 00:03:09.892 [DEBU] {7831f0dd6ba40a18bcfffd089657da6a} [ 23 ms] [default] [] [rows:1  ] SELECT `id`,`customer_id`,`username`,`password`,`created_at`,`updated_at`,`deleted_at` FROM `customer_admins` WHERE (`id`=1) AND `deleted_at` IS NULL LIMIT 1
2024-11-24 00:03:09.905 [DEBU] {5079f3dd6ba40a18befffd08a5dcbebf} [ 17 ms] [default] [] [rows:26 ] SELECT `id`,`customer_id`,`disk`,`path`,`name`,`from_model`,`from_id`,`type`,`created_at`,`updated_at`,`deleted_at`,`is_resource` FROM `customer_chat_files` WHERE (`customer_id`=1) AND `deleted_at` IS NULL ORDER BY `id` desc LIMIT 50
2024-11-24 00:03:09.909 [DEBU] {28d3f3dd6ba40a18bffffd08f0f3300e} [ 40 ms] [default] [] [rows:1  ] SELECT `id`,`customer_id`,`username`,`password`,`created_at`,`updated_at`,`deleted_at` FROM `customer_admins` WHERE (`id`=1) AND `deleted_at` IS NULL LIMIT 1
2024-11-24 00:03:09.913 [DEBU] {7831f0dd6ba40a18bcfffd089657da6a} [ 21 ms] [default] [] [rows:1  ] SELECT `id`,`admin_id`,`background`,`is_auto_accept`,`welcome_content`,`offline_content`,`name`,`last_online`,`avatar`,`created_at`,`updated_at`,`deleted_at` FROM `customer_admin_chat_settings` WHERE (`admin_id`=1) AND `deleted_at` IS NULL LIMIT 1
2024-11-24 00:03:09.922 [DEBU] {5079f3dd6ba40a18befffd08a5dcbebf} [ 17 ms] [default] [] [rows:1  ] SELECT COUNT(1) FROM `customer_chat_files` WHERE (`customer_id`=1) AND `deleted_at` IS NULL
2024-11-24 00:04:19.616 [DEBU] {782d90187ca40a186500fe088946c29b} [ 44 ms] [default] [] [rows:1  ] SELECT `id`,`customer_id`,`username`,`password`,`created_at`,`updated_at`,`deleted_at` FROM `customer_admins` WHERE (`id`=1) AND `deleted_at` IS NULL LIMIT 1
2024-11-24 00:04:19.616 [DEBU] {e0f88e187ca40a186300fe08faea2714} [ 44 ms] [default] [] [rows:1  ] SELECT `id`,`customer_id`,`username`,`password`,`created_at`,`updated_at`,`deleted_at` FROM `customer_admins` WHERE (`id`=1) AND `deleted_at` IS NULL LIMIT 1
2024-11-24 00:04:19.623 [DEBU] {98b786187ca40a186100fe081a881b06} [ 51 ms] [default] [] [rows:1  ] SELECT `id`,`customer_id`,`username`,`password`,`created_at`,`updated_at`,`deleted_at` FROM `customer_admins` WHERE (`id`=1) AND `deleted_at` IS NULL LIMIT 1
2024-11-24 00:04:19.634 [DEBU] {e0f88e187ca40a186300fe08faea2714} [ 17 ms] [default] [] [rows:26 ] SELECT `id`,`customer_id`,`disk`,`path`,`name`,`from_model`,`from_id`,`type`,`created_at`,`updated_at`,`deleted_at`,`is_resource` FROM `customer_chat_files` WHERE (`customer_id`=1) AND `deleted_at` IS NULL ORDER BY `id` desc LIMIT 50
2024-11-24 00:04:19.641 [DEBU] {98b786187ca40a186100fe081a881b06} [ 18 ms] [default] [] [rows:1  ] SELECT `id`,`admin_id`,`background`,`is_auto_accept`,`welcome_content`,`offline_content`,`name`,`last_online`,`avatar`,`created_at`,`updated_at`,`deleted_at` FROM `customer_admin_chat_settings` WHERE (`admin_id`=1) AND `deleted_at` IS NULL LIMIT 1
2024-11-24 00:04:19.650 [DEBU] {e0f88e187ca40a186300fe08faea2714} [ 16 ms] [default] [] [rows:1  ] SELECT COUNT(1) FROM `customer_chat_files` WHERE (`customer_id`=1) AND `deleted_at` IS NULL
2024-11-24 00:25:36.363 [DEBU] {a000e65ba5a50a180701fe085618726a} [ 49 ms] [default] [] [rows:1  ] SELECT `id`,`customer_id`,`username`,`password`,`created_at`,`updated_at`,`deleted_at` FROM `customer_admins` WHERE (`id`=1) AND `deleted_at` IS NULL LIMIT 1
2024-11-24 00:25:36.364 [DEBU] {48e5e55ba5a50a180601fe08c6f360e6} [ 50 ms] [default] [] [rows:1  ] SELECT `id`,`customer_id`,`username`,`password`,`created_at`,`updated_at`,`deleted_at` FROM `customer_admins` WHERE (`id`=1) AND `deleted_at` IS NULL LIMIT 1
2024-11-24 00:25:36.367 [DEBU] {b879e65ba5a50a180801fe08658d128a} [ 53 ms] [default] [] [rows:1  ] SELECT `id`,`customer_id`,`username`,`password`,`created_at`,`updated_at`,`deleted_at` FROM `customer_admins` WHERE (`id`=1) AND `deleted_at` IS NULL LIMIT 1
2024-11-24 00:25:36.382 [DEBU] {48e5e55ba5a50a180601fe08c6f360e6} [ 16 ms] [default] [] [rows:26 ] SELECT `id`,`customer_id`,`disk`,`path`,`name`,`from_model`,`from_id`,`type`,`created_at`,`updated_at`,`deleted_at`,`is_resource` FROM `customer_chat_files` WHERE (`customer_id`=1) AND `deleted_at` IS NULL ORDER BY `id` desc LIMIT 50
2024-11-24 00:25:36.387 [DEBU] {b879e65ba5a50a180801fe08658d128a} [ 20 ms] [default] [] [rows:1  ] SELECT `id`,`admin_id`,`background`,`is_auto_accept`,`welcome_content`,`offline_content`,`name`,`last_online`,`avatar`,`created_at`,`updated_at`,`deleted_at` FROM `customer_admin_chat_settings` WHERE (`admin_id`=1) AND `deleted_at` IS NULL LIMIT 1
2024-11-24 00:25:36.398 [DEBU] {48e5e55ba5a50a180601fe08c6f360e6} [ 16 ms] [default] [] [rows:1  ] SELECT COUNT(1) FROM `customer_chat_files` WHERE (`customer_id`=1) AND `deleted_at` IS NULL
2024-11-24 00:26:35.628 [DEBU] {30e14a28b3a50a18ab01fe08a47a62e4} [ 56 ms] [default] [] [rows:1  ] SELECT `id`,`customer_id`,`username`,`password`,`created_at`,`updated_at`,`deleted_at` FROM `customer_admins` WHERE (`id`=1) AND `deleted_at` IS NULL LIMIT 1
2024-11-24 00:26:35.629 [DEBU] {58fe4b28b3a50a18ad01fe08342fd4b6} [ 57 ms] [default] [] [rows:1  ] SELECT `id`,`customer_id`,`username`,`password`,`created_at`,`updated_at`,`deleted_at` FROM `customer_admins` WHERE (`id`=1) AND `deleted_at` IS NULL LIMIT 1
2024-11-24 00:26:35.630 [DEBU] {d8bf4b28b3a50a18ac01fe08d7f867b5} [ 58 ms] [default] [] [rows:1  ] SELECT `id`,`customer_id`,`username`,`password`,`created_at`,`updated_at`,`deleted_at` FROM `customer_admins` WHERE (`id`=1) AND `deleted_at` IS NULL LIMIT 1
2024-11-24 00:26:35.656 [DEBU] {30e14a28b3a50a18ab01fe08a47a62e4} [ 25 ms] [default] [] [rows:1  ] SELECT `id`,`admin_id`,`background`,`is_auto_accept`,`welcome_content`,`offline_content`,`name`,`last_online`,`avatar`,`created_at`,`updated_at`,`deleted_at` FROM `customer_admin_chat_settings` WHERE (`admin_id`=1) AND `deleted_at` IS NULL LIMIT 1
2024-11-24 00:26:35.656 [DEBU] {58fe4b28b3a50a18ad01fe08342fd4b6} [ 25 ms] [default] [] [rows:26 ] SELECT `id`,`customer_id`,`disk`,`path`,`name`,`from_model`,`from_id`,`type`,`created_at`,`updated_at`,`deleted_at`,`is_resource` FROM `customer_chat_files` WHERE (`customer_id`=1) AND `deleted_at` IS NULL ORDER BY `id` desc LIMIT 50
2024-11-24 00:26:35.679 [DEBU] {58fe4b28b3a50a18ad01fe08342fd4b6} [ 22 ms] [default] [] [rows:1  ] SELECT COUNT(1) FROM `customer_chat_files` WHERE (`customer_id`=1) AND `deleted_at` IS NULL
2024-11-24 00:26:44.721 [DEBU] {c85c4748b5a50a185202fe08d9cc1086} [ 24 ms] [default] [] [rows:1  ] SELECT `id`,`customer_id`,`username`,`password`,`created_at`,`updated_at`,`deleted_at` FROM `customer_admins` WHERE (`id`=1) AND `deleted_at` IS NULL LIMIT 1
2024-11-24 00:26:44.721 [DEBU] {70c44648b5a50a185102fe08e481a941} [ 24 ms] [default] [] [rows:1  ] SELECT `id`,`customer_id`,`username`,`password`,`created_at`,`updated_at`,`deleted_at` FROM `customer_admins` WHERE (`id`=1) AND `deleted_at` IS NULL LIMIT 1
2024-11-24 00:26:44.721 [DEBU] {d03d4548b5a50a185002fe08b9e8e694} [ 24 ms] [default] [] [rows:1  ] SELECT `id`,`customer_id`,`username`,`password`,`created_at`,`updated_at`,`deleted_at` FROM `customer_admins` WHERE (`id`=1) AND `deleted_at` IS NULL LIMIT 1
2024-11-24 00:26:44.745 [DEBU] {c85c4748b5a50a185202fe08d9cc1086} [ 23 ms] [default] [] [rows:1  ] SELECT `id`,`admin_id`,`background`,`is_auto_accept`,`welcome_content`,`offline_content`,`name`,`last_online`,`avatar`,`created_at`,`updated_at`,`deleted_at` FROM `customer_admin_chat_settings` WHERE (`admin_id`=1) AND `deleted_at` IS NULL LIMIT 1
2024-11-24 00:26:44.745 [DEBU] {70c44648b5a50a185102fe08e481a941} [ 23 ms] [default] [] [rows:26 ] SELECT `id`,`customer_id`,`disk`,`path`,`name`,`from_model`,`from_id`,`type`,`created_at`,`updated_at`,`deleted_at`,`is_resource` FROM `customer_chat_files` WHERE (`customer_id`=1) AND `deleted_at` IS NULL ORDER BY `id` desc LIMIT 50
2024-11-24 00:26:44.767 [DEBU] {70c44648b5a50a185102fe08e481a941} [ 22 ms] [default] [] [rows:1  ] SELECT COUNT(1) FROM `customer_chat_files` WHERE (`customer_id`=1) AND `deleted_at` IS NULL
2024-11-24 00:27:13.347 [DEBU] {a00d8cf1bba50a18f602fe08929c1e13} [ 36 ms] [default] [] [rows:1  ] SELECT `id`,`customer_id`,`username`,`password`,`created_at`,`updated_at`,`deleted_at` FROM `customer_admins` WHERE (`id`=1) AND `deleted_at` IS NULL LIMIT 1
2024-11-24 00:27:13.368 [DEBU] {80e385f1bba50a18f502fe0861904a3a} [ 55 ms] [default] [] [rows:1  ] SELECT `id`,`customer_id`,`username`,`password`,`created_at`,`updated_at`,`deleted_at` FROM `customer_admins` WHERE (`id`=1) AND `deleted_at` IS NULL LIMIT 1
2024-11-24 00:27:13.371 [DEBU] {f0f99af1bba50a18f902fe0802dbc3bd} [ 60 ms] [default] [] [rows:1  ] SELECT `id`,`customer_id`,`username`,`password`,`created_at`,`updated_at`,`deleted_at` FROM `customer_admins` WHERE (`id`=1) AND `deleted_at` IS NULL LIMIT 1
2024-11-24 00:27:13.395 [DEBU] {f0f99af1bba50a18f902fe0802dbc3bd} [ 24 ms] [default] [] [rows:1  ] SELECT `id`,`admin_id`,`background`,`is_auto_accept`,`welcome_content`,`offline_content`,`name`,`last_online`,`avatar`,`created_at`,`updated_at`,`deleted_at` FROM `customer_admin_chat_settings` WHERE (`admin_id`=1) AND `deleted_at` IS NULL LIMIT 1
2024-11-24 00:27:13.395 [DEBU] {80e385f1bba50a18f502fe0861904a3a} [ 25 ms] [default] [] [rows:26 ] SELECT `id`,`customer_id`,`disk`,`path`,`name`,`from_model`,`from_id`,`type`,`created_at`,`updated_at`,`deleted_at`,`is_resource` FROM `customer_chat_files` WHERE (`customer_id`=1) AND `deleted_at` IS NULL ORDER BY `id` desc LIMIT 50
2024-11-24 00:27:13.419 [DEBU] {80e385f1bba50a18f502fe0861904a3a} [ 21 ms] [default] [] [rows:1  ] SELECT COUNT(1) FROM `customer_chat_files` WHERE (`customer_id`=1) AND `deleted_at` IS NULL
2024-11-24 00:27:30.429 [DEBU] {684dfdecbfa50a189e03fe088ec67a4b} [ 17 ms] [default] [] [rows:1  ] SELECT `id`,`customer_id`,`username`,`password`,`created_at`,`updated_at`,`deleted_at` FROM `customer_admins` WHERE (`id`=1) AND `deleted_at` IS NULL LIMIT 1
2024-11-24 00:27:30.436 [DEBU] {b0bfe8ecbfa50a189a03fe08c5d51786} [ 26 ms] [default] [] [rows:1  ] SELECT `id`,`customer_id`,`username`,`password`,`created_at`,`updated_at`,`deleted_at` FROM `customer_admins` WHERE (`id`=1) AND `deleted_at` IS NULL LIMIT 1
2024-11-24 00:27:30.437 [DEBU] {50bdebecbfa50a189b03fe087c7b2b3d} [ 27 ms] [default] [] [rows:1  ] SELECT `id`,`customer_id`,`username`,`password`,`created_at`,`updated_at`,`deleted_at` FROM `customer_admins` WHERE (`id`=1) AND `deleted_at` IS NULL LIMIT 1
2024-11-24 00:27:30.460 [DEBU] {b0bfe8ecbfa50a189a03fe08c5d51786} [ 23 ms] [default] [] [rows:1  ] SELECT `id`,`admin_id`,`background`,`is_auto_accept`,`welcome_content`,`offline_content`,`name`,`last_online`,`avatar`,`created_at`,`updated_at`,`deleted_at` FROM `customer_admin_chat_settings` WHERE (`admin_id`=1) AND `deleted_at` IS NULL LIMIT 1
2024-11-24 00:27:30.462 [DEBU] {50bdebecbfa50a189b03fe087c7b2b3d} [ 24 ms] [default] [] [rows:26 ] SELECT `id`,`customer_id`,`disk`,`path`,`name`,`from_model`,`from_id`,`type`,`created_at`,`updated_at`,`deleted_at`,`is_resource` FROM `customer_chat_files` WHERE (`customer_id`=1) AND `deleted_at` IS NULL ORDER BY `id` desc LIMIT 50
2024-11-24 00:27:30.484 [DEBU] {50bdebecbfa50a189b03fe087c7b2b3d} [ 22 ms] [default] [] [rows:1  ] SELECT COUNT(1) FROM `customer_chat_files` WHERE (`customer_id`=1) AND `deleted_at` IS NULL
2024-11-24 00:28:13.383 [DEBU] {181cd0ebc9a50a183f04fe0883f7bf16} [ 42 ms] [default] [] [rows:1  ] SELECT `id`,`customer_id`,`username`,`password`,`created_at`,`updated_at`,`deleted_at` FROM `customer_admins` WHERE (`id`=1) AND `deleted_at` IS NULL LIMIT 1
2024-11-24 00:28:13.393 [DEBU] {48c6dcebc9a50a184304fe08b7810d65} [ 51 ms] [default] [] [rows:1  ] SELECT `id`,`customer_id`,`username`,`password`,`created_at`,`updated_at`,`deleted_at` FROM `customer_admins` WHERE (`id`=1) AND `deleted_at` IS NULL LIMIT 1
2024-11-24 00:28:13.396 [DEBU] {b8a8d0ebc9a50a184004fe08944c8f09} [ 55 ms] [default] [] [rows:1  ] SELECT `id`,`customer_id`,`username`,`password`,`created_at`,`updated_at`,`deleted_at` FROM `customer_admins` WHERE (`id`=1) AND `deleted_at` IS NULL LIMIT 1
2024-11-24 00:28:13.399 [DEBU] {181cd0ebc9a50a183f04fe0883f7bf16} [ 16 ms] [default] [] [rows:1  ] SELECT `id`,`admin_id`,`background`,`is_auto_accept`,`welcome_content`,`offline_content`,`name`,`last_online`,`avatar`,`created_at`,`updated_at`,`deleted_at` FROM `customer_admin_chat_settings` WHERE (`admin_id`=1) AND `deleted_at` IS NULL LIMIT 1
2024-11-24 00:28:13.420 [DEBU] {b8a8d0ebc9a50a184004fe08944c8f09} [ 23 ms] [default] [] [rows:26 ] SELECT `id`,`customer_id`,`disk`,`path`,`name`,`from_model`,`from_id`,`type`,`created_at`,`updated_at`,`deleted_at`,`is_resource` FROM `customer_chat_files` WHERE (`customer_id`=1) AND `deleted_at` IS NULL ORDER BY `id` desc LIMIT 50
2024-11-24 00:28:13.444 [DEBU] {b8a8d0ebc9a50a184004fe08944c8f09} [ 23 ms] [default] [] [rows:1  ] SELECT COUNT(1) FROM `customer_chat_files` WHERE (`customer_id`=1) AND `deleted_at` IS NULL
2024-11-24 00:28:50.289 [DEBU] {a8c88e83d2a50a18e404fe08827f622b} [ 42 ms] [default] [] [rows:1  ] SELECT `id`,`customer_id`,`username`,`password`,`created_at`,`updated_at`,`deleted_at` FROM `customer_admins` WHERE (`id`=1) AND `deleted_at` IS NULL LIMIT 1
2024-11-24 00:28:50.290 [DEBU] {588da183d2a50a18e604fe08c29951cf} [ 42 ms] [default] [] [rows:1  ] SELECT `id`,`customer_id`,`username`,`password`,`created_at`,`updated_at`,`deleted_at` FROM `customer_admins` WHERE (`id`=1) AND `deleted_at` IS NULL LIMIT 1
2024-11-24 00:28:50.299 [DEBU] {f06db083d2a50a18e804fe080d1c48c6} [ 50 ms] [default] [] [rows:1  ] SELECT `id`,`customer_id`,`username`,`password`,`created_at`,`updated_at`,`deleted_at` FROM `customer_admins` WHERE (`id`=1) AND `deleted_at` IS NULL LIMIT 1
2024-11-24 00:28:50.306 [DEBU] {588da183d2a50a18e604fe08c29951cf} [ 16 ms] [default] [] [rows:1  ] SELECT `id`,`admin_id`,`background`,`is_auto_accept`,`welcome_content`,`offline_content`,`name`,`last_online`,`avatar`,`created_at`,`updated_at`,`deleted_at` FROM `customer_admin_chat_settings` WHERE (`admin_id`=1) AND `deleted_at` IS NULL LIMIT 1
2024-11-24 00:28:50.320 [DEBU] {f06db083d2a50a18e804fe080d1c48c6} [ 21 ms] [default] [] [rows:26 ] SELECT `id`,`customer_id`,`disk`,`path`,`name`,`from_model`,`from_id`,`type`,`created_at`,`updated_at`,`deleted_at`,`is_resource` FROM `customer_chat_files` WHERE (`customer_id`=1) AND `deleted_at` IS NULL ORDER BY `id` desc LIMIT 50
2024-11-24 00:28:50.339 [DEBU] {f06db083d2a50a18e804fe080d1c48c6} [ 19 ms] [default] [] [rows:1  ] SELECT COUNT(1) FROM `customer_chat_files` WHERE (`customer_id`=1) AND `deleted_at` IS NULL
2024-11-24 00:29:05.279 [DEBU] {6080a102d6a50a188c05fe08217ed03c} [ 16 ms] [default] [] [rows:1  ] SELECT `id`,`customer_id`,`username`,`password`,`created_at`,`updated_at`,`deleted_at` FROM `customer_admins` WHERE (`id`=1) AND `deleted_at` IS NULL LIMIT 1
2024-11-24 00:29:05.282 [DEBU] {f068a102d6a50a188b05fe0806aef40c} [ 19 ms] [default] [] [rows:1  ] SELECT `id`,`customer_id`,`username`,`password`,`created_at`,`updated_at`,`deleted_at` FROM `customer_admins` WHERE (`id`=1) AND `deleted_at` IS NULL LIMIT 1
2024-11-24 00:29:05.283 [DEBU] {d0eb9302d6a50a188905fe087dcb87c5} [ 20 ms] [default] [] [rows:1  ] SELECT `id`,`customer_id`,`username`,`password`,`created_at`,`updated_at`,`deleted_at` FROM `customer_admins` WHERE (`id`=1) AND `deleted_at` IS NULL LIMIT 1
2024-11-24 00:29:05.296 [DEBU] {6080a102d6a50a188c05fe08217ed03c} [ 15 ms] [default] [] [rows:1  ] SELECT `id`,`admin_id`,`background`,`is_auto_accept`,`welcome_content`,`offline_content`,`name`,`last_online`,`avatar`,`created_at`,`updated_at`,`deleted_at` FROM `customer_admin_chat_settings` WHERE (`admin_id`=1) AND `deleted_at` IS NULL LIMIT 1
2024-11-24 00:29:05.305 [DEBU] {d0eb9302d6a50a188905fe087dcb87c5} [ 22 ms] [default] [] [rows:26 ] SELECT `id`,`customer_id`,`disk`,`path`,`name`,`from_model`,`from_id`,`type`,`created_at`,`updated_at`,`deleted_at`,`is_resource` FROM `customer_chat_files` WHERE (`customer_id`=1) AND `deleted_at` IS NULL ORDER BY `id` desc LIMIT 50
2024-11-24 00:29:05.325 [DEBU] {d0eb9302d6a50a188905fe087dcb87c5} [ 19 ms] [default] [] [rows:1  ] SELECT COUNT(1) FROM `customer_chat_files` WHERE (`customer_id`=1) AND `deleted_at` IS NULL
2024-11-24 00:29:39.706 [DEBU] {28a821f9dda50a183206fe083ad03d1b} [241 ms] [default] [] [rows:1  ] SELECT `id`,`customer_id`,`username`,`password`,`created_at`,`updated_at`,`deleted_at` FROM `customer_admins` WHERE (`id`=1) AND `deleted_at` IS NULL LIMIT 1
2024-11-24 00:29:39.707 [DEBU] {c8c31ff9dda50a183006fe08cd77e644} [243 ms] [default] [] [rows:1  ] SELECT `id`,`customer_id`,`username`,`password`,`created_at`,`updated_at`,`deleted_at` FROM `customer_admins` WHERE (`id`=1) AND `deleted_at` IS NULL LIMIT 1
2024-11-24 00:29:39.719 [DEBU] {f07b1cf9dda50a182e06fe085326650c} [256 ms] [default] [] [rows:1  ] SELECT `id`,`customer_id`,`username`,`password`,`created_at`,`updated_at`,`deleted_at` FROM `customer_admins` WHERE (`id`=1) AND `deleted_at` IS NULL LIMIT 1
2024-11-24 00:29:39.722 [DEBU] {28a821f9dda50a183206fe083ad03d1b} [ 16 ms] [default] [] [rows:26 ] SELECT `id`,`customer_id`,`disk`,`path`,`name`,`from_model`,`from_id`,`type`,`created_at`,`updated_at`,`deleted_at`,`is_resource` FROM `customer_chat_files` WHERE (`customer_id`=1) AND `deleted_at` IS NULL ORDER BY `id` desc LIMIT 50
2024-11-24 00:29:39.723 [DEBU] {c8c31ff9dda50a183006fe08cd77e644} [ 16 ms] [default] [] [rows:1  ] SELECT `id`,`admin_id`,`background`,`is_auto_accept`,`welcome_content`,`offline_content`,`name`,`last_online`,`avatar`,`created_at`,`updated_at`,`deleted_at` FROM `customer_admin_chat_settings` WHERE (`admin_id`=1) AND `deleted_at` IS NULL LIMIT 1
2024-11-24 00:29:39.740 [DEBU] {28a821f9dda50a183206fe083ad03d1b} [ 17 ms] [default] [] [rows:1  ] SELECT COUNT(1) FROM `customer_chat_files` WHERE (`customer_id`=1) AND `deleted_at` IS NULL
2024-11-24 11:13:59.605 [DEBU] {9023a73907c90a18d206fe08a5c1b850} [ 49 ms] [default] [] [rows:1  ] SELECT `id`,`customer_id`,`username`,`password`,`created_at`,`updated_at`,`deleted_at` FROM `customer_admins` WHERE (`id`=1) AND `deleted_at` IS NULL LIMIT 1
2024-11-24 11:13:59.617 [DEBU] {b887b13907c90a18d306fe081208fd67} [ 61 ms] [default] [] [rows:1  ] SELECT `id`,`customer_id`,`username`,`password`,`created_at`,`updated_at`,`deleted_at` FROM `customer_admins` WHERE (`id`=1) AND `deleted_at` IS NULL LIMIT 1
2024-11-24 11:13:59.641 [DEBU] {b887b13907c90a18d306fe081208fd67} [ 24 ms] [default] [] [rows:1  ] SELECT `id`,`admin_id`,`background`,`is_auto_accept`,`welcome_content`,`offline_content`,`name`,`last_online`,`avatar`,`created_at`,`updated_at`,`deleted_at` FROM `customer_admin_chat_settings` WHERE (`admin_id`=1) AND `deleted_at` IS NULL LIMIT 1
2024-11-24 11:14:20.558 [DEBU] {b8d51b1d0cc90a18d806fe08dea693ba} [ 15 ms] [default] [] [rows:1  ] SELECT `id`,`customer_id`,`username`,`password`,`created_at`,`updated_at`,`deleted_at` FROM `customer_admins` WHERE (`id`=1) AND `deleted_at` IS NULL LIMIT 1
2024-11-24 11:14:20.569 [DEBU] {80081c1d0cc90a18d906fe0813913603} [ 26 ms] [default] [] [rows:1  ] SELECT `id`,`customer_id`,`username`,`password`,`created_at`,`updated_at`,`deleted_at` FROM `customer_admins` WHERE (`id`=1) AND `deleted_at` IS NULL LIMIT 1
2024-11-24 11:14:20.593 [DEBU] {80081c1d0cc90a18d906fe0813913603} [ 24 ms] [default] [] [rows:1  ] SELECT `id`,`admin_id`,`background`,`is_auto_accept`,`welcome_content`,`offline_content`,`name`,`last_online`,`avatar`,`created_at`,`updated_at`,`deleted_at` FROM `customer_admin_chat_settings` WHERE (`admin_id`=1) AND `deleted_at` IS NULL LIMIT 1
2024-11-24 11:16:10.828 [DEBU] {f83f1bc825c90a18e006fe080c88b3d8} [ 42 ms] [default] [] [rows:1  ] SELECT `id`,`customer_id`,`username`,`password`,`created_at`,`updated_at`,`deleted_at` FROM `customer_admins` WHERE (`id`=1) AND `deleted_at` IS NULL LIMIT 1
2024-11-24 11:16:10.838 [DEBU] {70dafec725c90a18de06fe0895d7fcba} [ 53 ms] [default] [] [rows:1  ] SELECT `id`,`customer_id`,`username`,`password`,`created_at`,`updated_at`,`deleted_at` FROM `customer_admins` WHERE (`id`=1) AND `deleted_at` IS NULL LIMIT 1
2024-11-24 11:16:10.858 [DEBU] {70dafec725c90a18de06fe0895d7fcba} [ 20 ms] [default] [] [rows:1  ] SELECT `id`,`admin_id`,`background`,`is_auto_accept`,`welcome_content`,`offline_content`,`name`,`last_online`,`avatar`,`created_at`,`updated_at`,`deleted_at` FROM `customer_admin_chat_settings` WHERE (`admin_id`=1) AND `deleted_at` IS NULL LIMIT 1
2024-11-24 11:16:34.082 [DEBU] {08e112332bc90a18e506fe08e3f70672} [ 21 ms] [default] [] [rows:1  ] SELECT `id`,`customer_id`,`username`,`password`,`created_at`,`updated_at`,`deleted_at` FROM `customer_admins` WHERE (`id`=1) AND `deleted_at` IS NULL LIMIT 1
2024-11-24 11:16:34.087 [DEBU] {10a753332bc90a18e606fe08f0849001} [ 26 ms] [default] [] [rows:1  ] SELECT `id`,`customer_id`,`username`,`password`,`created_at`,`updated_at`,`deleted_at` FROM `customer_admins` WHERE (`id`=1) AND `deleted_at` IS NULL LIMIT 1
2024-11-24 11:16:34.097 [DEBU] {08e112332bc90a18e506fe08e3f70672} [ 15 ms] [default] [] [rows:1  ] SELECT `id`,`admin_id`,`background`,`is_auto_accept`,`welcome_content`,`offline_content`,`name`,`last_online`,`avatar`,`created_at`,`updated_at`,`deleted_at` FROM `customer_admin_chat_settings` WHERE (`admin_id`=1) AND `deleted_at` IS NULL LIMIT 1
2024-11-24 11:16:34.112 [DEBU] {10a753332bc90a18e606fe08f0849001} [ 21 ms] [default] [] [rows:26 ] SELECT `id`,`customer_id`,`disk`,`path`,`name`,`from_model`,`from_id`,`type`,`created_at`,`updated_at`,`deleted_at`,`is_resource` FROM `customer_chat_files` WHERE (`customer_id`=1) AND `deleted_at` IS NULL ORDER BY `id` desc LIMIT 50
2024-11-24 11:16:34.121 [DEBU] {a00056332bc90a18e906fe0827471706} [ 60 ms] [default] [] [rows:1  ] SELECT `id`,`customer_id`,`username`,`password`,`created_at`,`updated_at`,`deleted_at` FROM `customer_admins` WHERE (`id`=1) AND `deleted_at` IS NULL LIMIT 1
2024-11-24 11:16:34.147 [DEBU] {10a753332bc90a18e606fe08f0849001} [ 33 ms] [default] [] [rows:1  ] SELECT COUNT(1) FROM `customer_chat_files` WHERE (`customer_id`=1) AND `deleted_at` IS NULL
2024-11-24 11:23:54.307 [DEBU] {4806ddb091c90a18beb2fb28a6624064} [ 53 ms] [default] [] [rows:7  ] SHOW FULL COLUMNS FROM `customer_admins`
2024-11-24 11:23:54.320 [DEBU] {4806ddb091c90a18beb2fb28a6624064} [ 12 ms] [default] [] [rows:12 ] SHOW TABLES
2024-11-24 11:23:54.343 [DEBU] {a0a4dcb091c90a18bdb2fb2801370c45} [ 22 ms] [default] [] [rows:1  ] SELECT `id`,`customer_id`,`username`,`password`,`created_at`,`updated_at`,`deleted_at` FROM `customer_admins` WHERE (`id`=1) AND `deleted_at` IS NULL LIMIT 1
2024-11-24 11:23:54.364 [DEBU] {4806ddb091c90a18beb2fb28a6624064} [ 43 ms] [default] [] [rows:1  ] SELECT `id`,`customer_id`,`username`,`password`,`created_at`,`updated_at`,`deleted_at` FROM `customer_admins` WHERE (`id`=1) AND `deleted_at` IS NULL LIMIT 1
2024-11-24 11:23:54.370 [DEBU] {a0a4dcb091c90a18bcb2fb28d3871e4d} [ 49 ms] [default] [] [rows:1  ] SELECT `id`,`customer_id`,`username`,`password`,`created_at`,`updated_at`,`deleted_at` FROM `customer_admins` WHERE (`id`=1) AND `deleted_at` IS NULL LIMIT 1
2024-11-24 11:23:54.373 [DEBU] {4806ddb091c90a18beb2fb28a6624064} [  8 ms] [default] [] [rows:13 ] SHOW FULL COLUMNS FROM `customer_chat_files`
2024-11-24 11:23:54.385 [DEBU] {a0a4dcb091c90a18bcb2fb28d3871e4d} [ 11 ms] [default] [] [rows:12 ] SHOW FULL COLUMNS FROM `customer_admin_chat_settings`
2024-11-24 11:23:54.400 [DEBU] {a0a4dcb091c90a18bcb2fb28d3871e4d} [ 15 ms] [default] [] [rows:1  ] SELECT `id`,`admin_id`,`background`,`is_auto_accept`,`welcome_content`,`offline_content`,`name`,`last_online`,`avatar`,`created_at`,`updated_at`,`deleted_at` FROM `customer_admin_chat_settings` WHERE (`admin_id`=1) AND `deleted_at` IS NULL LIMIT 1
2024-11-24 11:23:54.406 [DEBU] {4806ddb091c90a18beb2fb28a6624064} [ 21 ms] [default] [] [rows:26 ] SELECT `id`,`customer_id`,`disk`,`path`,`name`,`from_model`,`from_id`,`type`,`created_at`,`updated_at`,`deleted_at`,`is_resource` FROM `customer_chat_files` WHERE (`customer_id`=1) AND `deleted_at` IS NULL ORDER BY `id` desc LIMIT 50
2024-11-24 11:23:54.433 [DEBU] {4806ddb091c90a18beb2fb28a6624064} [ 27 ms] [default] [] [rows:1  ] SELECT COUNT(1) FROM `customer_chat_files` WHERE (`customer_id`=1) AND `deleted_at` IS NULL
2024-11-24 11:59:02.831 [DEBU] {48736c9f7ccb0a189bb3fb283b7be2c0} [ 43 ms] [default] [] [rows:1  ] SELECT `id`,`customer_id`,`username`,`password`,`created_at`,`updated_at`,`deleted_at` FROM `customer_admins` WHERE (`id`=1) AND `deleted_at` IS NULL LIMIT 1
2024-11-24 11:59:02.844 [DEBU] {f8326b9f7ccb0a189ab3fb28841e83c3} [ 56 ms] [default] [] [rows:1  ] SELECT `id`,`customer_id`,`username`,`password`,`created_at`,`updated_at`,`deleted_at` FROM `customer_admins` WHERE (`id`=1) AND `deleted_at` IS NULL LIMIT 1
2024-11-24 11:59:02.847 [DEBU] {18f26d9f7ccb0a189cb3fb289e8a392e} [ 59 ms] [default] [] [rows:1  ] SELECT `id`,`customer_id`,`username`,`password`,`created_at`,`updated_at`,`deleted_at` FROM `customer_admins` WHERE (`id`=1) AND `deleted_at` IS NULL LIMIT 1
2024-11-24 11:59:02.873 [DEBU] {f8326b9f7ccb0a189ab3fb28841e83c3} [ 27 ms] [default] [] [rows:26 ] SELECT `id`,`customer_id`,`disk`,`path`,`name`,`from_model`,`from_id`,`type`,`created_at`,`updated_at`,`deleted_at`,`is_resource` FROM `customer_chat_files` WHERE (`customer_id`=1) AND `deleted_at` IS NULL ORDER BY `id` desc LIMIT 50
2024-11-24 11:59:02.873 [DEBU] {18f26d9f7ccb0a189cb3fb289e8a392e} [ 25 ms] [default] [] [rows:1  ] SELECT `id`,`admin_id`,`background`,`is_auto_accept`,`welcome_content`,`offline_content`,`name`,`last_online`,`avatar`,`created_at`,`updated_at`,`deleted_at` FROM `customer_admin_chat_settings` WHERE (`admin_id`=1) AND `deleted_at` IS NULL LIMIT 1
2024-11-24 11:59:02.896 [DEBU] {f8326b9f7ccb0a189ab3fb28841e83c3} [ 22 ms] [default] [] [rows:1  ] SELECT COUNT(1) FROM `customer_chat_files` WHERE (`customer_id`=1) AND `deleted_at` IS NULL
2024-11-24 12:08:24.957 [DEBU] {60138780ffcb0a1859b4fb284f69bf4c} [ 46 ms] [default] [] [rows:1  ] SELECT `id`,`customer_id`,`username`,`password`,`created_at`,`updated_at`,`deleted_at` FROM `customer_admins` WHERE (`id`=1) AND `deleted_at` IS NULL LIMIT 1
2024-11-24 12:08:24.964 [DEBU] {60728c80ffcb0a185bb4fb28fe834bba} [ 53 ms] [default] [] [rows:1  ] SELECT `id`,`customer_id`,`username`,`password`,`created_at`,`updated_at`,`deleted_at` FROM `customer_admins` WHERE (`id`=1) AND `deleted_at` IS NULL LIMIT 1
2024-11-24 12:08:24.968 [DEBU] {f05a8c80ffcb0a185ab4fb28dbb6c772} [ 57 ms] [default] [] [rows:1  ] SELECT `id`,`customer_id`,`username`,`password`,`created_at`,`updated_at`,`deleted_at` FROM `customer_admins` WHERE (`id`=1) AND `deleted_at` IS NULL LIMIT 1
2024-11-24 12:08:24.972 [DEBU] {60138780ffcb0a1859b4fb284f69bf4c} [ 15 ms] [default] [] [rows:1  ] SELECT `id`,`admin_id`,`background`,`is_auto_accept`,`welcome_content`,`offline_content`,`name`,`last_online`,`avatar`,`created_at`,`updated_at`,`deleted_at` FROM `customer_admin_chat_settings` WHERE (`admin_id`=1) AND `deleted_at` IS NULL LIMIT 1
2024-11-24 12:08:24.986 [DEBU] {60728c80ffcb0a185bb4fb28fe834bba} [ 22 ms] [default] [] [rows:26 ] SELECT `id`,`customer_id`,`disk`,`path`,`name`,`from_model`,`from_id`,`type`,`created_at`,`updated_at`,`deleted_at`,`is_resource` FROM `customer_chat_files` WHERE (`customer_id`=1) AND `deleted_at` IS NULL ORDER BY `id` desc LIMIT 50
2024-11-24 12:08:25.007 [DEBU] {60728c80ffcb0a185bb4fb28fe834bba} [ 21 ms] [default] [] [rows:1  ] SELECT COUNT(1) FROM `customer_chat_files` WHERE (`customer_id`=1) AND `deleted_at` IS NULL
2024-11-24 19:17:30.400 [DEBU] {c0b1c1d469e30a1837b5fb281039dd0e} [ 39 ms] [default] [] [rows:1  ] SELECT `id`,`customer_id`,`username`,`password`,`created_at`,`updated_at`,`deleted_at` FROM `customer_admins` WHERE (`id`=1) AND `deleted_at` IS NULL LIMIT 1
2024-11-24 19:17:30.415 [DEBU] {d82ac2d469e30a1838b5fb28f35ddae8} [ 53 ms] [default] [] [rows:1  ] SELECT `id`,`customer_id`,`username`,`password`,`created_at`,`updated_at`,`deleted_at` FROM `customer_admins` WHERE (`id`=1) AND `deleted_at` IS NULL LIMIT 1
2024-11-24 19:17:30.421 [DEBU] {d830c1d469e30a1836b5fb2839391371} [ 60 ms] [default] [] [rows:1  ] SELECT `id`,`customer_id`,`username`,`password`,`created_at`,`updated_at`,`deleted_at` FROM `customer_admins` WHERE (`id`=1) AND `deleted_at` IS NULL LIMIT 1
2024-11-24 19:17:30.437 [DEBU] {d82ac2d469e30a1838b5fb28f35ddae8} [ 21 ms] [default] [] [rows:1  ] SELECT `id`,`admin_id`,`background`,`is_auto_accept`,`welcome_content`,`offline_content`,`name`,`last_online`,`avatar`,`created_at`,`updated_at`,`deleted_at` FROM `customer_admin_chat_settings` WHERE (`admin_id`=1) AND `deleted_at` IS NULL LIMIT 1
2024-11-24 19:17:30.456 [DEBU] {d830c1d469e30a1836b5fb2839391371} [ 34 ms] [default] [] [rows:26 ] SELECT `id`,`customer_id`,`disk`,`path`,`name`,`from_model`,`from_id`,`type`,`created_at`,`updated_at`,`deleted_at`,`is_resource` FROM `customer_chat_files` WHERE (`customer_id`=1) AND `deleted_at` IS NULL ORDER BY `id` desc LIMIT 50
2024-11-24 19:17:30.481 [DEBU] {d830c1d469e30a1836b5fb2839391371} [ 25 ms] [default] [] [rows:1  ] SELECT COUNT(1) FROM `customer_chat_files` WHERE (`customer_id`=1) AND `deleted_at` IS NULL
2024-11-24 19:17:59.386 [DEBU] {003bdb9570e30a1813b6fb283887de28} [ 19 ms] [default] [] [rows:1  ] SELECT `id`,`customer_id`,`username`,`password`,`created_at`,`updated_at`,`deleted_at` FROM `customer_admins` WHERE (`id`=1) AND `deleted_at` IS NULL LIMIT 1
2024-11-24 19:17:59.390 [DEBU] {b8d5d89570e30a180fb6fb285d6edef0} [ 23 ms] [default] [] [rows:1  ] SELECT `id`,`customer_id`,`username`,`password`,`created_at`,`updated_at`,`deleted_at` FROM `customer_admins` WHERE (`id`=1) AND `deleted_at` IS NULL LIMIT 1
2024-11-24 19:17:59.392 [DEBU] {2864da9570e30a1810b6fb2891b4bad3} [ 25 ms] [default] [] [rows:1  ] SELECT `id`,`customer_id`,`username`,`password`,`created_at`,`updated_at`,`deleted_at` FROM `customer_admins` WHERE (`id`=1) AND `deleted_at` IS NULL LIMIT 1
2024-11-24 19:17:59.401 [DEBU] {003bdb9570e30a1813b6fb283887de28} [ 13 ms] [default] [] [rows:1  ] SELECT `id`,`admin_id`,`background`,`is_auto_accept`,`welcome_content`,`offline_content`,`name`,`last_online`,`avatar`,`created_at`,`updated_at`,`deleted_at` FROM `customer_admin_chat_settings` WHERE (`admin_id`=1) AND `deleted_at` IS NULL LIMIT 1
2024-11-24 19:17:59.410 [DEBU] {b8d5d89570e30a180fb6fb285d6edef0} [ 20 ms] [default] [] [rows:26 ] SELECT `id`,`customer_id`,`disk`,`path`,`name`,`from_model`,`from_id`,`type`,`created_at`,`updated_at`,`deleted_at`,`is_resource` FROM `customer_chat_files` WHERE (`customer_id`=1) AND `deleted_at` IS NULL ORDER BY `id` desc LIMIT 50
2024-11-24 19:17:59.436 [DEBU] {b8d5d89570e30a180fb6fb285d6edef0} [ 26 ms] [default] [] [rows:1  ] SELECT COUNT(1) FROM `customer_chat_files` WHERE (`customer_id`=1) AND `deleted_at` IS NULL
2024-11-24 19:19:37.659 [DEBU] {d083da7587e30a18ccb6fb28a5f335fc} [ 44 ms] [default] [] [rows:1  ] SELECT `id`,`customer_id`,`username`,`password`,`created_at`,`updated_at`,`deleted_at` FROM `customer_admins` WHERE (`id`=1) AND `deleted_at` IS NULL LIMIT 1
2024-11-24 19:19:37.668 [DEBU] {e87fda7587e30a18cbb6fb2851edc6a5} [ 53 ms] [default] [] [rows:1  ] SELECT `id`,`customer_id`,`username`,`password`,`created_at`,`updated_at`,`deleted_at` FROM `customer_admins` WHERE (`id`=1) AND `deleted_at` IS NULL LIMIT 1
2024-11-24 19:19:37.670 [DEBU] {289fda7587e30a18cdb6fb288b1c0626} [ 55 ms] [default] [] [rows:1  ] SELECT `id`,`customer_id`,`username`,`password`,`created_at`,`updated_at`,`deleted_at` FROM `customer_admins` WHERE (`id`=1) AND `deleted_at` IS NULL LIMIT 1
2024-11-24 19:19:37.676 [DEBU] {d083da7587e30a18ccb6fb28a5f335fc} [ 16 ms] [default] [] [rows:1  ] SELECT `id`,`admin_id`,`background`,`is_auto_accept`,`welcome_content`,`offline_content`,`name`,`last_online`,`avatar`,`created_at`,`updated_at`,`deleted_at` FROM `customer_admin_chat_settings` WHERE (`admin_id`=1) AND `deleted_at` IS NULL LIMIT 1
2024-11-24 19:19:37.691 [DEBU] {e87fda7587e30a18cbb6fb2851edc6a5} [ 23 ms] [default] [] [rows:26 ] SELECT `id`,`customer_id`,`disk`,`path`,`name`,`from_model`,`from_id`,`type`,`created_at`,`updated_at`,`deleted_at`,`is_resource` FROM `customer_chat_files` WHERE (`customer_id`=1) AND `deleted_at` IS NULL ORDER BY `id` desc LIMIT 50
2024-11-24 19:19:37.711 [DEBU] {e87fda7587e30a18cbb6fb2851edc6a5} [ 20 ms] [default] [] [rows:1  ] SELECT COUNT(1) FROM `customer_chat_files` WHERE (`customer_id`=1) AND `deleted_at` IS NULL
2024-11-24 19:20:08.692 [DEBU] {78eeb3af8ee30a1888b7fb28085edc69} [ 42 ms] [default] [] [rows:1  ] SELECT `id`,`customer_id`,`username`,`password`,`created_at`,`updated_at`,`deleted_at` FROM `customer_admins` WHERE (`id`=1) AND `deleted_at` IS NULL LIMIT 1
2024-11-24 19:20:08.705 [DEBU] {b0c1b2af8ee30a1887b7fb2872f833bd} [ 55 ms] [default] [] [rows:1  ] SELECT `id`,`customer_id`,`username`,`password`,`created_at`,`updated_at`,`deleted_at` FROM `customer_admins` WHERE (`id`=1) AND `deleted_at` IS NULL LIMIT 1
2024-11-24 19:20:08.718 [DEBU] {5042b5af8ee30a188bb7fb281bc1bab4} [ 68 ms] [default] [] [rows:1  ] SELECT `id`,`customer_id`,`username`,`password`,`created_at`,`updated_at`,`deleted_at` FROM `customer_admins` WHERE (`id`=1) AND `deleted_at` IS NULL LIMIT 1
2024-11-24 19:20:08.727 [DEBU] {b0c1b2af8ee30a1887b7fb2872f833bd} [ 22 ms] [default] [] [rows:26 ] SELECT `id`,`customer_id`,`disk`,`path`,`name`,`from_model`,`from_id`,`type`,`created_at`,`updated_at`,`deleted_at`,`is_resource` FROM `customer_chat_files` WHERE (`customer_id`=1) AND `deleted_at` IS NULL ORDER BY `id` desc LIMIT 50
2024-11-24 19:20:08.740 [DEBU] {5042b5af8ee30a188bb7fb281bc1bab4} [ 22 ms] [default] [] [rows:1  ] SELECT `id`,`admin_id`,`background`,`is_auto_accept`,`welcome_content`,`offline_content`,`name`,`last_online`,`avatar`,`created_at`,`updated_at`,`deleted_at` FROM `customer_admin_chat_settings` WHERE (`admin_id`=1) AND `deleted_at` IS NULL LIMIT 1
2024-11-24 19:20:08.749 [DEBU] {b0c1b2af8ee30a1887b7fb2872f833bd} [ 22 ms] [default] [] [rows:1  ] SELECT COUNT(1) FROM `customer_chat_files` WHERE (`customer_id`=1) AND `deleted_at` IS NULL
2024-11-24 19:21:22.294 [DEBU] {d0bce6d19fe30a1843b8fb281fdcced9} [ 55 ms] [default] [] [rows:1  ] SELECT `id`,`customer_id`,`username`,`password`,`created_at`,`updated_at`,`deleted_at` FROM `customer_admins` WHERE (`id`=1) AND `deleted_at` IS NULL LIMIT 1
2024-11-24 19:21:22.295 [DEBU] {58acecd19fe30a1845b8fb281bb9372b} [ 56 ms] [default] [] [rows:1  ] SELECT `id`,`customer_id`,`username`,`password`,`created_at`,`updated_at`,`deleted_at` FROM `customer_admins` WHERE (`id`=1) AND `deleted_at` IS NULL LIMIT 1
2024-11-24 19:21:22.306 [DEBU] {08f5e9d19fe30a1844b8fb28060002fc} [ 67 ms] [default] [] [rows:1  ] SELECT `id`,`customer_id`,`username`,`password`,`created_at`,`updated_at`,`deleted_at` FROM `customer_admins` WHERE (`id`=1) AND `deleted_at` IS NULL LIMIT 1
2024-11-24 19:21:22.311 [DEBU] {58acecd19fe30a1845b8fb281bb9372b} [ 15 ms] [default] [] [rows:1  ] SELECT `id`,`admin_id`,`background`,`is_auto_accept`,`welcome_content`,`offline_content`,`name`,`last_online`,`avatar`,`created_at`,`updated_at`,`deleted_at` FROM `customer_admin_chat_settings` WHERE (`admin_id`=1) AND `deleted_at` IS NULL LIMIT 1
2024-11-24 19:21:22.311 [DEBU] {d0bce6d19fe30a1843b8fb281fdcced9} [ 16 ms] [default] [] [rows:26 ] SELECT `id`,`customer_id`,`disk`,`path`,`name`,`from_model`,`from_id`,`type`,`created_at`,`updated_at`,`deleted_at`,`is_resource` FROM `customer_chat_files` WHERE (`customer_id`=1) AND `deleted_at` IS NULL ORDER BY `id` desc LIMIT 50
2024-11-24 19:21:22.326 [DEBU] {d0bce6d19fe30a1843b8fb281fdcced9} [ 14 ms] [default] [] [rows:1  ] SELECT COUNT(1) FROM `customer_chat_files` WHERE (`customer_id`=1) AND `deleted_at` IS NULL
2024-11-24 19:21:29.673 [DEBU] {083bed8ba1e30a1800b9fb28c08a08f6} [ 19 ms] [default] [] [rows:1  ] SELECT `id`,`customer_id`,`username`,`password`,`created_at`,`updated_at`,`deleted_at` FROM `customer_admins` WHERE (`id`=1) AND `deleted_at` IS NULL LIMIT 1
2024-11-24 19:21:29.673 [DEBU] {8063e38ba1e30a18ffb8fb28e85d0006} [ 19 ms] [default] [] [rows:1  ] SELECT `id`,`customer_id`,`username`,`password`,`created_at`,`updated_at`,`deleted_at` FROM `customer_admins` WHERE (`id`=1) AND `deleted_at` IS NULL LIMIT 1
2024-11-24 19:21:29.678 [DEBU] {98d5f98ba1e30a1803b9fb2822f0f178} [ 23 ms] [default] [] [rows:1  ] SELECT `id`,`customer_id`,`username`,`password`,`created_at`,`updated_at`,`deleted_at` FROM `customer_admins` WHERE (`id`=1) AND `deleted_at` IS NULL LIMIT 1
2024-11-24 19:21:29.689 [DEBU] {083bed8ba1e30a1800b9fb28c08a08f6} [ 15 ms] [default] [] [rows:26 ] SELECT `id`,`customer_id`,`disk`,`path`,`name`,`from_model`,`from_id`,`type`,`created_at`,`updated_at`,`deleted_at`,`is_resource` FROM `customer_chat_files` WHERE (`customer_id`=1) AND `deleted_at` IS NULL ORDER BY `id` desc LIMIT 50
2024-11-24 19:21:29.700 [DEBU] {98d5f98ba1e30a1803b9fb2822f0f178} [ 21 ms] [default] [] [rows:1  ] SELECT `id`,`admin_id`,`background`,`is_auto_accept`,`welcome_content`,`offline_content`,`name`,`last_online`,`avatar`,`created_at`,`updated_at`,`deleted_at` FROM `customer_admin_chat_settings` WHERE (`admin_id`=1) AND `deleted_at` IS NULL LIMIT 1
2024-11-24 19:21:29.705 [DEBU] {083bed8ba1e30a1800b9fb28c08a08f6} [ 16 ms] [default] [] [rows:1  ] SELECT COUNT(1) FROM `customer_chat_files` WHERE (`customer_id`=1) AND `deleted_at` IS NULL
2024-11-24 19:21:43.024 [DEBU] {903cd6a7a4e30a18bcb9fb28fa4bda4f} [ 17 ms] [default] [] [rows:1  ] SELECT `id`,`customer_id`,`username`,`password`,`created_at`,`updated_at`,`deleted_at` FROM `customer_admins` WHERE (`id`=1) AND `deleted_at` IS NULL LIMIT 1
2024-11-24 19:21:43.025 [DEBU] {0823d7a7a4e30a18beb9fb2801d4d94e} [ 18 ms] [default] [] [rows:1  ] SELECT `id`,`customer_id`,`username`,`password`,`created_at`,`updated_at`,`deleted_at` FROM `customer_admins` WHERE (`id`=1) AND `deleted_at` IS NULL LIMIT 1
2024-11-24 19:21:43.029 [DEBU] {9894d5a7a4e30a18bbb9fb2884769aea} [ 22 ms] [default] [] [rows:1  ] SELECT `id`,`customer_id`,`username`,`password`,`created_at`,`updated_at`,`deleted_at` FROM `customer_admins` WHERE (`id`=1) AND `deleted_at` IS NULL LIMIT 1
2024-11-24 19:21:43.040 [DEBU] {903cd6a7a4e30a18bcb9fb28fa4bda4f} [ 15 ms] [default] [] [rows:1  ] SELECT `id`,`admin_id`,`background`,`is_auto_accept`,`welcome_content`,`offline_content`,`name`,`last_online`,`avatar`,`created_at`,`updated_at`,`deleted_at` FROM `customer_admin_chat_settings` WHERE (`admin_id`=1) AND `deleted_at` IS NULL LIMIT 1
2024-11-24 19:21:43.050 [DEBU] {9894d5a7a4e30a18bbb9fb2884769aea} [ 20 ms] [default] [] [rows:26 ] SELECT `id`,`customer_id`,`disk`,`path`,`name`,`from_model`,`from_id`,`type`,`created_at`,`updated_at`,`deleted_at`,`is_resource` FROM `customer_chat_files` WHERE (`customer_id`=1) AND `deleted_at` IS NULL ORDER BY `id` desc LIMIT 50
2024-11-24 19:21:43.078 [DEBU] {9894d5a7a4e30a18bbb9fb2884769aea} [ 28 ms] [default] [] [rows:1  ] SELECT COUNT(1) FROM `customer_chat_files` WHERE (`customer_id`=1) AND `deleted_at` IS NULL
2024-11-24 19:22:10.831 [DEBU] {4889261fabe30a187ebafb287cd8e5d8} [ 52 ms] [default] [] [rows:1  ] SELECT `id`,`customer_id`,`username`,`password`,`created_at`,`updated_at`,`deleted_at` FROM `customer_admins` WHERE (`id`=1) AND `deleted_at` IS NULL LIMIT 1
2024-11-24 19:22:10.836 [DEBU] {68071f1fabe30a187cbafb2882594598} [ 57 ms] [default] [] [rows:1  ] SELECT `id`,`customer_id`,`username`,`password`,`created_at`,`updated_at`,`deleted_at` FROM `customer_admins` WHERE (`id`=1) AND `deleted_at` IS NULL LIMIT 1
2024-11-24 19:22:10.842 [DEBU] {184a1d1fabe30a187abafb28405760cd} [ 63 ms] [default] [] [rows:1  ] SELECT `id`,`customer_id`,`username`,`password`,`created_at`,`updated_at`,`deleted_at` FROM `customer_admins` WHERE (`id`=1) AND `deleted_at` IS NULL LIMIT 1
2024-11-24 19:22:10.856 [DEBU] {68071f1fabe30a187cbafb2882594598} [ 20 ms] [default] [] [rows:26 ] SELECT `id`,`customer_id`,`disk`,`path`,`name`,`from_model`,`from_id`,`type`,`created_at`,`updated_at`,`deleted_at`,`is_resource` FROM `customer_chat_files` WHERE (`customer_id`=1) AND `deleted_at` IS NULL ORDER BY `id` desc LIMIT 50
2024-11-24 19:22:10.863 [DEBU] {184a1d1fabe30a187abafb28405760cd} [ 21 ms] [default] [] [rows:1  ] SELECT `id`,`admin_id`,`background`,`is_auto_accept`,`welcome_content`,`offline_content`,`name`,`last_online`,`avatar`,`created_at`,`updated_at`,`deleted_at` FROM `customer_admin_chat_settings` WHERE (`admin_id`=1) AND `deleted_at` IS NULL LIMIT 1
2024-11-24 19:22:10.878 [DEBU] {68071f1fabe30a187cbafb2882594598} [ 21 ms] [default] [] [rows:1  ] SELECT COUNT(1) FROM `customer_chat_files` WHERE (`customer_id`=1) AND `deleted_at` IS NULL
2024-11-24 19:22:26.518 [DEBU] {e0baecc7aee30a1839bbfb28bc9067ba} [ 23 ms] [default] [] [rows:1  ] SELECT `id`,`customer_id`,`username`,`password`,`created_at`,`updated_at`,`deleted_at` FROM `customer_admins` WHERE (`id`=1) AND `deleted_at` IS NULL LIMIT 1
2024-11-24 19:22:26.519 [DEBU] {f05eedc7aee30a183abbfb28abc0865d} [ 24 ms] [default] [] [rows:1  ] SELECT `id`,`customer_id`,`username`,`password`,`created_at`,`updated_at`,`deleted_at` FROM `customer_admins` WHERE (`id`=1) AND `deleted_at` IS NULL LIMIT 1
2024-11-24 19:22:26.520 [DEBU] {2820efc7aee30a183dbbfb28dfd34994} [ 25 ms] [default] [] [rows:1  ] SELECT `id`,`customer_id`,`username`,`password`,`created_at`,`updated_at`,`deleted_at` FROM `customer_admins` WHERE (`id`=1) AND `deleted_at` IS NULL LIMIT 1
2024-11-24 19:22:26.538 [DEBU] {e0baecc7aee30a1839bbfb28bc9067ba} [ 20 ms] [default] [] [rows:26 ] SELECT `id`,`customer_id`,`disk`,`path`,`name`,`from_model`,`from_id`,`type`,`created_at`,`updated_at`,`deleted_at`,`is_resource` FROM `customer_chat_files` WHERE (`customer_id`=1) AND `deleted_at` IS NULL ORDER BY `id` desc LIMIT 50
2024-11-24 19:22:26.541 [DEBU] {f05eedc7aee30a183abbfb28abc0865d} [ 21 ms] [default] [] [rows:1  ] SELECT `id`,`admin_id`,`background`,`is_auto_accept`,`welcome_content`,`offline_content`,`name`,`last_online`,`avatar`,`created_at`,`updated_at`,`deleted_at` FROM `customer_admin_chat_settings` WHERE (`admin_id`=1) AND `deleted_at` IS NULL LIMIT 1
2024-11-24 19:22:26.559 [DEBU] {e0baecc7aee30a1839bbfb28bc9067ba} [ 21 ms] [default] [] [rows:1  ] SELECT COUNT(1) FROM `customer_chat_files` WHERE (`customer_id`=1) AND `deleted_at` IS NULL
2024-11-24 19:22:42.037 [DEBU] {3026a663b2e30a18fbbbfb284a6638de} [ 44 ms] [default] [] [rows:1  ] SELECT `id`,`customer_id`,`username`,`password`,`created_at`,`updated_at`,`deleted_at` FROM `customer_admins` WHERE (`id`=1) AND `deleted_at` IS NULL LIMIT 1
2024-11-24 19:22:42.040 [DEBU] {f006a663b2e30a18fabbfb28a8c7a581} [ 47 ms] [default] [] [rows:1  ] SELECT `id`,`customer_id`,`username`,`password`,`created_at`,`updated_at`,`deleted_at` FROM `customer_admins` WHERE (`id`=1) AND `deleted_at` IS NULL LIMIT 1
2024-11-24 19:22:42.040 [DEBU] {885b7863b2e30a18f8bbfb28c768cb45} [ 50 ms] [default] [] [rows:1  ] SELECT `id`,`customer_id`,`username`,`password`,`created_at`,`updated_at`,`deleted_at` FROM `customer_admins` WHERE (`id`=1) AND `deleted_at` IS NULL LIMIT 1
2024-11-24 19:22:42.178 [DEBU] {3026a663b2e30a18fbbbfb284a6638de} [141 ms] [default] [] [rows:1  ] SELECT `id`,`admin_id`,`background`,`is_auto_accept`,`welcome_content`,`offline_content`,`name`,`last_online`,`avatar`,`created_at`,`updated_at`,`deleted_at` FROM `customer_admin_chat_settings` WHERE (`admin_id`=1) AND `deleted_at` IS NULL LIMIT 1
2024-11-24 19:22:42.184 [DEBU] {885b7863b2e30a18f8bbfb28c768cb45} [143 ms] [default] [] [rows:26 ] SELECT `id`,`customer_id`,`disk`,`path`,`name`,`from_model`,`from_id`,`type`,`created_at`,`updated_at`,`deleted_at`,`is_resource` FROM `customer_chat_files` WHERE (`customer_id`=1) AND `deleted_at` IS NULL ORDER BY `id` desc LIMIT 50
2024-11-24 19:22:42.202 [DEBU] {885b7863b2e30a18f8bbfb28c768cb45} [ 17 ms] [default] [] [rows:1  ] SELECT COUNT(1) FROM `customer_chat_files` WHERE (`customer_id`=1) AND `deleted_at` IS NULL
2024-11-24 19:22:58.774 [DEBU] {b0fb0749b6e30a18b9bcfb28ebcbb774} [ 48 ms] [default] [] [rows:1  ] SELECT `id`,`customer_id`,`username`,`password`,`created_at`,`updated_at`,`deleted_at` FROM `customer_admins` WHERE (`id`=1) AND `deleted_at` IS NULL LIMIT 1
2024-11-24 19:22:58.774 [DEBU] {f0cdff48b6e30a18b7bcfb28bc366983} [ 48 ms] [default] [] [rows:1  ] SELECT `id`,`customer_id`,`username`,`password`,`created_at`,`updated_at`,`deleted_at` FROM `customer_admins` WHERE (`id`=1) AND `deleted_at` IS NULL LIMIT 1
2024-11-24 19:22:58.774 [DEBU] {98ff0749b6e30a18babcfb28c257db51} [ 48 ms] [default] [] [rows:1  ] SELECT `id`,`customer_id`,`username`,`password`,`created_at`,`updated_at`,`deleted_at` FROM `customer_admins` WHERE (`id`=1) AND `deleted_at` IS NULL LIMIT 1
2024-11-24 19:22:58.789 [DEBU] {f0cdff48b6e30a18b7bcfb28bc366983} [ 15 ms] [default] [] [rows:1  ] SELECT `id`,`admin_id`,`background`,`is_auto_accept`,`welcome_content`,`offline_content`,`name`,`last_online`,`avatar`,`created_at`,`updated_at`,`deleted_at` FROM `customer_admin_chat_settings` WHERE (`admin_id`=1) AND `deleted_at` IS NULL LIMIT 1
2024-11-24 19:22:58.790 [DEBU] {98ff0749b6e30a18babcfb28c257db51} [ 16 ms] [default] [] [rows:26 ] SELECT `id`,`customer_id`,`disk`,`path`,`name`,`from_model`,`from_id`,`type`,`created_at`,`updated_at`,`deleted_at`,`is_resource` FROM `customer_chat_files` WHERE (`customer_id`=1) AND `deleted_at` IS NULL ORDER BY `id` desc LIMIT 50
2024-11-24 19:22:58.806 [DEBU] {98ff0749b6e30a18babcfb28c257db51} [ 16 ms] [default] [] [rows:1  ] SELECT COUNT(1) FROM `customer_chat_files` WHERE (`customer_id`=1) AND `deleted_at` IS NULL
2024-11-24 19:23:23.877 [DEBU] {a02cd01dbce30a185cbdfb28e538fda6} [106 ms] [default] [] [rows:1  ] SELECT `id`,`customer_id`,`username`,`password`,`created_at`,`updated_at`,`deleted_at` FROM `customer_admins` WHERE (`id`=1) AND `deleted_at` IS NULL LIMIT 1
2024-11-24 19:23:23.877 [DEBU] {584d0b1ebce30a1860bdfb2883b3263e} [102 ms] [default] [] [rows:1  ] SELECT `id`,`customer_id`,`username`,`password`,`created_at`,`updated_at`,`deleted_at` FROM `customer_admins` WHERE (`id`=1) AND `deleted_at` IS NULL LIMIT 1
2024-11-24 19:23:23.877 [DEBU] {607ed21dbce30a185ebdfb287527db39} [106 ms] [default] [] [rows:1  ] SELECT `id`,`customer_id`,`username`,`password`,`created_at`,`updated_at`,`deleted_at` FROM `customer_admins` WHERE (`id`=1) AND `deleted_at` IS NULL LIMIT 1
2024-11-24 19:23:23.900 [DEBU] {a02cd01dbce30a185cbdfb28e538fda6} [ 22 ms] [default] [] [rows:1  ] SELECT `id`,`admin_id`,`background`,`is_auto_accept`,`welcome_content`,`offline_content`,`name`,`last_online`,`avatar`,`created_at`,`updated_at`,`deleted_at` FROM `customer_admin_chat_settings` WHERE (`admin_id`=1) AND `deleted_at` IS NULL LIMIT 1
2024-11-24 19:23:23.900 [DEBU] {584d0b1ebce30a1860bdfb2883b3263e} [ 22 ms] [default] [] [rows:26 ] SELECT `id`,`customer_id`,`disk`,`path`,`name`,`from_model`,`from_id`,`type`,`created_at`,`updated_at`,`deleted_at`,`is_resource` FROM `customer_chat_files` WHERE (`customer_id`=1) AND `deleted_at` IS NULL ORDER BY `id` desc LIMIT 50
2024-11-24 19:23:23.920 [DEBU] {584d0b1ebce30a1860bdfb2883b3263e} [ 19 ms] [default] [] [rows:1  ] SELECT COUNT(1) FROM `customer_chat_files` WHERE (`customer_id`=1) AND `deleted_at` IS NULL
2024-11-24 19:23:52.284 [DEBU] {7011ffbfc2e30a181fbefb28e08593da} [ 22 ms] [default] [] [rows:1  ] SELECT `id`,`customer_id`,`username`,`password`,`created_at`,`updated_at`,`deleted_at` FROM `customer_admins` WHERE (`id`=1) AND `deleted_at` IS NULL LIMIT 1
2024-11-24 19:23:52.286 [DEBU] {a808f8bfc2e30a181bbefb28ae63bbb7} [ 24 ms] [default] [] [rows:1  ] SELECT `id`,`customer_id`,`username`,`password`,`created_at`,`updated_at`,`deleted_at` FROM `customer_admins` WHERE (`id`=1) AND `deleted_at` IS NULL LIMIT 1
2024-11-24 19:23:52.286 [DEBU] {d87df8bfc2e30a181cbefb28c03c7a18} [ 24 ms] [default] [] [rows:1  ] SELECT `id`,`customer_id`,`username`,`password`,`created_at`,`updated_at`,`deleted_at` FROM `customer_admins` WHERE (`id`=1) AND `deleted_at` IS NULL LIMIT 1
2024-11-24 19:23:52.306 [DEBU] {7011ffbfc2e30a181fbefb28e08593da} [ 21 ms] [default] [] [rows:1  ] SELECT `id`,`admin_id`,`background`,`is_auto_accept`,`welcome_content`,`offline_content`,`name`,`last_online`,`avatar`,`created_at`,`updated_at`,`deleted_at` FROM `customer_admin_chat_settings` WHERE (`admin_id`=1) AND `deleted_at` IS NULL LIMIT 1
2024-11-24 19:23:52.308 [DEBU] {d87df8bfc2e30a181cbefb28c03c7a18} [ 22 ms] [default] [] [rows:26 ] SELECT `id`,`customer_id`,`disk`,`path`,`name`,`from_model`,`from_id`,`type`,`created_at`,`updated_at`,`deleted_at`,`is_resource` FROM `customer_chat_files` WHERE (`customer_id`=1) AND `deleted_at` IS NULL ORDER BY `id` desc LIMIT 50
2024-11-24 19:23:52.330 [DEBU] {d87df8bfc2e30a181cbefb28c03c7a18} [ 21 ms] [default] [] [rows:1  ] SELECT COUNT(1) FROM `customer_chat_files` WHERE (`customer_id`=1) AND `deleted_at` IS NULL
2024-11-24 19:24:23.289 [DEBU] {c04d08f6c9e30a18dabefb281eab56e4} [ 56 ms] [default] [] [rows:1  ] SELECT `id`,`customer_id`,`username`,`password`,`created_at`,`updated_at`,`deleted_at` FROM `customer_admins` WHERE (`id`=1) AND `deleted_at` IS NULL LIMIT 1
2024-11-24 19:24:23.290 [DEBU] {802809f6c9e30a18dbbefb28c7059652} [ 57 ms] [default] [] [rows:1  ] SELECT `id`,`customer_id`,`username`,`password`,`created_at`,`updated_at`,`deleted_at` FROM `customer_admins` WHERE (`id`=1) AND `deleted_at` IS NULL LIMIT 1
2024-11-24 19:24:23.293 [DEBU] {10880af6c9e30a18debefb280c62d4e6} [ 60 ms] [default] [] [rows:1  ] SELECT `id`,`customer_id`,`username`,`password`,`created_at`,`updated_at`,`deleted_at` FROM `customer_admins` WHERE (`id`=1) AND `deleted_at` IS NULL LIMIT 1
2024-11-24 19:24:23.311 [DEBU] {c04d08f6c9e30a18dabefb281eab56e4} [ 21 ms] [default] [] [rows:26 ] SELECT `id`,`customer_id`,`disk`,`path`,`name`,`from_model`,`from_id`,`type`,`created_at`,`updated_at`,`deleted_at`,`is_resource` FROM `customer_chat_files` WHERE (`customer_id`=1) AND `deleted_at` IS NULL ORDER BY `id` desc LIMIT 50
2024-11-24 19:24:23.336 [DEBU] {c04d08f6c9e30a18dabefb281eab56e4} [ 25 ms] [default] [] [rows:1  ] SELECT COUNT(1) FROM `customer_chat_files` WHERE (`customer_id`=1) AND `deleted_at` IS NULL
2024-11-24 19:24:23.473 [DEBU] {10880af6c9e30a18debefb280c62d4e6} [177 ms] [default] [] [rows:1  ] SELECT `id`,`admin_id`,`background`,`is_auto_accept`,`welcome_content`,`offline_content`,`name`,`last_online`,`avatar`,`created_at`,`updated_at`,`deleted_at` FROM `customer_admin_chat_settings` WHERE (`admin_id`=1) AND `deleted_at` IS NULL LIMIT 1
2024-11-24 19:25:37.985 [DEBU] {f8ef435bdbe30a189bbffb28b16e407a} [ 38 ms] [default] [] [rows:1  ] SELECT `id`,`customer_id`,`username`,`password`,`created_at`,`updated_at`,`deleted_at` FROM `customer_admins` WHERE (`id`=1) AND `deleted_at` IS NULL LIMIT 1
2024-11-24 19:25:37.997 [DEBU] {a0db2d5bdbe30a1899bffb281f57b84b} [ 52 ms] [default] [] [rows:1  ] SELECT `id`,`customer_id`,`username`,`password`,`created_at`,`updated_at`,`deleted_at` FROM `customer_admins` WHERE (`id`=1) AND `deleted_at` IS NULL LIMIT 1
2024-11-24 19:25:38.001 [DEBU] {f8ef435bdbe30a189bbffb28b16e407a} [ 15 ms] [default] [] [rows:26 ] SELECT `id`,`customer_id`,`disk`,`path`,`name`,`from_model`,`from_id`,`type`,`created_at`,`updated_at`,`deleted_at`,`is_resource` FROM `customer_chat_files` WHERE (`customer_id`=1) AND `deleted_at` IS NULL ORDER BY `id` desc LIMIT 50
2024-11-24 19:25:38.001 [DEBU] {6807445bdbe30a189cbffb28261e5543} [ 51 ms] [default] [] [rows:1  ] SELECT `id`,`customer_id`,`username`,`password`,`created_at`,`updated_at`,`deleted_at` FROM `customer_admins` WHERE (`id`=1) AND `deleted_at` IS NULL LIMIT 1
2024-11-24 19:25:38.016 [DEBU] {f8ef435bdbe30a189bbffb28b16e407a} [ 15 ms] [default] [] [rows:1  ] SELECT COUNT(1) FROM `customer_chat_files` WHERE (`customer_id`=1) AND `deleted_at` IS NULL
2024-11-24 19:25:38.019 [DEBU] {a0db2d5bdbe30a1899bffb281f57b84b} [ 22 ms] [default] [] [rows:1  ] SELECT `id`,`admin_id`,`background`,`is_auto_accept`,`welcome_content`,`offline_content`,`name`,`last_online`,`avatar`,`created_at`,`updated_at`,`deleted_at` FROM `customer_admin_chat_settings` WHERE (`admin_id`=1) AND `deleted_at` IS NULL LIMIT 1
2024-11-24 19:25:54.140 [DEBU] {d0ad3b1fdfe30a185bc0fb2849c8fad4} [ 22 ms] [default] [] [rows:1  ] SELECT `id`,`customer_id`,`username`,`password`,`created_at`,`updated_at`,`deleted_at` FROM `customer_admins` WHERE (`id`=1) AND `deleted_at` IS NULL LIMIT 1
2024-11-24 19:25:54.145 [DEBU] {90943a1fdfe30a1859c0fb283923c161} [ 27 ms] [default] [] [rows:1  ] SELECT `id`,`customer_id`,`username`,`password`,`created_at`,`updated_at`,`deleted_at` FROM `customer_admins` WHERE (`id`=1) AND `deleted_at` IS NULL LIMIT 1
2024-11-24 19:25:54.163 [DEBU] {28523a1fdfe30a1858c0fb2810650989} [ 45 ms] [default] [] [rows:1  ] SELECT `id`,`customer_id`,`username`,`password`,`created_at`,`updated_at`,`deleted_at` FROM `customer_admins` WHERE (`id`=1) AND `deleted_at` IS NULL LIMIT 1
2024-11-24 19:25:54.178 [DEBU] {90943a1fdfe30a1859c0fb283923c161} [ 31 ms] [default] [] [rows:26 ] SELECT `id`,`customer_id`,`disk`,`path`,`name`,`from_model`,`from_id`,`type`,`created_at`,`updated_at`,`deleted_at`,`is_resource` FROM `customer_chat_files` WHERE (`customer_id`=1) AND `deleted_at` IS NULL ORDER BY `id` desc LIMIT 50
2024-11-24 19:25:54.185 [DEBU] {28523a1fdfe30a1858c0fb2810650989} [ 22 ms] [default] [] [rows:1  ] SELECT `id`,`admin_id`,`background`,`is_auto_accept`,`welcome_content`,`offline_content`,`name`,`last_online`,`avatar`,`created_at`,`updated_at`,`deleted_at` FROM `customer_admin_chat_settings` WHERE (`admin_id`=1) AND `deleted_at` IS NULL LIMIT 1
2024-11-24 19:25:54.202 [DEBU] {90943a1fdfe30a1859c0fb283923c161} [ 24 ms] [default] [] [rows:1  ] SELECT COUNT(1) FROM `customer_chat_files` WHERE (`customer_id`=1) AND `deleted_at` IS NULL
2024-11-24 19:25:57.356 [DEBU] {28d00adfdfe30a18fec0fb28ec33fa52} [ 19 ms] [default] [] [rows:1  ] SELECT `id`,`customer_id`,`username`,`password`,`created_at`,`updated_at`,`deleted_at` FROM `customer_admins` WHERE (`id`=1) AND `deleted_at` IS NULL LIMIT 1
2024-11-24 19:25:57.360 [DEBU] {387a0adfdfe30a18fdc0fb28cafe6e24} [ 24 ms] [default] [] [rows:1  ] SELECT `id`,`customer_id`,`username`,`password`,`created_at`,`updated_at`,`deleted_at` FROM `customer_admins` WHERE (`id`=1) AND `deleted_at` IS NULL LIMIT 1
2024-11-24 19:25:57.360 [DEBU] {b0e30adfdfe30a18ffc0fb28329504c2} [ 24 ms] [default] [] [rows:1  ] SELECT `id`,`customer_id`,`username`,`password`,`created_at`,`updated_at`,`deleted_at` FROM `customer_admins` WHERE (`id`=1) AND `deleted_at` IS NULL LIMIT 1
2024-11-24 19:25:57.374 [DEBU] {28d00adfdfe30a18fec0fb28ec33fa52} [ 17 ms] [default] [] [rows:26 ] SELECT `id`,`customer_id`,`disk`,`path`,`name`,`from_model`,`from_id`,`type`,`created_at`,`updated_at`,`deleted_at`,`is_resource` FROM `customer_chat_files` WHERE (`customer_id`=1) AND `deleted_at` IS NULL ORDER BY `id` desc LIMIT 50
2024-11-24 19:25:57.382 [DEBU] {387a0adfdfe30a18fdc0fb28cafe6e24} [ 22 ms] [default] [] [rows:1  ] SELECT `id`,`admin_id`,`background`,`is_auto_accept`,`welcome_content`,`offline_content`,`name`,`last_online`,`avatar`,`created_at`,`updated_at`,`deleted_at` FROM `customer_admin_chat_settings` WHERE (`admin_id`=1) AND `deleted_at` IS NULL LIMIT 1
2024-11-24 19:25:57.390 [DEBU] {28d00adfdfe30a18fec0fb28ec33fa52} [ 16 ms] [default] [] [rows:1  ] SELECT COUNT(1) FROM `customer_chat_files` WHERE (`customer_id`=1) AND `deleted_at` IS NULL
2024-11-24 19:26:48.778 [DEBU] {c0d663d6ebe30a18bcc1fb2873370ed8} [ 46 ms] [default] [] [rows:1  ] SELECT `id`,`customer_id`,`username`,`password`,`created_at`,`updated_at`,`deleted_at` FROM `customer_admins` WHERE (`id`=1) AND `deleted_at` IS NULL LIMIT 1
2024-11-24 19:26:48.784 [DEBU] {98896ad6ebe30a18bec1fb28d664750c} [ 52 ms] [default] [] [rows:1  ] SELECT `id`,`customer_id`,`username`,`password`,`created_at`,`updated_at`,`deleted_at` FROM `customer_admins` WHERE (`id`=1) AND `deleted_at` IS NULL LIMIT 1
2024-11-24 19:26:48.786 [DEBU] {e87065d6ebe30a18bdc1fb28ec34b472} [ 54 ms] [default] [] [rows:1  ] SELECT `id`,`customer_id`,`username`,`password`,`created_at`,`updated_at`,`deleted_at` FROM `customer_admins` WHERE (`id`=1) AND `deleted_at` IS NULL LIMIT 1
2024-11-24 19:26:48.797 [DEBU] {c0d663d6ebe30a18bcc1fb2873370ed8} [ 17 ms] [default] [] [rows:26 ] SELECT `id`,`customer_id`,`disk`,`path`,`name`,`from_model`,`from_id`,`type`,`created_at`,`updated_at`,`deleted_at`,`is_resource` FROM `customer_chat_files` WHERE (`customer_id`=1) AND `deleted_at` IS NULL ORDER BY `id` desc LIMIT 50
2024-11-24 19:26:48.806 [DEBU] {98896ad6ebe30a18bec1fb28d664750c} [ 22 ms] [default] [] [rows:1  ] SELECT `id`,`admin_id`,`background`,`is_auto_accept`,`welcome_content`,`offline_content`,`name`,`last_online`,`avatar`,`created_at`,`updated_at`,`deleted_at` FROM `customer_admin_chat_settings` WHERE (`admin_id`=1) AND `deleted_at` IS NULL LIMIT 1
2024-11-24 19:26:48.815 [DEBU] {c0d663d6ebe30a18bcc1fb2873370ed8} [ 18 ms] [default] [] [rows:1  ] SELECT COUNT(1) FROM `customer_chat_files` WHERE (`customer_id`=1) AND `deleted_at` IS NULL
2024-11-24 19:28:16.049 [DEBU] {a8cb4d2800e40a187cc2fb28e9e4af02} [ 44 ms] [default] [] [rows:1  ] SELECT `id`,`customer_id`,`username`,`password`,`created_at`,`updated_at`,`deleted_at` FROM `customer_admins` WHERE (`id`=1) AND `deleted_at` IS NULL LIMIT 1
2024-11-24 19:28:16.058 [DEBU] {68a04f2800e40a187ec2fb2881f9e854} [ 53 ms] [default] [] [rows:1  ] SELECT `id`,`customer_id`,`username`,`password`,`created_at`,`updated_at`,`deleted_at` FROM `customer_admins` WHERE (`id`=1) AND `deleted_at` IS NULL LIMIT 1
2024-11-24 19:28:16.061 [DEBU] {50c8492800e40a187bc2fb2877652041} [ 56 ms] [default] [] [rows:1  ] SELECT `id`,`customer_id`,`username`,`password`,`created_at`,`updated_at`,`deleted_at` FROM `customer_admins` WHERE (`id`=1) AND `deleted_at` IS NULL LIMIT 1
2024-11-24 19:28:16.065 [DEBU] {a8cb4d2800e40a187cc2fb28e9e4af02} [ 16 ms] [default] [] [rows:1  ] SELECT `id`,`admin_id`,`background`,`is_auto_accept`,`welcome_content`,`offline_content`,`name`,`last_online`,`avatar`,`created_at`,`updated_at`,`deleted_at` FROM `customer_admin_chat_settings` WHERE (`admin_id`=1) AND `deleted_at` IS NULL LIMIT 1
2024-11-24 19:28:16.078 [DEBU] {68a04f2800e40a187ec2fb2881f9e854} [ 20 ms] [default] [] [rows:26 ] SELECT `id`,`customer_id`,`disk`,`path`,`name`,`from_model`,`from_id`,`type`,`created_at`,`updated_at`,`deleted_at`,`is_resource` FROM `customer_chat_files` WHERE (`customer_id`=1) AND `deleted_at` IS NULL ORDER BY `id` desc LIMIT 50
2024-11-24 19:28:16.099 [DEBU] {68a04f2800e40a187ec2fb2881f9e854} [ 21 ms] [default] [] [rows:1  ] SELECT COUNT(1) FROM `customer_chat_files` WHERE (`customer_id`=1) AND `deleted_at` IS NULL
2024-11-24 19:28:39.330 [DEBU] {b8f7909405e40a183bc3fb280eec0066} [ 34 ms] [default] [] [rows:1  ] SELECT `id`,`customer_id`,`username`,`password`,`created_at`,`updated_at`,`deleted_at` FROM `customer_admins` WHERE (`id`=1) AND `deleted_at` IS NULL LIMIT 1
2024-11-24 19:28:39.330 [DEBU] {707a929405e40a183ec3fb28d69eeee6} [ 34 ms] [default] [] [rows:1  ] SELECT `id`,`customer_id`,`username`,`password`,`created_at`,`updated_at`,`deleted_at` FROM `customer_admins` WHERE (`id`=1) AND `deleted_at` IS NULL LIMIT 1
2024-11-24 19:28:39.330 [DEBU] {48fe8b9405e40a183ac3fb28991d95df} [ 34 ms] [default] [] [rows:1  ] SELECT `id`,`customer_id`,`username`,`password`,`created_at`,`updated_at`,`deleted_at` FROM `customer_admins` WHERE (`id`=1) AND `deleted_at` IS NULL LIMIT 1
2024-11-24 19:28:39.346 [DEBU] {48fe8b9405e40a183ac3fb28991d95df} [ 15 ms] [default] [] [rows:1  ] SELECT `id`,`admin_id`,`background`,`is_auto_accept`,`welcome_content`,`offline_content`,`name`,`last_online`,`avatar`,`created_at`,`updated_at`,`deleted_at` FROM `customer_admin_chat_settings` WHERE (`admin_id`=1) AND `deleted_at` IS NULL LIMIT 1
2024-11-24 19:28:39.352 [DEBU] {707a929405e40a183ec3fb28d69eeee6} [ 21 ms] [default] [] [rows:26 ] SELECT `id`,`customer_id`,`disk`,`path`,`name`,`from_model`,`from_id`,`type`,`created_at`,`updated_at`,`deleted_at`,`is_resource` FROM `customer_chat_files` WHERE (`customer_id`=1) AND `deleted_at` IS NULL ORDER BY `id` desc LIMIT 50
2024-11-24 19:28:39.374 [DEBU] {707a929405e40a183ec3fb28d69eeee6} [ 22 ms] [default] [] [rows:1  ] SELECT COUNT(1) FROM `customer_chat_files` WHERE (`customer_id`=1) AND `deleted_at` IS NULL
2024-11-24 19:30:38.931 [DEBU] {1841086c21e40a18f9c3fb28c09ccce6} [ 55 ms] [default] [] [rows:1  ] SELECT `id`,`customer_id`,`username`,`password`,`created_at`,`updated_at`,`deleted_at` FROM `customer_admins` WHERE (`id`=1) AND `deleted_at` IS NULL LIMIT 1
2024-11-24 19:30:38.933 [DEBU] {90e5136c21e40a18fdc3fb289712bae8} [ 57 ms] [default] [] [rows:1  ] SELECT `id`,`customer_id`,`username`,`password`,`created_at`,`updated_at`,`deleted_at` FROM `customer_admins` WHERE (`id`=1) AND `deleted_at` IS NULL LIMIT 1
2024-11-24 19:30:38.937 [DEBU] {c8650b6c21e40a18fac3fb28c03c2544} [ 61 ms] [default] [] [rows:1  ] SELECT `id`,`customer_id`,`username`,`password`,`created_at`,`updated_at`,`deleted_at` FROM `customer_admins` WHERE (`id`=1) AND `deleted_at` IS NULL LIMIT 1
2024-11-24 19:30:38.955 [DEBU] {90e5136c21e40a18fdc3fb289712bae8} [ 22 ms] [default] [] [rows:1  ] SELECT `id`,`admin_id`,`background`,`is_auto_accept`,`welcome_content`,`offline_content`,`name`,`last_online`,`avatar`,`created_at`,`updated_at`,`deleted_at` FROM `customer_admin_chat_settings` WHERE (`admin_id`=1) AND `deleted_at` IS NULL LIMIT 1
2024-11-24 19:30:38.959 [DEBU] {c8650b6c21e40a18fac3fb28c03c2544} [ 21 ms] [default] [] [rows:26 ] SELECT `id`,`customer_id`,`disk`,`path`,`name`,`from_model`,`from_id`,`type`,`created_at`,`updated_at`,`deleted_at`,`is_resource` FROM `customer_chat_files` WHERE (`customer_id`=1) AND `deleted_at` IS NULL ORDER BY `id` desc LIMIT 50
2024-11-24 19:30:38.981 [DEBU] {c8650b6c21e40a18fac3fb28c03c2544} [ 21 ms] [default] [] [rows:1  ] SELECT COUNT(1) FROM `customer_chat_files` WHERE (`customer_id`=1) AND `deleted_at` IS NULL
2024-11-24 19:31:37.979 [DEBU] {48cda12b2fe40a18bac4fb281891d66b} [ 55 ms] [default] [] [rows:1  ] SELECT `id`,`customer_id`,`username`,`password`,`created_at`,`updated_at`,`deleted_at` FROM `customer_admins` WHERE (`id`=1) AND `deleted_at` IS NULL LIMIT 1
2024-11-24 19:31:37.982 [DEBU] {8040b02b2fe40a18bcc4fb286a1ed773} [ 57 ms] [default] [] [rows:1  ] SELECT `id`,`customer_id`,`username`,`password`,`created_at`,`updated_at`,`deleted_at` FROM `customer_admins` WHERE (`id`=1) AND `deleted_at` IS NULL LIMIT 1
2024-11-24 19:31:37.985 [DEBU] {a0a1982b2fe40a18b8c4fb28ef6c30b1} [ 62 ms] [default] [] [rows:1  ] SELECT `id`,`customer_id`,`username`,`password`,`created_at`,`updated_at`,`deleted_at` FROM `customer_admins` WHERE (`id`=1) AND `deleted_at` IS NULL LIMIT 1
2024-11-24 19:31:38.001 [DEBU] {48cda12b2fe40a18bac4fb281891d66b} [ 21 ms] [default] [] [rows:1  ] SELECT `id`,`admin_id`,`background`,`is_auto_accept`,`welcome_content`,`offline_content`,`name`,`last_online`,`avatar`,`created_at`,`updated_at`,`deleted_at` FROM `customer_admin_chat_settings` WHERE (`admin_id`=1) AND `deleted_at` IS NULL LIMIT 1
2024-11-24 19:31:38.009 [DEBU] {8040b02b2fe40a18bcc4fb286a1ed773} [ 27 ms] [default] [] [rows:26 ] SELECT `id`,`customer_id`,`disk`,`path`,`name`,`from_model`,`from_id`,`type`,`created_at`,`updated_at`,`deleted_at`,`is_resource` FROM `customer_chat_files` WHERE (`customer_id`=1) AND `deleted_at` IS NULL ORDER BY `id` desc LIMIT 50
2024-11-24 19:31:38.031 [DEBU] {8040b02b2fe40a18bcc4fb286a1ed773} [ 22 ms] [default] [] [rows:1  ] SELECT COUNT(1) FROM `customer_chat_files` WHERE (`customer_id`=1) AND `deleted_at` IS NULL
2024-11-24 19:32:34.228 [DEBU] {d81684443ce40a1878c5fb285fe49b8f} [ 51 ms] [default] [] [rows:1  ] SELECT `id`,`customer_id`,`username`,`password`,`created_at`,`updated_at`,`deleted_at` FROM `customer_admins` WHERE (`id`=1) AND `deleted_at` IS NULL LIMIT 1
2024-11-24 19:32:34.233 [DEBU] {604280443ce40a1877c5fb2860af39e1} [ 56 ms] [default] [] [rows:1  ] SELECT `id`,`customer_id`,`username`,`password`,`created_at`,`updated_at`,`deleted_at` FROM `customer_admins` WHERE (`id`=1) AND `deleted_at` IS NULL LIMIT 1
2024-11-24 19:32:34.236 [DEBU] {d80a86443ce40a1879c5fb2844f92cff} [ 59 ms] [default] [] [rows:1  ] SELECT `id`,`customer_id`,`username`,`password`,`created_at`,`updated_at`,`deleted_at` FROM `customer_admins` WHERE (`id`=1) AND `deleted_at` IS NULL LIMIT 1
2024-11-24 19:32:34.257 [DEBU] {604280443ce40a1877c5fb2860af39e1} [ 24 ms] [default] [] [rows:1  ] SELECT `id`,`admin_id`,`background`,`is_auto_accept`,`welcome_content`,`offline_content`,`name`,`last_online`,`avatar`,`created_at`,`updated_at`,`deleted_at` FROM `customer_admin_chat_settings` WHERE (`admin_id`=1) AND `deleted_at` IS NULL LIMIT 1
2024-11-24 19:32:34.260 [DEBU] {d80a86443ce40a1879c5fb2844f92cff} [ 24 ms] [default] [] [rows:26 ] SELECT `id`,`customer_id`,`disk`,`path`,`name`,`from_model`,`from_id`,`type`,`created_at`,`updated_at`,`deleted_at`,`is_resource` FROM `customer_chat_files` WHERE (`customer_id`=1) AND `deleted_at` IS NULL ORDER BY `id` desc LIMIT 50
2024-11-24 19:32:34.282 [DEBU] {d80a86443ce40a1879c5fb2844f92cff} [ 22 ms] [default] [] [rows:1  ] SELECT COUNT(1) FROM `customer_chat_files` WHERE (`customer_id`=1) AND `deleted_at` IS NULL
2024-11-24 19:33:07.227 [DEBU] {f8a6c2f343e40a1836c6fb288bff07e9} [ 46 ms] [default] [] [rows:1  ] SELECT `id`,`customer_id`,`username`,`password`,`created_at`,`updated_at`,`deleted_at` FROM `customer_admins` WHERE (`id`=1) AND `deleted_at` IS NULL LIMIT 1
2024-11-24 19:33:07.234 [DEBU] {605ac5f343e40a1839c6fb284d10b7b8} [ 53 ms] [default] [] [rows:1  ] SELECT `id`,`customer_id`,`username`,`password`,`created_at`,`updated_at`,`deleted_at` FROM `customer_admins` WHERE (`id`=1) AND `deleted_at` IS NULL LIMIT 1
2024-11-24 19:33:07.243 [DEBU] {0070c4f343e40a1837c6fb28dbade1bf} [ 61 ms] [default] [] [rows:1  ] SELECT `id`,`customer_id`,`username`,`password`,`created_at`,`updated_at`,`deleted_at` FROM `customer_admins` WHERE (`id`=1) AND `deleted_at` IS NULL LIMIT 1
2024-11-24 19:33:07.245 [DEBU] {f8a6c2f343e40a1836c6fb288bff07e9} [ 17 ms] [default] [] [rows:26 ] SELECT `id`,`customer_id`,`disk`,`path`,`name`,`from_model`,`from_id`,`type`,`created_at`,`updated_at`,`deleted_at`,`is_resource` FROM `customer_chat_files` WHERE (`customer_id`=1) AND `deleted_at` IS NULL ORDER BY `id` desc LIMIT 50
2024-11-24 19:33:07.262 [DEBU] {f8a6c2f343e40a1836c6fb288bff07e9} [ 16 ms] [default] [] [rows:1  ] SELECT COUNT(1) FROM `customer_chat_files` WHERE (`customer_id`=1) AND `deleted_at` IS NULL
2024-11-24 19:33:07.267 [DEBU] {0070c4f343e40a1837c6fb28dbade1bf} [ 24 ms] [default] [] [rows:1  ] SELECT `id`,`admin_id`,`background`,`is_auto_accept`,`welcome_content`,`offline_content`,`name`,`last_online`,`avatar`,`created_at`,`updated_at`,`deleted_at` FROM `customer_admin_chat_settings` WHERE (`admin_id`=1) AND `deleted_at` IS NULL LIMIT 1
2024-11-24 19:35:04.070 [DEBU] {d067fe265fe40a1827c7fb286336d4d4} [ 65 ms] [default] [] [rows:1  ] SELECT `id`,`customer_id`,`username`,`password`,`created_at`,`updated_at`,`deleted_at` FROM `customer_admins` WHERE (`id`=1) AND `deleted_at` IS NULL LIMIT 1
2024-11-24 19:35:04.072 [DEBU] {0060fe265fe40a1826c7fb289de34f4e} [ 67 ms] [default] [] [rows:1  ] SELECT `id`,`customer_id`,`username`,`password`,`created_at`,`updated_at`,`deleted_at` FROM `customer_admins` WHERE (`id`=1) AND `deleted_at` IS NULL LIMIT 1
2024-11-24 19:35:04.073 [DEBU] {38aafe265fe40a1828c7fb28cdc00ba6} [ 68 ms] [default] [] [rows:1  ] SELECT `id`,`customer_id`,`username`,`password`,`created_at`,`updated_at`,`deleted_at` FROM `customer_admins` WHERE (`id`=1) AND `deleted_at` IS NULL LIMIT 1
2024-11-24 19:35:04.091 [DEBU] {d067fe265fe40a1827c7fb286336d4d4} [ 20 ms] [default] [] [rows:26 ] SELECT `id`,`customer_id`,`disk`,`path`,`name`,`from_model`,`from_id`,`type`,`created_at`,`updated_at`,`deleted_at`,`is_resource` FROM `customer_chat_files` WHERE (`customer_id`=1) AND `deleted_at` IS NULL ORDER BY `id` desc LIMIT 50
2024-11-24 19:35:04.094 [DEBU] {0060fe265fe40a1826c7fb289de34f4e} [ 22 ms] [default] [] [rows:1  ] SELECT `id`,`admin_id`,`background`,`is_auto_accept`,`welcome_content`,`offline_content`,`name`,`last_online`,`avatar`,`created_at`,`updated_at`,`deleted_at` FROM `customer_admin_chat_settings` WHERE (`admin_id`=1) AND `deleted_at` IS NULL LIMIT 1
2024-11-24 19:35:04.112 [DEBU] {d067fe265fe40a1827c7fb286336d4d4} [ 20 ms] [default] [] [rows:1  ] SELECT COUNT(1) FROM `customer_chat_files` WHERE (`customer_id`=1) AND `deleted_at` IS NULL
2024-11-24 19:37:31.157 [DEBU] {702e306781e40a18e4c7fb28bc3e5a62} [ 47 ms] [default] [] [rows:1  ] SELECT `id`,`customer_id`,`username`,`password`,`created_at`,`updated_at`,`deleted_at` FROM `customer_admins` WHERE (`id`=1) AND `deleted_at` IS NULL LIMIT 1
2024-11-24 19:37:31.165 [DEBU] {003b2a6781e40a18e2c7fb289a0351a9} [ 54 ms] [default] [] [rows:1  ] SELECT `id`,`customer_id`,`username`,`password`,`created_at`,`updated_at`,`deleted_at` FROM `customer_admins` WHERE (`id`=1) AND `deleted_at` IS NULL LIMIT 1
2024-11-24 19:37:31.167 [DEBU] {c0862d6781e40a18e3c7fb28065fff38} [ 57 ms] [default] [] [rows:1  ] SELECT `id`,`customer_id`,`username`,`password`,`created_at`,`updated_at`,`deleted_at` FROM `customer_admins` WHERE (`id`=1) AND `deleted_at` IS NULL LIMIT 1
2024-11-24 19:37:31.187 [DEBU] {003b2a6781e40a18e2c7fb289a0351a9} [ 21 ms] [default] [] [rows:26 ] SELECT `id`,`customer_id`,`disk`,`path`,`name`,`from_model`,`from_id`,`type`,`created_at`,`updated_at`,`deleted_at`,`is_resource` FROM `customer_chat_files` WHERE (`customer_id`=1) AND `deleted_at` IS NULL ORDER BY `id` desc LIMIT 50
2024-11-24 19:37:31.190 [DEBU] {c0862d6781e40a18e3c7fb28065fff38} [ 23 ms] [default] [] [rows:1  ] SELECT `id`,`admin_id`,`background`,`is_auto_accept`,`welcome_content`,`offline_content`,`name`,`last_online`,`avatar`,`created_at`,`updated_at`,`deleted_at` FROM `customer_admin_chat_settings` WHERE (`admin_id`=1) AND `deleted_at` IS NULL LIMIT 1
2024-11-24 19:37:31.209 [DEBU] {003b2a6781e40a18e2c7fb289a0351a9} [ 22 ms] [default] [] [rows:1  ] SELECT COUNT(1) FROM `customer_chat_files` WHERE (`customer_id`=1) AND `deleted_at` IS NULL
2024-11-24 19:41:16.910 [DEBU] {c08ae7f6b5e40a18aac8fb2820d794b4} [ 50 ms] [default] [] [rows:1  ] SELECT `id`,`customer_id`,`username`,`password`,`created_at`,`updated_at`,`deleted_at` FROM `customer_admins` WHERE (`id`=1) AND `deleted_at` IS NULL LIMIT 1
2024-11-24 19:41:16.916 [DEBU] {e8dddff6b5e40a18a7c8fb285af45534} [ 55 ms] [default] [] [rows:1  ] SELECT `id`,`customer_id`,`username`,`password`,`created_at`,`updated_at`,`deleted_at` FROM `customer_admins` WHERE (`id`=1) AND `deleted_at` IS NULL LIMIT 1
2024-11-24 19:41:16.916 [DEBU] {c812dff6b5e40a18a6c8fb2816694107} [ 56 ms] [default] [] [rows:1  ] SELECT `id`,`customer_id`,`username`,`password`,`created_at`,`updated_at`,`deleted_at` FROM `customer_admins` WHERE (`id`=1) AND `deleted_at` IS NULL LIMIT 1
2024-11-24 19:41:16.928 [DEBU] {c08ae7f6b5e40a18aac8fb2820d794b4} [ 17 ms] [default] [] [rows:1  ] SELECT `id`,`admin_id`,`background`,`is_auto_accept`,`welcome_content`,`offline_content`,`name`,`last_online`,`avatar`,`created_at`,`updated_at`,`deleted_at` FROM `customer_admin_chat_settings` WHERE (`admin_id`=1) AND `deleted_at` IS NULL LIMIT 1
2024-11-24 19:41:16.938 [DEBU] {c812dff6b5e40a18a6c8fb2816694107} [ 22 ms] [default] [] [rows:26 ] SELECT `id`,`customer_id`,`disk`,`path`,`name`,`from_model`,`from_id`,`type`,`created_at`,`updated_at`,`deleted_at`,`is_resource` FROM `customer_chat_files` WHERE (`customer_id`=1) AND `deleted_at` IS NULL ORDER BY `id` desc LIMIT 50
2024-11-24 19:41:16.958 [DEBU] {c812dff6b5e40a18a6c8fb2816694107} [ 20 ms] [default] [] [rows:1  ] SELECT COUNT(1) FROM `customer_chat_files` WHERE (`customer_id`=1) AND `deleted_at` IS NULL
2024-11-24 19:48:50.867 [DEBU] {10d61ca81fe50a1865c9fb2898e4755c} [ 62 ms] [default] [] [rows:1  ] SELECT `id`,`customer_id`,`username`,`password`,`created_at`,`updated_at`,`deleted_at` FROM `customer_admins` WHERE (`id`=1) AND `deleted_at` IS NULL LIMIT 1
2024-11-24 19:48:50.867 [DEBU] {583b1fa81fe50a1868c9fb28d578f567} [ 62 ms] [default] [] [rows:1  ] SELECT `id`,`customer_id`,`username`,`password`,`created_at`,`updated_at`,`deleted_at` FROM `customer_admins` WHERE (`id`=1) AND `deleted_at` IS NULL LIMIT 1
2024-11-24 19:48:50.869 [DEBU] {703d1ea81fe50a1866c9fb2865c72c1a} [ 64 ms] [default] [] [rows:1  ] SELECT `id`,`customer_id`,`username`,`password`,`created_at`,`updated_at`,`deleted_at` FROM `customer_admins` WHERE (`id`=1) AND `deleted_at` IS NULL LIMIT 1
2024-11-24 19:48:50.890 [DEBU] {583b1fa81fe50a1868c9fb28d578f567} [ 22 ms] [default] [] [rows:1  ] SELECT `id`,`admin_id`,`background`,`is_auto_accept`,`welcome_content`,`offline_content`,`name`,`last_online`,`avatar`,`created_at`,`updated_at`,`deleted_at` FROM `customer_admin_chat_settings` WHERE (`admin_id`=1) AND `deleted_at` IS NULL LIMIT 1
2024-11-24 19:48:50.895 [DEBU] {703d1ea81fe50a1866c9fb2865c72c1a} [ 26 ms] [default] [] [rows:26 ] SELECT `id`,`customer_id`,`disk`,`path`,`name`,`from_model`,`from_id`,`type`,`created_at`,`updated_at`,`deleted_at`,`is_resource` FROM `customer_chat_files` WHERE (`customer_id`=1) AND `deleted_at` IS NULL ORDER BY `id` desc LIMIT 50
2024-11-24 19:48:50.919 [DEBU] {703d1ea81fe50a1866c9fb2865c72c1a} [ 24 ms] [default] [] [rows:1  ] SELECT COUNT(1) FROM `customer_chat_files` WHERE (`customer_id`=1) AND `deleted_at` IS NULL
2024-11-24 19:49:43.563 [DEBU] {b80313ee2be50a1828cafb285405b08e} [ 45 ms] [default] [] [rows:1  ] SELECT `id`,`customer_id`,`username`,`password`,`created_at`,`updated_at`,`deleted_at` FROM `customer_admins` WHERE (`id`=1) AND `deleted_at` IS NULL LIMIT 1
2024-11-24 19:49:43.566 [DEBU] {104af7ed2be50a1824cafb28d6a66bfb} [ 48 ms] [default] [] [rows:1  ] SELECT `id`,`customer_id`,`username`,`password`,`created_at`,`updated_at`,`deleted_at` FROM `customer_admins` WHERE (`id`=1) AND `deleted_at` IS NULL LIMIT 1
2024-11-24 19:49:43.570 [DEBU] {089e05ee2be50a1826cafb281c768ce1} [ 53 ms] [default] [] [rows:1  ] SELECT `id`,`customer_id`,`username`,`password`,`created_at`,`updated_at`,`deleted_at` FROM `customer_admins` WHERE (`id`=1) AND `deleted_at` IS NULL LIMIT 1
2024-11-24 19:49:43.589 [DEBU] {b80313ee2be50a1828cafb285405b08e} [ 26 ms] [default] [] [rows:1  ] SELECT `id`,`admin_id`,`background`,`is_auto_accept`,`welcome_content`,`offline_content`,`name`,`last_online`,`avatar`,`created_at`,`updated_at`,`deleted_at` FROM `customer_admin_chat_settings` WHERE (`admin_id`=1) AND `deleted_at` IS NULL LIMIT 1
2024-11-24 19:49:43.709 [DEBU] {104af7ed2be50a1824cafb28d6a66bfb} [143 ms] [default] [] [rows:26 ] SELECT `id`,`customer_id`,`disk`,`path`,`name`,`from_model`,`from_id`,`type`,`created_at`,`updated_at`,`deleted_at`,`is_resource` FROM `customer_chat_files` WHERE (`customer_id`=1) AND `deleted_at` IS NULL ORDER BY `id` desc LIMIT 50
2024-11-24 19:49:43.729 [DEBU] {104af7ed2be50a1824cafb28d6a66bfb} [ 20 ms] [default] [] [rows:1  ] SELECT COUNT(1) FROM `customer_chat_files` WHERE (`customer_id`=1) AND `deleted_at` IS NULL
2024-11-24 20:53:24.190 [DEBU] {a8550f79a5e80a18e1cafb2846a8e985} [114 ms] [default] [] [rows:1  ] SELECT `id`,`customer_id`,`username`,`password`,`created_at`,`updated_at`,`deleted_at` FROM `customer_admins` WHERE (`id`=1) AND `deleted_at` IS NULL LIMIT 1
2024-11-24 20:53:24.193 [DEBU] {90590f79a5e80a18e2cafb28838513db} [117 ms] [default] [] [rows:1  ] SELECT `id`,`customer_id`,`username`,`password`,`created_at`,`updated_at`,`deleted_at` FROM `customer_admins` WHERE (`id`=1) AND `deleted_at` IS NULL LIMIT 1
2024-11-24 20:53:24.194 [DEBU] {40130f79a5e80a18e0cafb28822435ee} [118 ms] [default] [] [rows:1  ] SELECT `id`,`customer_id`,`username`,`password`,`created_at`,`updated_at`,`deleted_at` FROM `customer_admins` WHERE (`id`=1) AND `deleted_at` IS NULL LIMIT 1
2024-11-24 20:53:24.275 [DEBU] {40130f79a5e80a18e0cafb28822435ee} [ 81 ms] [default] [] [rows:1  ] SELECT `id`,`admin_id`,`background`,`is_auto_accept`,`welcome_content`,`offline_content`,`name`,`last_online`,`avatar`,`created_at`,`updated_at`,`deleted_at` FROM `customer_admin_chat_settings` WHERE (`admin_id`=1) AND `deleted_at` IS NULL LIMIT 1
2024-11-24 20:53:24.276 [DEBU] {90590f79a5e80a18e2cafb28838513db} [ 82 ms] [default] [] [rows:26 ] SELECT `id`,`customer_id`,`disk`,`path`,`name`,`from_model`,`from_id`,`type`,`created_at`,`updated_at`,`deleted_at`,`is_resource` FROM `customer_chat_files` WHERE (`customer_id`=1) AND `deleted_at` IS NULL ORDER BY `id` desc LIMIT 50
2024-11-24 20:53:24.299 [DEBU] {90590f79a5e80a18e2cafb28838513db} [ 23 ms] [default] [] [rows:1  ] SELECT COUNT(1) FROM `customer_chat_files` WHERE (`customer_id`=1) AND `deleted_at` IS NULL
2024-11-24 20:59:35.039 [DEBU] {082e79d5fbe80a189ccbfb286c05cb5d} [ 45 ms] [default] [] [rows:1  ] SELECT `id`,`customer_id`,`username`,`password`,`created_at`,`updated_at`,`deleted_at` FROM `customer_admins` WHERE (`id`=1) AND `deleted_at` IS NULL LIMIT 1
2024-11-24 20:59:35.050 [DEBU] {90b87ad5fbe80a189ecbfb28cb913686} [ 56 ms] [default] [] [rows:1  ] SELECT `id`,`customer_id`,`username`,`password`,`created_at`,`updated_at`,`deleted_at` FROM `customer_admins` WHERE (`id`=1) AND `deleted_at` IS NULL LIMIT 1
2024-11-24 20:59:35.055 [DEBU] {082e79d5fbe80a189ccbfb286c05cb5d} [ 16 ms] [default] [] [rows:1  ] SELECT `id`,`admin_id`,`background`,`is_auto_accept`,`welcome_content`,`offline_content`,`name`,`last_online`,`avatar`,`created_at`,`updated_at`,`deleted_at` FROM `customer_admin_chat_settings` WHERE (`admin_id`=1) AND `deleted_at` IS NULL LIMIT 1
2024-11-24 20:59:35.063 [DEBU] {505baed5fbe80a18a1cbfb2879838b0e} [ 66 ms] [default] [] [rows:1  ] SELECT `id`,`customer_id`,`username`,`password`,`created_at`,`updated_at`,`deleted_at` FROM `customer_admins` WHERE (`id`=1) AND `deleted_at` IS NULL LIMIT 1
2024-11-24 20:59:35.092 [DEBU] {505baed5fbe80a18a1cbfb2879838b0e} [ 29 ms] [default] [] [rows:26 ] SELECT `id`,`customer_id`,`disk`,`path`,`name`,`from_model`,`from_id`,`type`,`created_at`,`updated_at`,`deleted_at`,`is_resource` FROM `customer_chat_files` WHERE (`customer_id`=1) AND `deleted_at` IS NULL ORDER BY `id` desc LIMIT 50
2024-11-24 20:59:35.115 [DEBU] {505baed5fbe80a18a1cbfb2879838b0e} [ 23 ms] [default] [] [rows:1  ] SELECT COUNT(1) FROM `customer_chat_files` WHERE (`customer_id`=1) AND `deleted_at` IS NULL
2024-11-24 20:59:48.617 [DEBU] {b0af5300ffe80a183fccfb288ebc5ce9} [ 20 ms] [default] [] [rows:1  ] SELECT `id`,`customer_id`,`username`,`password`,`created_at`,`updated_at`,`deleted_at` FROM `customer_admins` WHERE (`id`=1) AND `deleted_at` IS NULL LIMIT 1
2024-11-24 20:59:48.621 [DEBU] {b0a95400ffe80a1840ccfb2845415924} [ 24 ms] [default] [] [rows:1  ] SELECT `id`,`customer_id`,`username`,`password`,`created_at`,`updated_at`,`deleted_at` FROM `customer_admins` WHERE (`id`=1) AND `deleted_at` IS NULL LIMIT 1
2024-11-24 20:59:48.624 [DEBU] {203e5500ffe80a1841ccfb284b9a8b12} [ 27 ms] [default] [] [rows:1  ] SELECT `id`,`customer_id`,`username`,`password`,`created_at`,`updated_at`,`deleted_at` FROM `customer_admins` WHERE (`id`=1) AND `deleted_at` IS NULL LIMIT 1
2024-11-24 20:59:48.634 [DEBU] {b0af5300ffe80a183fccfb288ebc5ce9} [ 16 ms] [default] [] [rows:26 ] SELECT `id`,`customer_id`,`disk`,`path`,`name`,`from_model`,`from_id`,`type`,`created_at`,`updated_at`,`deleted_at`,`is_resource` FROM `customer_chat_files` WHERE (`customer_id`=1) AND `deleted_at` IS NULL ORDER BY `id` desc LIMIT 50
2024-11-24 20:59:48.641 [DEBU] {b0a95400ffe80a1840ccfb2845415924} [ 20 ms] [default] [] [rows:1  ] SELECT `id`,`admin_id`,`background`,`is_auto_accept`,`welcome_content`,`offline_content`,`name`,`last_online`,`avatar`,`created_at`,`updated_at`,`deleted_at` FROM `customer_admin_chat_settings` WHERE (`admin_id`=1) AND `deleted_at` IS NULL LIMIT 1
2024-11-24 20:59:48.650 [DEBU] {b0af5300ffe80a183fccfb288ebc5ce9} [ 15 ms] [default] [] [rows:1  ] SELECT COUNT(1) FROM `customer_chat_files` WHERE (`customer_id`=1) AND `deleted_at` IS NULL
2024-11-24 21:48:59.658 [DEBU] {00419116aeeb0a18fbccfb2859993bba} [ 45 ms] [default] [] [rows:1  ] SELECT `id`,`customer_id`,`username`,`password`,`created_at`,`updated_at`,`deleted_at` FROM `customer_admins` WHERE (`id`=1) AND `deleted_at` IS NULL LIMIT 1
2024-11-24 21:48:59.672 [DEBU] {a8a29116aeeb0a18fcccfb281a9b4970} [ 59 ms] [default] [] [rows:1  ] SELECT `id`,`customer_id`,`username`,`password`,`created_at`,`updated_at`,`deleted_at` FROM `customer_admins` WHERE (`id`=1) AND `deleted_at` IS NULL LIMIT 1
2024-11-24 21:48:59.673 [DEBU] {b0ee9216aeeb0a18fdccfb28f6e98880} [ 60 ms] [default] [] [rows:1  ] SELECT `id`,`customer_id`,`username`,`password`,`created_at`,`updated_at`,`deleted_at` FROM `customer_admins` WHERE (`id`=1) AND `deleted_at` IS NULL LIMIT 1
2024-11-24 21:48:59.695 [DEBU] {a8a29116aeeb0a18fcccfb281a9b4970} [ 23 ms] [default] [] [rows:26 ] SELECT `id`,`customer_id`,`disk`,`path`,`name`,`from_model`,`from_id`,`type`,`created_at`,`updated_at`,`deleted_at`,`is_resource` FROM `customer_chat_files` WHERE (`customer_id`=1) AND `deleted_at` IS NULL ORDER BY `id` desc LIMIT 50
2024-11-24 21:48:59.696 [DEBU] {b0ee9216aeeb0a18fdccfb28f6e98880} [ 22 ms] [default] [] [rows:1  ] SELECT `id`,`admin_id`,`background`,`is_auto_accept`,`welcome_content`,`offline_content`,`name`,`last_online`,`avatar`,`created_at`,`updated_at`,`deleted_at` FROM `customer_admin_chat_settings` WHERE (`admin_id`=1) AND `deleted_at` IS NULL LIMIT 1
2024-11-24 21:48:59.716 [DEBU] {a8a29116aeeb0a18fcccfb281a9b4970} [ 21 ms] [default] [] [rows:1  ] SELECT COUNT(1) FROM `customer_chat_files` WHERE (`customer_id`=1) AND `deleted_at` IS NULL
2024-11-24 21:49:51.539 [DEBU] {78a12629baeb0a18bfcdfb28813eeba9} [ 75 ms] [default] [] [rows:1  ] SELECT `id`,`customer_id`,`username`,`password`,`created_at`,`updated_at`,`deleted_at` FROM `customer_admins` WHERE (`id`=1) AND `deleted_at` IS NULL LIMIT 1
2024-11-24 21:49:51.555 [DEBU] {78a12629baeb0a18bfcdfb28813eeba9} [ 16 ms] [default] [] [rows:26 ] SELECT `id`,`customer_id`,`disk`,`path`,`name`,`from_model`,`from_id`,`type`,`created_at`,`updated_at`,`deleted_at`,`is_resource` FROM `customer_chat_files` WHERE (`customer_id`=1) AND `deleted_at` IS NULL ORDER BY `id` desc LIMIT 50
2024-11-24 21:49:51.559 [DEBU] {98842329baeb0a18bdcdfb2862d14b62} [ 95 ms] [default] [] [rows:1  ] SELECT `id`,`customer_id`,`username`,`password`,`created_at`,`updated_at`,`deleted_at` FROM `customer_admins` WHERE (`id`=1) AND `deleted_at` IS NULL LIMIT 1
2024-11-24 21:49:51.563 [DEBU] {704f2629baeb0a18becdfb28cee756e9} [ 99 ms] [default] [] [rows:1  ] SELECT `id`,`customer_id`,`username`,`password`,`created_at`,`updated_at`,`deleted_at` FROM `customer_admins` WHERE (`id`=1) AND `deleted_at` IS NULL LIMIT 1
2024-11-24 21:49:51.571 [DEBU] {78a12629baeb0a18bfcdfb28813eeba9} [ 16 ms] [default] [] [rows:1  ] SELECT COUNT(1) FROM `customer_chat_files` WHERE (`customer_id`=1) AND `deleted_at` IS NULL
2024-11-24 21:49:51.586 [DEBU] {704f2629baeb0a18becdfb28cee756e9} [ 23 ms] [default] [] [rows:1  ] SELECT `id`,`admin_id`,`background`,`is_auto_accept`,`welcome_content`,`offline_content`,`name`,`last_online`,`avatar`,`created_at`,`updated_at`,`deleted_at` FROM `customer_admin_chat_settings` WHERE (`admin_id`=1) AND `deleted_at` IS NULL LIMIT 1
2024-11-24 21:50:47.410 [DEBU] {a878782cc7eb0a187acefb28cce61409} [ 55 ms] [default] [] [rows:1  ] SELECT `id`,`customer_id`,`username`,`password`,`created_at`,`updated_at`,`deleted_at` FROM `customer_admins` WHERE (`id`=1) AND `deleted_at` IS NULL LIMIT 1
2024-11-24 21:50:47.411 [DEBU] {103e782cc7eb0a1879cefb2857238818} [ 56 ms] [default] [] [rows:1  ] SELECT `id`,`customer_id`,`username`,`password`,`created_at`,`updated_at`,`deleted_at` FROM `customer_admins` WHERE (`id`=1) AND `deleted_at` IS NULL LIMIT 1
2024-11-24 21:50:47.412 [DEBU] {a8f5782cc7eb0a187bcefb288c08fac8} [ 57 ms] [default] [] [rows:1  ] SELECT `id`,`customer_id`,`username`,`password`,`created_at`,`updated_at`,`deleted_at` FROM `customer_admins` WHERE (`id`=1) AND `deleted_at` IS NULL LIMIT 1
2024-11-24 21:50:47.435 [DEBU] {a8f5782cc7eb0a187bcefb288c08fac8} [ 23 ms] [default] [] [rows:1  ] SELECT `id`,`admin_id`,`background`,`is_auto_accept`,`welcome_content`,`offline_content`,`name`,`last_online`,`avatar`,`created_at`,`updated_at`,`deleted_at` FROM `customer_admin_chat_settings` WHERE (`admin_id`=1) AND `deleted_at` IS NULL LIMIT 1
2024-11-24 21:50:47.435 [DEBU] {a878782cc7eb0a187acefb28cce61409} [ 23 ms] [default] [] [rows:26 ] SELECT `id`,`customer_id`,`disk`,`path`,`name`,`from_model`,`from_id`,`type`,`created_at`,`updated_at`,`deleted_at`,`is_resource` FROM `customer_chat_files` WHERE (`customer_id`=1) AND `deleted_at` IS NULL ORDER BY `id` desc LIMIT 50
2024-11-24 21:50:47.459 [DEBU] {a878782cc7eb0a187acefb28cce61409} [ 24 ms] [default] [] [rows:1  ] SELECT COUNT(1) FROM `customer_chat_files` WHERE (`customer_id`=1) AND `deleted_at` IS NULL
2024-11-24 21:51:39.653 [DEBU] {08411457d3eb0a1838cffb28ae8f58cf} [ 44 ms] [default] [] [rows:1  ] SELECT `id`,`customer_id`,`username`,`password`,`created_at`,`updated_at`,`deleted_at` FROM `customer_admins` WHERE (`id`=1) AND `deleted_at` IS NULL LIMIT 1
2024-11-24 21:51:39.661 [DEBU] {d8bf1557d3eb0a1839cffb28787729f3} [ 52 ms] [default] [] [rows:1  ] SELECT `id`,`customer_id`,`username`,`password`,`created_at`,`updated_at`,`deleted_at` FROM `customer_admins` WHERE (`id`=1) AND `deleted_at` IS NULL LIMIT 1
2024-11-24 21:51:39.666 [DEBU] {68a21657d3eb0a183bcffb2813999a09} [ 57 ms] [default] [] [rows:1  ] SELECT `id`,`customer_id`,`username`,`password`,`created_at`,`updated_at`,`deleted_at` FROM `customer_admins` WHERE (`id`=1) AND `deleted_at` IS NULL LIMIT 1
2024-11-24 21:51:39.670 [DEBU] {08411457d3eb0a1838cffb28ae8f58cf} [ 16 ms] [default] [] [rows:1  ] SELECT `id`,`admin_id`,`background`,`is_auto_accept`,`welcome_content`,`offline_content`,`name`,`last_online`,`avatar`,`created_at`,`updated_at`,`deleted_at` FROM `customer_admin_chat_settings` WHERE (`admin_id`=1) AND `deleted_at` IS NULL LIMIT 1
2024-11-24 21:51:39.688 [DEBU] {68a21657d3eb0a183bcffb2813999a09} [ 21 ms] [default] [] [rows:26 ] SELECT `id`,`customer_id`,`disk`,`path`,`name`,`from_model`,`from_id`,`type`,`created_at`,`updated_at`,`deleted_at`,`is_resource` FROM `customer_chat_files` WHERE (`customer_id`=1) AND `deleted_at` IS NULL ORDER BY `id` desc LIMIT 50
2024-11-24 21:51:39.711 [DEBU] {68a21657d3eb0a183bcffb2813999a09} [ 22 ms] [default] [] [rows:1  ] SELECT COUNT(1) FROM `customer_chat_files` WHERE (`customer_id`=1) AND `deleted_at` IS NULL
2024-11-24 21:52:48.315 [DEBU] {08a2b553e3eb0a18f6cffb28062d1e18} [ 43 ms] [default] [] [rows:1  ] SELECT `id`,`customer_id`,`username`,`password`,`created_at`,`updated_at`,`deleted_at` FROM `customer_admins` WHERE (`id`=1) AND `deleted_at` IS NULL LIMIT 1
2024-11-24 21:52:48.327 [DEBU] {9890b453e3eb0a18f5cffb2818696076} [ 55 ms] [default] [] [rows:1  ] SELECT `id`,`customer_id`,`username`,`password`,`created_at`,`updated_at`,`deleted_at` FROM `customer_admins` WHERE (`id`=1) AND `deleted_at` IS NULL LIMIT 1
2024-11-24 21:52:48.328 [DEBU] {e084b453e3eb0a18f4cffb28beafe92e} [ 56 ms] [default] [] [rows:1  ] SELECT `id`,`customer_id`,`username`,`password`,`created_at`,`updated_at`,`deleted_at` FROM `customer_admins` WHERE (`id`=1) AND `deleted_at` IS NULL LIMIT 1
2024-11-24 21:52:48.333 [DEBU] {08a2b553e3eb0a18f6cffb28062d1e18} [ 16 ms] [default] [] [rows:26 ] SELECT `id`,`customer_id`,`disk`,`path`,`name`,`from_model`,`from_id`,`type`,`created_at`,`updated_at`,`deleted_at`,`is_resource` FROM `customer_chat_files` WHERE (`customer_id`=1) AND `deleted_at` IS NULL ORDER BY `id` desc LIMIT 50
2024-11-24 21:52:48.348 [DEBU] {9890b453e3eb0a18f5cffb2818696076} [ 21 ms] [default] [] [rows:1  ] SELECT `id`,`admin_id`,`background`,`is_auto_accept`,`welcome_content`,`offline_content`,`name`,`last_online`,`avatar`,`created_at`,`updated_at`,`deleted_at` FROM `customer_admin_chat_settings` WHERE (`admin_id`=1) AND `deleted_at` IS NULL LIMIT 1
2024-11-24 21:52:48.348 [DEBU] {08a2b553e3eb0a18f6cffb28062d1e18} [ 15 ms] [default] [] [rows:1  ] SELECT COUNT(1) FROM `customer_chat_files` WHERE (`customer_id`=1) AND `deleted_at` IS NULL
2024-11-24 21:56:34.874 [DEBU] {48213b0c18ec0a18b1d0fb28da106b65} [162 ms] [default] [] [rows:1  ] SELECT `id`,`customer_id`,`username`,`password`,`created_at`,`updated_at`,`deleted_at` FROM `customer_admins` WHERE (`id`=1) AND `deleted_at` IS NULL LIMIT 1
2024-11-24 21:56:34.894 [DEBU] {48213b0c18ec0a18b1d0fb28da106b65} [ 19 ms] [default] [] [rows:1  ] SELECT `id`,`admin_id`,`background`,`is_auto_accept`,`welcome_content`,`offline_content`,`name`,`last_online`,`avatar`,`created_at`,`updated_at`,`deleted_at` FROM `customer_admin_chat_settings` WHERE (`admin_id`=1) AND `deleted_at` IS NULL LIMIT 1
2024-11-24 21:56:34.928 [DEBU] {30963d0c18ec0a18b2d0fb28687735ae} [214 ms] [default] [] [rows:1  ] SELECT `id`,`customer_id`,`username`,`password`,`created_at`,`updated_at`,`deleted_at` FROM `customer_admins` WHERE (`id`=1) AND `deleted_at` IS NULL LIMIT 1
2024-11-24 21:56:34.931 [DEBU] {80d2150c18ec0a18b0d0fb28a0bd0e34} [219 ms] [default] [] [rows:1  ] SELECT `id`,`customer_id`,`username`,`password`,`created_at`,`updated_at`,`deleted_at` FROM `customer_admins` WHERE (`id`=1) AND `deleted_at` IS NULL LIMIT 1
2024-11-24 21:56:34.946 [DEBU] {30963d0c18ec0a18b2d0fb28687735ae} [ 18 ms] [default] [] [rows:26 ] SELECT `id`,`customer_id`,`disk`,`path`,`name`,`from_model`,`from_id`,`type`,`created_at`,`updated_at`,`deleted_at`,`is_resource` FROM `customer_chat_files` WHERE (`customer_id`=1) AND `deleted_at` IS NULL ORDER BY `id` desc LIMIT 50
2024-11-24 21:56:34.965 [DEBU] {30963d0c18ec0a18b2d0fb28687735ae} [ 18 ms] [default] [] [rows:1  ] SELECT COUNT(1) FROM `customer_chat_files` WHERE (`customer_id`=1) AND `deleted_at` IS NULL
2024-11-24 21:56:39.364 [DEBU] {50db5e2019ec0a1852d1fb284a180bfd} [ 25 ms] [default] [] [rows:1  ] SELECT `id`,`customer_id`,`username`,`password`,`created_at`,`updated_at`,`deleted_at` FROM `customer_admins` WHERE (`id`=1) AND `deleted_at` IS NULL LIMIT 1
2024-11-24 21:56:39.364 [DEBU] {08e15f2019ec0a1854d1fb28635d2352} [ 25 ms] [default] [] [rows:1  ] SELECT `id`,`customer_id`,`username`,`password`,`created_at`,`updated_at`,`deleted_at` FROM `customer_admins` WHERE (`id`=1) AND `deleted_at` IS NULL LIMIT 1
2024-11-24 21:56:39.367 [DEBU] {78fe5e2019ec0a1853d1fb28da78238c} [ 28 ms] [default] [] [rows:1  ] SELECT `id`,`customer_id`,`username`,`password`,`created_at`,`updated_at`,`deleted_at` FROM `customer_admins` WHERE (`id`=1) AND `deleted_at` IS NULL LIMIT 1
2024-11-24 21:56:39.384 [DEBU] {50db5e2019ec0a1852d1fb284a180bfd} [ 19 ms] [default] [] [rows:1  ] SELECT `id`,`admin_id`,`background`,`is_auto_accept`,`welcome_content`,`offline_content`,`name`,`last_online`,`avatar`,`created_at`,`updated_at`,`deleted_at` FROM `customer_admin_chat_settings` WHERE (`admin_id`=1) AND `deleted_at` IS NULL LIMIT 1
2024-11-24 21:56:39.390 [DEBU] {78fe5e2019ec0a1853d1fb28da78238c} [ 21 ms] [default] [] [rows:26 ] SELECT `id`,`customer_id`,`disk`,`path`,`name`,`from_model`,`from_id`,`type`,`created_at`,`updated_at`,`deleted_at`,`is_resource` FROM `customer_chat_files` WHERE (`customer_id`=1) AND `deleted_at` IS NULL ORDER BY `id` desc LIMIT 50
2024-11-24 21:56:39.412 [DEBU] {78fe5e2019ec0a1853d1fb28da78238c} [ 22 ms] [default] [] [rows:1  ] SELECT COUNT(1) FROM `customer_chat_files` WHERE (`customer_id`=1) AND `deleted_at` IS NULL
