2022-07-01T05:39:07.908876Z 0 [Warning] 'NO_AUTO_CREATE_USER' sql mode was not set.
2022-07-01T05:39:07.920205Z 0 [Warning] Setting lower_case_table_names=2 because file system for /var/lib/mysql/ is case insensitive
2022-07-01T05:39:09.668450Z 0 [Warning] InnoDB: New log files created, LSN=45790
2022-07-01T05:39:10.158911Z 0 [Warning] InnoDB: Creating foreign key constraint system tables.
2022-07-01T05:39:10.261340Z 0 [Warning] No existing UUID has been found, so we assume that this is the first time that this server has been started. Generating a new UUID: 21b73191-f900-11ec-b179-0242ac120007.
2022-07-01T05:39:10.264157Z 0 [Warning] Gtid table is not ready to be used. Table 'mysql.gtid_executed' cannot be opened.
2022-07-01T05:39:11.407243Z 0 [Warning] CA certificate ca.pem is self signed.
2022-07-01T05:39:11.538580Z 1 [Warning] root@localhost is created with an empty password ! Please consider switching off the --initialize-insecure option.
2022-07-01T05:39:16.200211Z 1 [ERROR] 7  Error on rename of './sys/x@0024innodb_buffer_stats_by_table.frm~' to './sys/x@0024innodb_buffer_stats_by_table.frm' (Errcode: 13 - Permission denied)
2022-07-01T05:39:16.205266Z 0 [ERROR] Aborting

2022-07-01T05:39:19.050785Z 0 [Warning] 'NO_AUTO_CREATE_USER' sql mode was not set.
2022-07-01T05:39:19.053892Z 0 [Note] mysqld (mysqld 5.7.28-log) starting as process 1 ...
2022-07-01T05:39:19.057759Z 0 [Warning] Setting lower_case_table_names=2 because file system for /var/lib/mysql/ is case insensitive
2022-07-01T05:39:19.061531Z 0 [Note] InnoDB: PUNCH HOLE support available
2022-07-01T05:39:19.062105Z 0 [Note] InnoDB: Mutexes and rw_locks use GCC atomic builtins
2022-07-01T05:39:19.062686Z 0 [Note] InnoDB: Uses event mutexes
2022-07-01T05:39:19.066866Z 0 [Note] InnoDB: GCC builtin __atomic_thread_fence() is used for memory barrier
2022-07-01T05:39:19.067845Z 0 [Note] InnoDB: Compressed tables use zlib 1.2.11
2022-07-01T05:39:19.068702Z 0 [Note] InnoDB: Using Linux native AIO
2022-07-01T05:39:19.069965Z 0 [Note] InnoDB: Number of pools: 1
2022-07-01T05:39:19.070465Z 0 [Note] InnoDB: Using CPU crc32 instructions
2022-07-01T05:39:19.073626Z 0 [Note] InnoDB: Initializing buffer pool, total size = 128M, instances = 1, chunk size = 128M
2022-07-01T05:39:19.083008Z 0 [Note] InnoDB: Completed initialization of buffer pool
2022-07-01T05:39:19.085983Z 0 [Note] InnoDB: If the mysqld execution user is authorized, page cleaner thread priority can be changed. See the man page of setpriority().
2022-07-01T05:39:19.111022Z 0 [Note] InnoDB: Highest supported file format is Barracuda.
2022-07-01T05:39:19.146919Z 0 [Note] InnoDB: Creating shared tablespace for temporary tables
2022-07-01T05:39:19.147785Z 0 [Note] InnoDB: Setting file './ibtmp1' size to 12 MB. Physically writing the file full; Please wait ...
2022-07-01T05:39:19.302345Z 0 [Note] InnoDB: File './ibtmp1' size is now 12 MB.
2022-07-01T05:39:19.306088Z 0 [Note] InnoDB: 96 redo rollback segment(s) found. 96 redo rollback segment(s) are active.
2022-07-01T05:39:19.306550Z 0 [Note] InnoDB: 32 non-redo rollback segment(s) are active.
2022-07-01T05:39:19.307545Z 0 [Note] InnoDB: 5.7.28 started; log sequence number 2628564
2022-07-01T05:39:19.307969Z 0 [Note] InnoDB: Loading buffer pool(s) from /var/lib/mysql/ib_buffer_pool
2022-07-01T05:39:19.308185Z 0 [Note] Plugin 'FEDERATED' is disabled.
2022-07-01T05:39:19.317542Z 0 [Note] InnoDB: Buffer pool(s) load completed at 220701 13:39:19
2022-07-01T05:39:19.323750Z 0 [Note] Found ca.pem, server-cert.pem and server-key.pem in data directory. Trying to enable SSL support using them.
2022-07-01T05:39:19.324088Z 0 [Note] Skipping generation of SSL certificates as certificate files are present in data directory.
2022-07-01T05:39:19.327163Z 0 [Warning] CA certificate ca.pem is self signed.
2022-07-01T05:39:19.327850Z 0 [Note] Skipping generation of RSA key pair as key files are present in data directory.
2022-07-01T05:39:19.329683Z 0 [Note] Server hostname (bind-address): '*'; port: 3306
2022-07-01T05:39:19.330050Z 0 [Note] IPv6 is available.
2022-07-01T05:39:19.330376Z 0 [Note]   - '::' resolves to '::';
2022-07-01T05:39:19.330816Z 0 [Note] Server socket created on IP: '::'.
2022-07-01T05:39:19.334075Z 0 [Warning] Insecure configuration for --pid-file: Location '/var/run/mysqld' in the path is accessible to all OS users. Consider choosing a different directory.
2022-07-01T05:39:19.419035Z 0 [Note] Event Scheduler: Loaded 0 events
2022-07-01T05:39:19.420129Z 0 [Note] mysqld: ready for connections.
Version: '5.7.28-log'  socket: '/var/run/mysqld/mysqld.sock'  port: 3306  MySQL Community Server (GPL)
2022-07-01T05:43:45.480085Z 0 [Note] Giving 0 client threads a chance to die gracefully
2022-07-01T05:43:45.480466Z 0 [Note] Shutting down slave threads
2022-07-01T05:43:45.481183Z 0 [Note] Forcefully disconnecting 0 remaining clients
2022-07-01T05:43:45.481406Z 0 [Note] Event Scheduler: Purging the queue. 0 events
2022-07-01T05:43:45.481876Z 0 [Note] Binlog end
2022-07-01T05:43:45.490710Z 0 [Note] Shutting down plugin 'ngram'
2022-07-01T05:43:45.491101Z 0 [Note] Shutting down plugin 'partition'
2022-07-01T05:43:45.491477Z 0 [Note] Shutting down plugin 'BLACKHOLE'
2022-07-01T05:43:45.491902Z 0 [Note] Shutting down plugin 'ARCHIVE'
2022-07-01T05:43:45.492241Z 0 [Note] Shutting down plugin 'PERFORMANCE_SCHEMA'
2022-07-01T05:43:45.492529Z 0 [Note] Shutting down plugin 'MRG_MYISAM'
2022-07-01T05:43:45.492782Z 0 [Note] Shutting down plugin 'MyISAM'
2022-07-01T05:43:45.493139Z 0 [Note] Shutting down plugin 'INNODB_SYS_VIRTUAL'
2022-07-01T05:43:45.493632Z 0 [Note] Shutting down plugin 'INNODB_SYS_DATAFILES'
2022-07-01T05:43:45.493960Z 0 [Note] Shutting down plugin 'INNODB_SYS_TABLESPACES'
2022-07-01T05:43:45.494245Z 0 [Note] Shutting down plugin 'INNODB_SYS_FOREIGN_COLS'
2022-07-01T05:43:45.494510Z 0 [Note] Shutting down plugin 'INNODB_SYS_FOREIGN'
2022-07-01T05:43:45.494782Z 0 [Note] Shutting down plugin 'INNODB_SYS_FIELDS'
2022-07-01T05:43:45.495017Z 0 [Note] Shutting down plugin 'INNODB_SYS_COLUMNS'
2022-07-01T05:43:45.495263Z 0 [Note] Shutting down plugin 'INNODB_SYS_INDEXES'
2022-07-01T05:43:45.495572Z 0 [Note] Shutting down plugin 'INNODB_SYS_TABLESTATS'
2022-07-01T05:43:45.495826Z 0 [Note] Shutting down plugin 'INNODB_SYS_TABLES'
2022-07-01T05:43:45.496094Z 0 [Note] Shutting down plugin 'INNODB_FT_INDEX_TABLE'
2022-07-01T05:43:45.496538Z 0 [Note] Shutting down plugin 'INNODB_FT_INDEX_CACHE'
2022-07-01T05:43:45.496950Z 0 [Note] Shutting down plugin 'INNODB_FT_CONFIG'
2022-07-01T05:43:45.497354Z 0 [Note] Shutting down plugin 'INNODB_FT_BEING_DELETED'
2022-07-01T05:43:45.497602Z 0 [Note] Shutting down plugin 'INNODB_FT_DELETED'
2022-07-01T05:43:45.497847Z 0 [Note] Shutting down plugin 'INNODB_FT_DEFAULT_STOPWORD'
2022-07-01T05:43:45.498082Z 0 [Note] Shutting down plugin 'INNODB_METRICS'
2022-07-01T05:43:45.498307Z 0 [Note] Shutting down plugin 'INNODB_TEMP_TABLE_INFO'
2022-07-01T05:43:45.498529Z 0 [Note] Shutting down plugin 'INNODB_BUFFER_POOL_STATS'
2022-07-01T05:43:45.498816Z 0 [Note] Shutting down plugin 'INNODB_BUFFER_PAGE_LRU'
2022-07-01T05:43:45.499044Z 0 [Note] Shutting down plugin 'INNODB_BUFFER_PAGE'
2022-07-01T05:43:45.499261Z 0 [Note] Shutting down plugin 'INNODB_CMP_PER_INDEX_RESET'
2022-07-01T05:43:45.499480Z 0 [Note] Shutting down plugin 'INNODB_CMP_PER_INDEX'
2022-07-01T05:43:45.499894Z 0 [Note] Shutting down plugin 'INNODB_CMPMEM_RESET'
2022-07-01T05:43:45.500135Z 0 [Note] Shutting down plugin 'INNODB_CMPMEM'
2022-07-01T05:43:45.500377Z 0 [Note] Shutting down plugin 'INNODB_CMP_RESET'
2022-07-01T05:43:45.500611Z 0 [Note] Shutting down plugin 'INNODB_CMP'
2022-07-01T05:43:45.500916Z 0 [Note] Shutting down plugin 'INNODB_LOCK_WAITS'
2022-07-01T05:43:45.501154Z 0 [Note] Shutting down plugin 'INNODB_LOCKS'
2022-07-01T05:43:45.501448Z 0 [Note] Shutting down plugin 'INNODB_TRX'
2022-07-01T05:43:45.501685Z 0 [Note] Shutting down plugin 'InnoDB'
2022-07-01T05:43:45.502199Z 0 [Note] InnoDB: FTS optimize thread exiting.
2022-07-01T05:43:45.502662Z 0 [Note] InnoDB: Starting shutdown...
2022-07-01T05:43:45.603990Z 0 [Note] InnoDB: Dumping buffer pool(s) to /var/lib/mysql/ib_buffer_pool
2022-07-01T05:43:45.607082Z 0 [Note] InnoDB: Buffer pool(s) dump completed at 220701 13:43:45
2022-07-01T05:43:47.323896Z 0 [Note] InnoDB: Shutdown completed; log sequence number 2628592
2022-07-01T05:43:47.325347Z 0 [Note] InnoDB: Removed temporary tablespace data file: "ibtmp1"
2022-07-01T05:43:47.326014Z 0 [Note] Shutting down plugin 'MEMORY'
2022-07-01T05:43:47.326510Z 0 [Note] Shutting down plugin 'CSV'
2022-07-01T05:43:47.326960Z 0 [Note] Shutting down plugin 'sha256_password'
2022-07-01T05:43:47.327373Z 0 [Note] Shutting down plugin 'mysql_native_password'
2022-07-01T05:43:47.328011Z 0 [Note] Shutting down plugin 'binlog'
2022-07-01T05:43:47.333660Z 0 [Note] mysqld: Shutdown complete

